INFO  @ Fri, 20 Sep 2024 17:34:44: Parameters: /Users/samgould/opt/anaconda3/envs/mageckenv/bin/mageck test -k ABE_bc_counts.txt -t bonemarrow1,bonemarrow2,bonemarrow3,bonemarrow4,bonemarrow5 -c input_rep1,input_rep2,input_rep3 --normcounts-to-file -n ABE_bonemarrow_input 
INFO  @ Fri, 20 Sep 2024 17:34:44: Welcome to MAGeCK v0.5.9.5. Command: test 
INFO  @ Fri, 20 Sep 2024 17:34:44: Loading count table from ABE_bc_counts.txt  
INFO  @ Fri, 20 Sep 2024 17:34:44: Processing 1 lines.. 
DEBUG @ Fri, 20 Sep 2024 17:34:44: Parsing error in line 1 (usually the header line). Skip this line. 
INFO  @ Fri, 20 Sep 2024 17:34:44: Loaded 1070 records. 
INFO  @ Fri, 20 Sep 2024 17:34:44: Loading Rnw template file: /Users/samgould/opt/anaconda3/envs/mageckenv/lib/python3.10/site-packages/mageck/test_report.Rmd. 
DEBUG @ Fri, 20 Sep 2024 17:34:44: Setting up the visualization module... 
INFO  @ Fri, 20 Sep 2024 17:34:44: Loading R template file: /Users/samgould/opt/anaconda3/envs/mageckenv/lib/python3.10/site-packages/mageck/plot_template.RTemplate. 
INFO  @ Fri, 20 Sep 2024 17:34:44: Loading R template file: /Users/samgould/opt/anaconda3/envs/mageckenv/lib/python3.10/site-packages/mageck/plot_template_indvgene.RTemplate. 
INFO  @ Fri, 20 Sep 2024 17:34:44: Loading Rnw template file: /Users/samgould/opt/anaconda3/envs/mageckenv/lib/python3.10/site-packages/mageck/plot_template.Rnw. 
DEBUG @ Fri, 20 Sep 2024 17:34:44: Setting up the visualization module... 
DEBUG @ Fri, 20 Sep 2024 17:34:44: Given sample labels: bonemarrow1,bonemarrow2,bonemarrow3,bonemarrow4,bonemarrow5 
DEBUG @ Fri, 20 Sep 2024 17:34:44: Converted index: 4 5 6 7 8 
INFO  @ Fri, 20 Sep 2024 17:34:44: Treatment samples:bonemarrow1,bonemarrow2,bonemarrow3,bonemarrow4,bonemarrow5 
INFO  @ Fri, 20 Sep 2024 17:34:44: Treatment sample index:4,5,6,7,8 
DEBUG @ Fri, 20 Sep 2024 17:34:44: Given sample labels: input_rep1,input_rep2,input_rep3 
DEBUG @ Fri, 20 Sep 2024 17:34:44: Converted index: 14 15 16 
INFO  @ Fri, 20 Sep 2024 17:34:44: Control samples:input_rep1,input_rep2,input_rep3 
INFO  @ Fri, 20 Sep 2024 17:34:44: Control sample index:14,15,16 
DEBUG @ Fri, 20 Sep 2024 17:34:44: Initial (total) size factor: 2.0816129099249605 1.2350603077681335 1.1683219062765495 0.7244320303484628 0.5765532877644736 0.806829422518281 1.6097600472517943 1.1382637842666687 
DEBUG @ Fri, 20 Sep 2024 17:34:44: Median factor: 1.918411702609896 0.9150251132431887 0.9324113637298223 0.7066976141213409 0.5368763586972233 0.8245148344274392 1.8486679282054594 1.0756310180594066 
INFO  @ Fri, 20 Sep 2024 17:34:44: Final size factor: 1.918411702609896 0.9150251132431887 0.9324113637298223 0.7066976141213409 0.5368763586972233 0.8245148344274392 1.8486679282054594 1.0756310180594066 
INFO  @ Fri, 20 Sep 2024 17:34:44: Writing normalized read counts to ABE_bonemarrow_input.normalized.txt 
INFO  @ Fri, 20 Sep 2024 17:34:44: Detecting outliers from variance estimation.. Avg read count:[610.5169037628768], Var: [186666.62488461952] 
DEBUG @ Fri, 20 Sep 2024 17:34:44: Adjusted model: 1.9687209042527019	0 
INFO  @ Fri, 20 Sep 2024 17:34:44: Before RRA, 2 sgRNAs are removed with zero counts in both group(s). 
INFO  @ Fri, 20 Sep 2024 17:34:44: Use qnorm to reversely calculate sgRNA scores ... 
DEBUG @ Fri, 20 Sep 2024 17:34:44: lower test FDR cutoff: 0.2050561797752809 
DEBUG @ Fri, 20 Sep 2024 17:34:44: higher test FDR cutoff: 0.1750936329588015 
INFO  @ Fri, 20 Sep 2024 17:34:44: Running command: RRA -i ABE_bonemarrow_input.plow.txt -o ABE_bonemarrow_input.gene.low.txt -p 0.2050561797752809 --skip-gene NA --skip-gene na  
INFO  @ Fri, 20 Sep 2024 17:34:46: Command message: 
INFO  @ Fri, 20 Sep 2024 17:34:46:   Welcome to RRA v 0.5.9. 
INFO  @ Fri, 20 Sep 2024 17:34:46:   Skipping gene NA for permutation ... 
INFO  @ Fri, 20 Sep 2024 17:34:46:   Skipping gene na for permutation ... 
INFO  @ Fri, 20 Sep 2024 17:34:46:   Reading input file... 
INFO  @ Fri, 20 Sep 2024 17:34:46:   Summary: 1068 sgRNAs, 230 genes, 1 lists; skipped sgRNAs:0 
INFO  @ Fri, 20 Sep 2024 17:34:46:   Computing lo-values for each group... 
INFO  @ Fri, 20 Sep 2024 17:34:46:   Computing false discovery rate... 
INFO  @ Fri, 20 Sep 2024 17:34:46:   Increase the number of permutations to 435 to get precise p values. To avoid this, use the --permutation option. 
INFO  @ Fri, 20 Sep 2024 17:34:46:   Permuting genes with 1 sgRNAs... 
INFO  @ Fri, 20 Sep 2024 17:34:46:   Permuting genes with 2 sgRNAs... 
INFO  @ Fri, 20 Sep 2024 17:34:46:   Permuting genes with 3 sgRNAs... 
INFO  @ Fri, 20 Sep 2024 17:34:46:   Permuting genes with 4 sgRNAs... 
INFO  @ Fri, 20 Sep 2024 17:34:46:   Permuting genes with 5 sgRNAs... 
INFO  @ Fri, 20 Sep 2024 17:34:46:   Permuting genes with 6 sgRNAs... 
INFO  @ Fri, 20 Sep 2024 17:34:46:   Permuting genes with 7 sgRNAs... 
INFO  @ Fri, 20 Sep 2024 17:34:46:   Permuting genes with 8 sgRNAs... 
INFO  @ Fri, 20 Sep 2024 17:34:46:   Permuting genes with 9 sgRNAs... 
INFO  @ Fri, 20 Sep 2024 17:34:46:   Permuting genes with 10 sgRNAs... 
INFO  @ Fri, 20 Sep 2024 17:34:46:   Permuting genes with 11 sgRNAs... 
INFO  @ Fri, 20 Sep 2024 17:34:46:   Permuting genes with 12 sgRNAs... 
INFO  @ Fri, 20 Sep 2024 17:34:46:   Permuting genes with 13 sgRNAs... 
INFO  @ Fri, 20 Sep 2024 17:34:46:   Permuting genes with 15 sgRNAs... 
INFO  @ Fri, 20 Sep 2024 17:34:46:   Permuting genes with 17 sgRNAs... 
INFO  @ Fri, 20 Sep 2024 17:34:46:   Permuting genes with 18 sgRNAs... 
INFO  @ Fri, 20 Sep 2024 17:34:46:   Permuting genes with 21 sgRNAs... 
INFO  @ Fri, 20 Sep 2024 17:34:46:   Permuting genes with 26 sgRNAs... 
INFO  @ Fri, 20 Sep 2024 17:34:46:   Permuting genes with 27 sgRNAs... 
INFO  @ Fri, 20 Sep 2024 17:34:46:   Permuting genes with 35 sgRNAs... 
INFO  @ Fri, 20 Sep 2024 17:34:46:   Permuting genes with 64 sgRNAs... 
INFO  @ Fri, 20 Sep 2024 17:34:46:   Number of genes under FDR adjustment: 230 
INFO  @ Fri, 20 Sep 2024 17:34:46:   Saving to output file... 
INFO  @ Fri, 20 Sep 2024 17:34:46:   RRA completed. 
INFO  @ Fri, 20 Sep 2024 17:34:46:   Groups deletion complete. 
INFO  @ Fri, 20 Sep 2024 17:34:46:   Lists deletion complete. 
INFO  @ Fri, 20 Sep 2024 17:34:46:    
INFO  @ Fri, 20 Sep 2024 17:34:46: End command message. 
INFO  @ Fri, 20 Sep 2024 17:34:46: Running command: RRA -i ABE_bonemarrow_input.phigh.txt -o ABE_bonemarrow_input.gene.high.txt -p 0.1750936329588015 --skip-gene NA --skip-gene na  
INFO  @ Fri, 20 Sep 2024 17:34:47: Command message: 
INFO  @ Fri, 20 Sep 2024 17:34:47:   Welcome to RRA v 0.5.9. 
INFO  @ Fri, 20 Sep 2024 17:34:47:   Skipping gene NA for permutation ... 
INFO  @ Fri, 20 Sep 2024 17:34:47:   Skipping gene na for permutation ... 
INFO  @ Fri, 20 Sep 2024 17:34:47:   Reading input file... 
INFO  @ Fri, 20 Sep 2024 17:34:47:   Summary: 1068 sgRNAs, 230 genes, 1 lists; skipped sgRNAs:0 
INFO  @ Fri, 20 Sep 2024 17:34:47:   Computing lo-values for each group... 
INFO  @ Fri, 20 Sep 2024 17:34:47:   Computing false discovery rate... 
INFO  @ Fri, 20 Sep 2024 17:34:47:   Increase the number of permutations to 435 to get precise p values. To avoid this, use the --permutation option. 
INFO  @ Fri, 20 Sep 2024 17:34:47:   Permuting genes with 1 sgRNAs... 
INFO  @ Fri, 20 Sep 2024 17:34:47:   Permuting genes with 2 sgRNAs... 
INFO  @ Fri, 20 Sep 2024 17:34:47:   Permuting genes with 3 sgRNAs... 
INFO  @ Fri, 20 Sep 2024 17:34:47:   Permuting genes with 4 sgRNAs... 
INFO  @ Fri, 20 Sep 2024 17:34:47:   Permuting genes with 5 sgRNAs... 
INFO  @ Fri, 20 Sep 2024 17:34:47:   Permuting genes with 6 sgRNAs... 
INFO  @ Fri, 20 Sep 2024 17:34:47:   Permuting genes with 7 sgRNAs... 
INFO  @ Fri, 20 Sep 2024 17:34:47:   Permuting genes with 8 sgRNAs... 
INFO  @ Fri, 20 Sep 2024 17:34:47:   Permuting genes with 9 sgRNAs... 
INFO  @ Fri, 20 Sep 2024 17:34:47:   Permuting genes with 10 sgRNAs... 
INFO  @ Fri, 20 Sep 2024 17:34:47:   Permuting genes with 11 sgRNAs... 
INFO  @ Fri, 20 Sep 2024 17:34:47:   Permuting genes with 12 sgRNAs... 
INFO  @ Fri, 20 Sep 2024 17:34:47:   Permuting genes with 13 sgRNAs... 
INFO  @ Fri, 20 Sep 2024 17:34:47:   Permuting genes with 15 sgRNAs... 
INFO  @ Fri, 20 Sep 2024 17:34:47:   Permuting genes with 17 sgRNAs... 
INFO  @ Fri, 20 Sep 2024 17:34:47:   Permuting genes with 18 sgRNAs... 
INFO  @ Fri, 20 Sep 2024 17:34:47:   Permuting genes with 21 sgRNAs... 
INFO  @ Fri, 20 Sep 2024 17:34:47:   Permuting genes with 26 sgRNAs... 
INFO  @ Fri, 20 Sep 2024 17:34:47:   Permuting genes with 27 sgRNAs... 
INFO  @ Fri, 20 Sep 2024 17:34:47:   Permuting genes with 35 sgRNAs... 
INFO  @ Fri, 20 Sep 2024 17:34:47:   Permuting genes with 64 sgRNAs... 
INFO  @ Fri, 20 Sep 2024 17:34:47:   Number of genes under FDR adjustment: 230 
INFO  @ Fri, 20 Sep 2024 17:34:47:   Saving to output file... 
INFO  @ Fri, 20 Sep 2024 17:34:47:   RRA completed. 
INFO  @ Fri, 20 Sep 2024 17:34:47:   Groups deletion complete. 
INFO  @ Fri, 20 Sep 2024 17:34:47:   Lists deletion complete. 
INFO  @ Fri, 20 Sep 2024 17:34:47:    
INFO  @ Fri, 20 Sep 2024 17:34:47: End command message. 
DEBUG @ Fri, 20 Sep 2024 17:34:47: Sorting the merged items by negative selection... 
INFO  @ Fri, 20 Sep 2024 17:34:47: Loading top 10 genes from ABE_bonemarrow_input.gene.low.txt: Vhl,Smarca4,Arid1a,Ctnnb1,Traf7,non_target,Crebbp,Cbl,Rhoa,Cdk8 
DEBUG @ Fri, 20 Sep 2024 17:34:47: Column index:3 
INFO  @ Fri, 20 Sep 2024 17:34:47: Loading top 10 genes from ABE_bonemarrow_input.gene.high.txt: Myd88,Keap1,Syk,Rbm10,Arid5b,Ep300,Smo,Erbb3,Ret,Lck 
DEBUG @ Fri, 20 Sep 2024 17:34:47: Column index:9 
INFO  @ Fri, 20 Sep 2024 17:34:47: Running command: rm ABE_bonemarrow_input.plow.txt 
INFO  @ Fri, 20 Sep 2024 17:34:47: Running command: rm ABE_bonemarrow_input.phigh.txt 
INFO  @ Fri, 20 Sep 2024 17:34:47: Running command: rm ABE_bonemarrow_input.gene.low.txt 
INFO  @ Fri, 20 Sep 2024 17:34:47: Running command: rm ABE_bonemarrow_input.gene.high.txt 
