INFO  @ Fri, 20 Sep 2024 17:31:59: Parameters: /Users/samgould/opt/anaconda3/envs/mageckenv/bin/mageck test -k ABE_bc_counts.txt -t d5_rep1,d5_rep2,d5_rep3 -c input_rep1,input_rep2,input_rep3 --normcounts-to-file -n ABE_d5_input 
INFO  @ Fri, 20 Sep 2024 17:31:59: Welcome to MAGeCK v0.5.9.5. Command: test 
INFO  @ Fri, 20 Sep 2024 17:31:59: Loading count table from ABE_bc_counts.txt  
INFO  @ Fri, 20 Sep 2024 17:31:59: Processing 1 lines.. 
DEBUG @ Fri, 20 Sep 2024 17:31:59: Parsing error in line 1 (usually the header line). Skip this line. 
INFO  @ Fri, 20 Sep 2024 17:31:59: Loaded 1070 records. 
INFO  @ Fri, 20 Sep 2024 17:31:59: Loading Rnw template file: /Users/samgould/opt/anaconda3/envs/mageckenv/lib/python3.10/site-packages/mageck/test_report.Rmd. 
DEBUG @ Fri, 20 Sep 2024 17:31:59: Setting up the visualization module... 
INFO  @ Fri, 20 Sep 2024 17:31:59: Loading R template file: /Users/samgould/opt/anaconda3/envs/mageckenv/lib/python3.10/site-packages/mageck/plot_template.RTemplate. 
INFO  @ Fri, 20 Sep 2024 17:31:59: Loading R template file: /Users/samgould/opt/anaconda3/envs/mageckenv/lib/python3.10/site-packages/mageck/plot_template_indvgene.RTemplate. 
INFO  @ Fri, 20 Sep 2024 17:31:59: Loading Rnw template file: /Users/samgould/opt/anaconda3/envs/mageckenv/lib/python3.10/site-packages/mageck/plot_template.Rnw. 
DEBUG @ Fri, 20 Sep 2024 17:31:59: Setting up the visualization module... 
DEBUG @ Fri, 20 Sep 2024 17:31:59: Given sample labels: d5_rep1,d5_rep2,d5_rep3 
DEBUG @ Fri, 20 Sep 2024 17:31:59: Converted index: 17 18 19 
INFO  @ Fri, 20 Sep 2024 17:31:59: Treatment samples:d5_rep1,d5_rep2,d5_rep3 
INFO  @ Fri, 20 Sep 2024 17:31:59: Treatment sample index:17,18,19 
DEBUG @ Fri, 20 Sep 2024 17:31:59: Given sample labels: input_rep1,input_rep2,input_rep3 
DEBUG @ Fri, 20 Sep 2024 17:31:59: Converted index: 14 15 16 
INFO  @ Fri, 20 Sep 2024 17:31:59: Control samples:input_rep1,input_rep2,input_rep3 
INFO  @ Fri, 20 Sep 2024 17:31:59: Control sample index:14,15,16 
DEBUG @ Fri, 20 Sep 2024 17:31:59: Initial (total) size factor: 1.746719138907605 1.0363614997763844 0.9803600969076579 0.8366657198194285 0.8091516465317402 0.9886622870029342 
DEBUG @ Fri, 20 Sep 2024 17:31:59: Median factor: 1.9098758071932576 0.9368437515322078 0.942376002130654 0.7907922644500183 0.7567538568264525 0.916853629208555 
INFO  @ Fri, 20 Sep 2024 17:31:59: Final size factor: 1.9098758071932576 0.9368437515322078 0.942376002130654 0.7907922644500183 0.7567538568264525 0.916853629208555 
INFO  @ Fri, 20 Sep 2024 17:31:59: Writing normalized read counts to ABE_d5_input.normalized.txt 
INFO  @ Fri, 20 Sep 2024 17:31:59: Detecting outliers from variance estimation.. Avg read count:[620.6589853900877], Var: [190189.87192020298] 
DEBUG @ Fri, 20 Sep 2024 17:31:59: Adjusted model: 1.9048383300340122	0 
INFO  @ Fri, 20 Sep 2024 17:31:59: Before RRA, 2 sgRNAs are removed with zero counts in both group(s). 
INFO  @ Fri, 20 Sep 2024 17:31:59: Use qnorm to reversely calculate sgRNA scores ... 
DEBUG @ Fri, 20 Sep 2024 17:31:59: lower test FDR cutoff: 0.08333333333333333 
DEBUG @ Fri, 20 Sep 2024 17:31:59: higher test FDR cutoff: 0.1348314606741573 
INFO  @ Fri, 20 Sep 2024 17:31:59: Running command: RRA -i ABE_d5_input.plow.txt -o ABE_d5_input.gene.low.txt -p 0.08333333333333333 --skip-gene NA --skip-gene na  
INFO  @ Fri, 20 Sep 2024 17:32:00: Command message: 
INFO  @ Fri, 20 Sep 2024 17:32:00:   Welcome to RRA v 0.5.9. 
INFO  @ Fri, 20 Sep 2024 17:32:00:   Skipping gene NA for permutation ... 
INFO  @ Fri, 20 Sep 2024 17:32:00:   Skipping gene na for permutation ... 
INFO  @ Fri, 20 Sep 2024 17:32:00:   Reading input file... 
INFO  @ Fri, 20 Sep 2024 17:32:00:   Summary: 1068 sgRNAs, 230 genes, 1 lists; skipped sgRNAs:0 
INFO  @ Fri, 20 Sep 2024 17:32:00:   Computing lo-values for each group... 
INFO  @ Fri, 20 Sep 2024 17:32:00:   Computing false discovery rate... 
INFO  @ Fri, 20 Sep 2024 17:32:00:   Increase the number of permutations to 435 to get precise p values. To avoid this, use the --permutation option. 
INFO  @ Fri, 20 Sep 2024 17:32:00:   Permuting genes with 1 sgRNAs... 
INFO  @ Fri, 20 Sep 2024 17:32:00:   Permuting genes with 2 sgRNAs... 
INFO  @ Fri, 20 Sep 2024 17:32:00:   Permuting genes with 3 sgRNAs... 
INFO  @ Fri, 20 Sep 2024 17:32:00:   Permuting genes with 4 sgRNAs... 
INFO  @ Fri, 20 Sep 2024 17:32:00:   Permuting genes with 5 sgRNAs... 
INFO  @ Fri, 20 Sep 2024 17:32:00:   Permuting genes with 6 sgRNAs... 
INFO  @ Fri, 20 Sep 2024 17:32:00:   Permuting genes with 7 sgRNAs... 
INFO  @ Fri, 20 Sep 2024 17:32:00:   Permuting genes with 8 sgRNAs... 
INFO  @ Fri, 20 Sep 2024 17:32:00:   Permuting genes with 9 sgRNAs... 
INFO  @ Fri, 20 Sep 2024 17:32:00:   Permuting genes with 10 sgRNAs... 
INFO  @ Fri, 20 Sep 2024 17:32:00:   Permuting genes with 11 sgRNAs... 
INFO  @ Fri, 20 Sep 2024 17:32:00:   Permuting genes with 12 sgRNAs... 
INFO  @ Fri, 20 Sep 2024 17:32:00:   Permuting genes with 13 sgRNAs... 
INFO  @ Fri, 20 Sep 2024 17:32:00:   Permuting genes with 15 sgRNAs... 
INFO  @ Fri, 20 Sep 2024 17:32:00:   Permuting genes with 17 sgRNAs... 
INFO  @ Fri, 20 Sep 2024 17:32:00:   Permuting genes with 18 sgRNAs... 
INFO  @ Fri, 20 Sep 2024 17:32:00:   Permuting genes with 21 sgRNAs... 
INFO  @ Fri, 20 Sep 2024 17:32:00:   Permuting genes with 26 sgRNAs... 
INFO  @ Fri, 20 Sep 2024 17:32:00:   Permuting genes with 27 sgRNAs... 
INFO  @ Fri, 20 Sep 2024 17:32:00:   Permuting genes with 35 sgRNAs... 
INFO  @ Fri, 20 Sep 2024 17:32:00:   Permuting genes with 64 sgRNAs... 
INFO  @ Fri, 20 Sep 2024 17:32:00:   Number of genes under FDR adjustment: 230 
INFO  @ Fri, 20 Sep 2024 17:32:00:   Saving to output file... 
INFO  @ Fri, 20 Sep 2024 17:32:00:   RRA completed. 
INFO  @ Fri, 20 Sep 2024 17:32:00:   Groups deletion complete. 
INFO  @ Fri, 20 Sep 2024 17:32:00:   Lists deletion complete. 
INFO  @ Fri, 20 Sep 2024 17:32:00:    
INFO  @ Fri, 20 Sep 2024 17:32:00: End command message. 
INFO  @ Fri, 20 Sep 2024 17:32:00: Running command: RRA -i ABE_d5_input.phigh.txt -o ABE_d5_input.gene.high.txt -p 0.1348314606741573 --skip-gene NA --skip-gene na  
INFO  @ Fri, 20 Sep 2024 17:32:02: Command message: 
INFO  @ Fri, 20 Sep 2024 17:32:02:   Welcome to RRA v 0.5.9. 
INFO  @ Fri, 20 Sep 2024 17:32:02:   Skipping gene NA for permutation ... 
INFO  @ Fri, 20 Sep 2024 17:32:02:   Skipping gene na for permutation ... 
INFO  @ Fri, 20 Sep 2024 17:32:02:   Reading input file... 
INFO  @ Fri, 20 Sep 2024 17:32:02:   Summary: 1068 sgRNAs, 230 genes, 1 lists; skipped sgRNAs:0 
INFO  @ Fri, 20 Sep 2024 17:32:02:   Computing lo-values for each group... 
INFO  @ Fri, 20 Sep 2024 17:32:02:   Computing false discovery rate... 
INFO  @ Fri, 20 Sep 2024 17:32:02:   Increase the number of permutations to 435 to get precise p values. To avoid this, use the --permutation option. 
INFO  @ Fri, 20 Sep 2024 17:32:02:   Permuting genes with 1 sgRNAs... 
INFO  @ Fri, 20 Sep 2024 17:32:02:   Permuting genes with 2 sgRNAs... 
INFO  @ Fri, 20 Sep 2024 17:32:02:   Permuting genes with 3 sgRNAs... 
INFO  @ Fri, 20 Sep 2024 17:32:02:   Permuting genes with 4 sgRNAs... 
INFO  @ Fri, 20 Sep 2024 17:32:02:   Permuting genes with 5 sgRNAs... 
INFO  @ Fri, 20 Sep 2024 17:32:02:   Permuting genes with 6 sgRNAs... 
INFO  @ Fri, 20 Sep 2024 17:32:02:   Permuting genes with 7 sgRNAs... 
INFO  @ Fri, 20 Sep 2024 17:32:02:   Permuting genes with 8 sgRNAs... 
INFO  @ Fri, 20 Sep 2024 17:32:02:   Permuting genes with 9 sgRNAs... 
INFO  @ Fri, 20 Sep 2024 17:32:02:   Permuting genes with 10 sgRNAs... 
INFO  @ Fri, 20 Sep 2024 17:32:02:   Permuting genes with 11 sgRNAs... 
INFO  @ Fri, 20 Sep 2024 17:32:02:   Permuting genes with 12 sgRNAs... 
INFO  @ Fri, 20 Sep 2024 17:32:02:   Permuting genes with 13 sgRNAs... 
INFO  @ Fri, 20 Sep 2024 17:32:02:   Permuting genes with 15 sgRNAs... 
INFO  @ Fri, 20 Sep 2024 17:32:02:   Permuting genes with 17 sgRNAs... 
INFO  @ Fri, 20 Sep 2024 17:32:02:   Permuting genes with 18 sgRNAs... 
INFO  @ Fri, 20 Sep 2024 17:32:02:   Permuting genes with 21 sgRNAs... 
INFO  @ Fri, 20 Sep 2024 17:32:02:   Permuting genes with 26 sgRNAs... 
INFO  @ Fri, 20 Sep 2024 17:32:02:   Permuting genes with 27 sgRNAs... 
INFO  @ Fri, 20 Sep 2024 17:32:02:   Permuting genes with 35 sgRNAs... 
INFO  @ Fri, 20 Sep 2024 17:32:02:   Permuting genes with 64 sgRNAs... 
INFO  @ Fri, 20 Sep 2024 17:32:02:   Number of genes under FDR adjustment: 230 
INFO  @ Fri, 20 Sep 2024 17:32:02:   Saving to output file... 
INFO  @ Fri, 20 Sep 2024 17:32:02:   RRA completed. 
INFO  @ Fri, 20 Sep 2024 17:32:02:   Groups deletion complete. 
INFO  @ Fri, 20 Sep 2024 17:32:02:   Lists deletion complete. 
INFO  @ Fri, 20 Sep 2024 17:32:02:    
INFO  @ Fri, 20 Sep 2024 17:32:02: End command message. 
DEBUG @ Fri, 20 Sep 2024 17:32:02: Sorting the merged items by negative selection... 
INFO  @ Fri, 20 Sep 2024 17:32:02: Loading top 10 genes from ABE_d5_input.gene.low.txt: Ctnnb1,Vhl,Smc1a,Ctcf,non_target,Smarca4,Ezh2,Bcor,Sh2b3,Arid1b 
DEBUG @ Fri, 20 Sep 2024 17:32:02: Column index:3 
INFO  @ Fri, 20 Sep 2024 17:32:02: Loading top 10 genes from ABE_d5_input.gene.high.txt: Ep300,Keap1,Tcf3,Kmt2d,Daxx,Inha,Runx1,Rbm10,Etv6,Ret 
DEBUG @ Fri, 20 Sep 2024 17:32:02: Column index:9 
INFO  @ Fri, 20 Sep 2024 17:32:02: Running command: rm ABE_d5_input.plow.txt 
INFO  @ Fri, 20 Sep 2024 17:32:02: Running command: rm ABE_d5_input.phigh.txt 
INFO  @ Fri, 20 Sep 2024 17:32:02: Running command: rm ABE_d5_input.gene.low.txt 
INFO  @ Fri, 20 Sep 2024 17:32:02: Running command: rm ABE_d5_input.gene.high.txt 
