INFO  @ Fri, 20 Sep 2024 17:34:59: Parameters: /Users/samgould/opt/anaconda3/envs/mageckenv/bin/mageck test -k ABE_bc_counts.txt -t meninges1,meninges2,meninges3,meninges4,meninges5 -c input_rep1,input_rep2,input_rep3 --normcounts-to-file -n ABE_meninges_input 
INFO  @ Fri, 20 Sep 2024 17:34:59: Welcome to MAGeCK v0.5.9.5. Command: test 
INFO  @ Fri, 20 Sep 2024 17:34:59: Loading count table from ABE_bc_counts.txt  
INFO  @ Fri, 20 Sep 2024 17:34:59: Processing 1 lines.. 
DEBUG @ Fri, 20 Sep 2024 17:34:59: Parsing error in line 1 (usually the header line). Skip this line. 
INFO  @ Fri, 20 Sep 2024 17:34:59: Loaded 1070 records. 
INFO  @ Fri, 20 Sep 2024 17:34:59: Loading Rnw template file: /Users/samgould/opt/anaconda3/envs/mageckenv/lib/python3.10/site-packages/mageck/test_report.Rmd. 
DEBUG @ Fri, 20 Sep 2024 17:34:59: Setting up the visualization module... 
INFO  @ Fri, 20 Sep 2024 17:34:59: Loading R template file: /Users/samgould/opt/anaconda3/envs/mageckenv/lib/python3.10/site-packages/mageck/plot_template.RTemplate. 
INFO  @ Fri, 20 Sep 2024 17:34:59: Loading R template file: /Users/samgould/opt/anaconda3/envs/mageckenv/lib/python3.10/site-packages/mageck/plot_template_indvgene.RTemplate. 
INFO  @ Fri, 20 Sep 2024 17:34:59: Loading Rnw template file: /Users/samgould/opt/anaconda3/envs/mageckenv/lib/python3.10/site-packages/mageck/plot_template.Rnw. 
DEBUG @ Fri, 20 Sep 2024 17:34:59: Setting up the visualization module... 
DEBUG @ Fri, 20 Sep 2024 17:34:59: Given sample labels: meninges1,meninges2,meninges3,meninges4,meninges5 
DEBUG @ Fri, 20 Sep 2024 17:34:59: Converted index: 9 10 11 12 13 
INFO  @ Fri, 20 Sep 2024 17:34:59: Treatment samples:meninges1,meninges2,meninges3,meninges4,meninges5 
INFO  @ Fri, 20 Sep 2024 17:34:59: Treatment sample index:9,10,11,12,13 
DEBUG @ Fri, 20 Sep 2024 17:34:59: Given sample labels: input_rep1,input_rep2,input_rep3 
DEBUG @ Fri, 20 Sep 2024 17:34:59: Converted index: 14 15 16 
INFO  @ Fri, 20 Sep 2024 17:34:59: Control samples:input_rep1,input_rep2,input_rep3 
INFO  @ Fri, 20 Sep 2024 17:34:59: Control sample index:14,15,16 
DEBUG @ Fri, 20 Sep 2024 17:34:59: Initial (total) size factor: 1.5546975231440887 0.9224314435530243 0.8725864281791997 1.304234595312391 1.4349016511448123 0.8211397087947779 0.7038998469470374 0.9760315323015234 
DEBUG @ Fri, 20 Sep 2024 17:34:59: Median factor: 1.1939976846803864 0.5724497380995712 0.6134780887005611 1.3921731136003967 1.661180734240297 1.20898559821991 0.6957443030112146 1.1910643762313642 
INFO  @ Fri, 20 Sep 2024 17:34:59: Final size factor: 1.1939976846803864 0.5724497380995712 0.6134780887005611 1.3921731136003967 1.661180734240297 1.20898559821991 0.6957443030112146 1.1910643762313642 
INFO  @ Fri, 20 Sep 2024 17:34:59: Writing normalized read counts to ABE_meninges_input.normalized.txt 
INFO  @ Fri, 20 Sep 2024 17:34:59: Detecting outliers from variance estimation.. Avg read count:[391.82186962741264], Var: [79608.99921368391] 
INFO  @ Fri, 20 Sep 2024 17:34:59: Skipping 1 sgRNAs from variance calculation because of their extreme high counts (> 4* STD (mean counts) ). 
DEBUG @ Fri, 20 Sep 2024 17:34:59: Adjusted model: 2.0154743217229854	0 
INFO  @ Fri, 20 Sep 2024 17:34:59: Before RRA, 2 sgRNAs are removed with zero counts in both group(s). 
INFO  @ Fri, 20 Sep 2024 17:34:59: Use qnorm to reversely calculate sgRNA scores ... 
DEBUG @ Fri, 20 Sep 2024 17:34:59: lower test FDR cutoff: 0.299625468164794 
DEBUG @ Fri, 20 Sep 2024 17:34:59: higher test FDR cutoff: 0.1947565543071161 
INFO  @ Fri, 20 Sep 2024 17:34:59: Running command: RRA -i ABE_meninges_input.plow.txt -o ABE_meninges_input.gene.low.txt -p 0.299625468164794 --skip-gene NA --skip-gene na  
INFO  @ Fri, 20 Sep 2024 17:35:02: Command message: 
INFO  @ Fri, 20 Sep 2024 17:35:02:   Welcome to RRA v 0.5.9. 
INFO  @ Fri, 20 Sep 2024 17:35:02:   Skipping gene NA for permutation ... 
INFO  @ Fri, 20 Sep 2024 17:35:02:   Skipping gene na for permutation ... 
INFO  @ Fri, 20 Sep 2024 17:35:02:   Reading input file... 
INFO  @ Fri, 20 Sep 2024 17:35:02:   Summary: 1068 sgRNAs, 230 genes, 1 lists; skipped sgRNAs:0 
INFO  @ Fri, 20 Sep 2024 17:35:02:   Computing lo-values for each group... 
INFO  @ Fri, 20 Sep 2024 17:35:02:   Computing false discovery rate... 
INFO  @ Fri, 20 Sep 2024 17:35:02:   Increase the number of permutations to 435 to get precise p values. To avoid this, use the --permutation option. 
INFO  @ Fri, 20 Sep 2024 17:35:02:   Permuting genes with 1 sgRNAs... 
INFO  @ Fri, 20 Sep 2024 17:35:02:   Permuting genes with 2 sgRNAs... 
INFO  @ Fri, 20 Sep 2024 17:35:02:   Permuting genes with 3 sgRNAs... 
INFO  @ Fri, 20 Sep 2024 17:35:02:   Permuting genes with 4 sgRNAs... 
INFO  @ Fri, 20 Sep 2024 17:35:02:   Permuting genes with 5 sgRNAs... 
INFO  @ Fri, 20 Sep 2024 17:35:02:   Permuting genes with 6 sgRNAs... 
INFO  @ Fri, 20 Sep 2024 17:35:02:   Permuting genes with 7 sgRNAs... 
INFO  @ Fri, 20 Sep 2024 17:35:02:   Permuting genes with 8 sgRNAs... 
INFO  @ Fri, 20 Sep 2024 17:35:02:   Permuting genes with 9 sgRNAs... 
INFO  @ Fri, 20 Sep 2024 17:35:02:   Permuting genes with 10 sgRNAs... 
INFO  @ Fri, 20 Sep 2024 17:35:02:   Permuting genes with 11 sgRNAs... 
INFO  @ Fri, 20 Sep 2024 17:35:02:   Permuting genes with 12 sgRNAs... 
INFO  @ Fri, 20 Sep 2024 17:35:02:   Permuting genes with 13 sgRNAs... 
INFO  @ Fri, 20 Sep 2024 17:35:02:   Permuting genes with 15 sgRNAs... 
INFO  @ Fri, 20 Sep 2024 17:35:02:   Permuting genes with 17 sgRNAs... 
INFO  @ Fri, 20 Sep 2024 17:35:02:   Permuting genes with 18 sgRNAs... 
INFO  @ Fri, 20 Sep 2024 17:35:02:   Permuting genes with 21 sgRNAs... 
INFO  @ Fri, 20 Sep 2024 17:35:02:   Permuting genes with 26 sgRNAs... 
INFO  @ Fri, 20 Sep 2024 17:35:02:   Permuting genes with 27 sgRNAs... 
INFO  @ Fri, 20 Sep 2024 17:35:02:   Permuting genes with 35 sgRNAs... 
INFO  @ Fri, 20 Sep 2024 17:35:02:   Permuting genes with 64 sgRNAs... 
INFO  @ Fri, 20 Sep 2024 17:35:02:   Number of genes under FDR adjustment: 230 
INFO  @ Fri, 20 Sep 2024 17:35:02:   Saving to output file... 
INFO  @ Fri, 20 Sep 2024 17:35:02:   RRA completed. 
INFO  @ Fri, 20 Sep 2024 17:35:02:   Groups deletion complete. 
INFO  @ Fri, 20 Sep 2024 17:35:02:   Lists deletion complete. 
INFO  @ Fri, 20 Sep 2024 17:35:02:    
INFO  @ Fri, 20 Sep 2024 17:35:02: End command message. 
INFO  @ Fri, 20 Sep 2024 17:35:02: Running command: RRA -i ABE_meninges_input.phigh.txt -o ABE_meninges_input.gene.high.txt -p 0.1947565543071161 --skip-gene NA --skip-gene na  
INFO  @ Fri, 20 Sep 2024 17:35:03: Command message: 
INFO  @ Fri, 20 Sep 2024 17:35:03:   Welcome to RRA v 0.5.9. 
INFO  @ Fri, 20 Sep 2024 17:35:03:   Skipping gene NA for permutation ... 
INFO  @ Fri, 20 Sep 2024 17:35:03:   Skipping gene na for permutation ... 
INFO  @ Fri, 20 Sep 2024 17:35:03:   Reading input file... 
INFO  @ Fri, 20 Sep 2024 17:35:03:   Summary: 1068 sgRNAs, 230 genes, 1 lists; skipped sgRNAs:0 
INFO  @ Fri, 20 Sep 2024 17:35:03:   Computing lo-values for each group... 
INFO  @ Fri, 20 Sep 2024 17:35:03:   Computing false discovery rate... 
INFO  @ Fri, 20 Sep 2024 17:35:03:   Increase the number of permutations to 435 to get precise p values. To avoid this, use the --permutation option. 
INFO  @ Fri, 20 Sep 2024 17:35:03:   Permuting genes with 1 sgRNAs... 
INFO  @ Fri, 20 Sep 2024 17:35:03:   Permuting genes with 2 sgRNAs... 
INFO  @ Fri, 20 Sep 2024 17:35:03:   Permuting genes with 3 sgRNAs... 
INFO  @ Fri, 20 Sep 2024 17:35:03:   Permuting genes with 4 sgRNAs... 
INFO  @ Fri, 20 Sep 2024 17:35:03:   Permuting genes with 5 sgRNAs... 
INFO  @ Fri, 20 Sep 2024 17:35:03:   Permuting genes with 6 sgRNAs... 
INFO  @ Fri, 20 Sep 2024 17:35:03:   Permuting genes with 7 sgRNAs... 
INFO  @ Fri, 20 Sep 2024 17:35:03:   Permuting genes with 8 sgRNAs... 
INFO  @ Fri, 20 Sep 2024 17:35:03:   Permuting genes with 9 sgRNAs... 
INFO  @ Fri, 20 Sep 2024 17:35:03:   Permuting genes with 10 sgRNAs... 
INFO  @ Fri, 20 Sep 2024 17:35:03:   Permuting genes with 11 sgRNAs... 
INFO  @ Fri, 20 Sep 2024 17:35:03:   Permuting genes with 12 sgRNAs... 
INFO  @ Fri, 20 Sep 2024 17:35:03:   Permuting genes with 13 sgRNAs... 
INFO  @ Fri, 20 Sep 2024 17:35:03:   Permuting genes with 15 sgRNAs... 
INFO  @ Fri, 20 Sep 2024 17:35:03:   Permuting genes with 17 sgRNAs... 
INFO  @ Fri, 20 Sep 2024 17:35:03:   Permuting genes with 18 sgRNAs... 
INFO  @ Fri, 20 Sep 2024 17:35:03:   Permuting genes with 21 sgRNAs... 
INFO  @ Fri, 20 Sep 2024 17:35:03:   Permuting genes with 26 sgRNAs... 
INFO  @ Fri, 20 Sep 2024 17:35:03:   Permuting genes with 27 sgRNAs... 
INFO  @ Fri, 20 Sep 2024 17:35:03:   Permuting genes with 35 sgRNAs... 
INFO  @ Fri, 20 Sep 2024 17:35:03:   Permuting genes with 64 sgRNAs... 
INFO  @ Fri, 20 Sep 2024 17:35:03:   Number of genes under FDR adjustment: 230 
INFO  @ Fri, 20 Sep 2024 17:35:03:   Saving to output file... 
INFO  @ Fri, 20 Sep 2024 17:35:03:   RRA completed. 
INFO  @ Fri, 20 Sep 2024 17:35:03:   Groups deletion complete. 
INFO  @ Fri, 20 Sep 2024 17:35:03:   Lists deletion complete. 
INFO  @ Fri, 20 Sep 2024 17:35:03:    
INFO  @ Fri, 20 Sep 2024 17:35:03: End command message. 
DEBUG @ Fri, 20 Sep 2024 17:35:03: Sorting the merged items by negative selection... 
INFO  @ Fri, 20 Sep 2024 17:35:03: Loading top 10 genes from ABE_meninges_input.gene.low.txt: Ctnnb1,non_target,Stat6,Ctcf,Traf7,Smarca4,Akt1,Arid1a,Arid1b,Vhl 
DEBUG @ Fri, 20 Sep 2024 17:35:03: Column index:3 
INFO  @ Fri, 20 Sep 2024 17:35:03: Loading top 10 genes from ABE_meninges_input.gene.high.txt: Rbm10,Keap1,Daxx,Map2k1,Raf1,Ncoa3,Tbl1xr1,Nkx2-1,Arid5b,Syk 
DEBUG @ Fri, 20 Sep 2024 17:35:03: Column index:9 
INFO  @ Fri, 20 Sep 2024 17:35:03: Running command: rm ABE_meninges_input.plow.txt 
INFO  @ Fri, 20 Sep 2024 17:35:03: Running command: rm ABE_meninges_input.phigh.txt 
INFO  @ Fri, 20 Sep 2024 17:35:03: Running command: rm ABE_meninges_input.gene.low.txt 
INFO  @ Fri, 20 Sep 2024 17:35:03: Running command: rm ABE_meninges_input.gene.high.txt 
