INFO  @ Fri, 20 Sep 2024 17:33:55: Parameters: /Users/samgould/opt/anaconda3/envs/mageckenv/bin/mageck test -k ABE_bc_counts.txt -t spleen1,spleen2,spleen3,spleen4 -c input_rep1,input_rep2,input_rep3 --normcounts-to-file -n ABE_spleen_input 
INFO  @ Fri, 20 Sep 2024 17:33:55: Welcome to MAGeCK v0.5.9.5. Command: test 
INFO  @ Fri, 20 Sep 2024 17:33:55: Loading count table from ABE_bc_counts.txt  
INFO  @ Fri, 20 Sep 2024 17:33:55: Processing 1 lines.. 
DEBUG @ Fri, 20 Sep 2024 17:33:55: Parsing error in line 1 (usually the header line). Skip this line. 
INFO  @ Fri, 20 Sep 2024 17:33:55: Loaded 1070 records. 
INFO  @ Fri, 20 Sep 2024 17:33:55: Loading Rnw template file: /Users/samgould/opt/anaconda3/envs/mageckenv/lib/python3.10/site-packages/mageck/test_report.Rmd. 
DEBUG @ Fri, 20 Sep 2024 17:33:55: Setting up the visualization module... 
INFO  @ Fri, 20 Sep 2024 17:33:55: Loading R template file: /Users/samgould/opt/anaconda3/envs/mageckenv/lib/python3.10/site-packages/mageck/plot_template.RTemplate. 
INFO  @ Fri, 20 Sep 2024 17:33:55: Loading R template file: /Users/samgould/opt/anaconda3/envs/mageckenv/lib/python3.10/site-packages/mageck/plot_template_indvgene.RTemplate. 
INFO  @ Fri, 20 Sep 2024 17:33:55: Loading Rnw template file: /Users/samgould/opt/anaconda3/envs/mageckenv/lib/python3.10/site-packages/mageck/plot_template.Rnw. 
DEBUG @ Fri, 20 Sep 2024 17:33:55: Setting up the visualization module... 
DEBUG @ Fri, 20 Sep 2024 17:33:55: Given sample labels: spleen1,spleen2,spleen3,spleen4 
DEBUG @ Fri, 20 Sep 2024 17:33:55: Converted index: 0 1 2 3 
INFO  @ Fri, 20 Sep 2024 17:33:55: Treatment samples:spleen1,spleen2,spleen3,spleen4 
INFO  @ Fri, 20 Sep 2024 17:33:55: Treatment sample index:0,1,2,3 
DEBUG @ Fri, 20 Sep 2024 17:33:55: Given sample labels: input_rep1,input_rep2,input_rep3 
DEBUG @ Fri, 20 Sep 2024 17:33:55: Converted index: 14 15 16 
INFO  @ Fri, 20 Sep 2024 17:33:55: Control samples:input_rep1,input_rep2,input_rep3 
INFO  @ Fri, 20 Sep 2024 17:33:55: Control sample index:14,15,16 
DEBUG @ Fri, 20 Sep 2024 17:33:55: Initial (total) size factor: 1.472622662681088 0.8737348766071966 0.8265212558427295 1.6371532135976659 0.6054765055917769 1.3012299391409359 1.0688037858542454 
DEBUG @ Fri, 20 Sep 2024 17:33:55: Median factor: 1.4699977060962213 0.7084344828285039 0.7324591877528224 1.6064894261538658 0.5814470427243882 1.242461207466129 1.0582877969917437 
INFO  @ Fri, 20 Sep 2024 17:33:55: Final size factor: 1.4699977060962213 0.7084344828285039 0.7324591877528224 1.6064894261538658 0.5814470427243882 1.242461207466129 1.0582877969917437 
INFO  @ Fri, 20 Sep 2024 17:33:55: Writing normalized read counts to ABE_spleen_input.normalized.txt 
INFO  @ Fri, 20 Sep 2024 17:33:55: Detecting outliers from variance estimation.. Avg read count:[475.71699265616815], Var: [114515.03027057716] 
INFO  @ Fri, 20 Sep 2024 17:33:55: Skipping 1 sgRNAs from variance calculation because of their extreme high counts (> 4* STD (mean counts) ). 
DEBUG @ Fri, 20 Sep 2024 17:33:55: Adjusted model: 1.957502410453967	0 
INFO  @ Fri, 20 Sep 2024 17:33:55: Before RRA, 1 sgRNAs are removed with zero counts in both group(s). 
INFO  @ Fri, 20 Sep 2024 17:33:55: Use qnorm to reversely calculate sgRNA scores ... 
DEBUG @ Fri, 20 Sep 2024 17:33:55: lower test FDR cutoff: 0.21796071094480823 
DEBUG @ Fri, 20 Sep 2024 17:33:55: higher test FDR cutoff: 0.19176800748362957 
INFO  @ Fri, 20 Sep 2024 17:33:55: Running command: RRA -i ABE_spleen_input.plow.txt -o ABE_spleen_input.gene.low.txt -p 0.21796071094480823 --skip-gene NA --skip-gene na  
INFO  @ Fri, 20 Sep 2024 17:33:57: Command message: 
INFO  @ Fri, 20 Sep 2024 17:33:57:   Welcome to RRA v 0.5.9. 
INFO  @ Fri, 20 Sep 2024 17:33:57:   Skipping gene NA for permutation ... 
INFO  @ Fri, 20 Sep 2024 17:33:57:   Skipping gene na for permutation ... 
INFO  @ Fri, 20 Sep 2024 17:33:57:   Reading input file... 
INFO  @ Fri, 20 Sep 2024 17:33:57:   Summary: 1069 sgRNAs, 230 genes, 1 lists; skipped sgRNAs:0 
INFO  @ Fri, 20 Sep 2024 17:33:57:   Computing lo-values for each group... 
INFO  @ Fri, 20 Sep 2024 17:33:57:   Computing false discovery rate... 
INFO  @ Fri, 20 Sep 2024 17:33:57:   Increase the number of permutations to 435 to get precise p values. To avoid this, use the --permutation option. 
INFO  @ Fri, 20 Sep 2024 17:33:57:   Permuting genes with 1 sgRNAs... 
INFO  @ Fri, 20 Sep 2024 17:33:57:   Permuting genes with 2 sgRNAs... 
INFO  @ Fri, 20 Sep 2024 17:33:57:   Permuting genes with 3 sgRNAs... 
INFO  @ Fri, 20 Sep 2024 17:33:57:   Permuting genes with 4 sgRNAs... 
INFO  @ Fri, 20 Sep 2024 17:33:57:   Permuting genes with 5 sgRNAs... 
INFO  @ Fri, 20 Sep 2024 17:33:57:   Permuting genes with 6 sgRNAs... 
INFO  @ Fri, 20 Sep 2024 17:33:57:   Permuting genes with 7 sgRNAs... 
INFO  @ Fri, 20 Sep 2024 17:33:57:   Permuting genes with 8 sgRNAs... 
INFO  @ Fri, 20 Sep 2024 17:33:57:   Permuting genes with 9 sgRNAs... 
INFO  @ Fri, 20 Sep 2024 17:33:57:   Permuting genes with 10 sgRNAs... 
INFO  @ Fri, 20 Sep 2024 17:33:57:   Permuting genes with 11 sgRNAs... 
INFO  @ Fri, 20 Sep 2024 17:33:57:   Permuting genes with 12 sgRNAs... 
INFO  @ Fri, 20 Sep 2024 17:33:57:   Permuting genes with 13 sgRNAs... 
INFO  @ Fri, 20 Sep 2024 17:33:57:   Permuting genes with 15 sgRNAs... 
INFO  @ Fri, 20 Sep 2024 17:33:57:   Permuting genes with 17 sgRNAs... 
INFO  @ Fri, 20 Sep 2024 17:33:57:   Permuting genes with 18 sgRNAs... 
INFO  @ Fri, 20 Sep 2024 17:33:57:   Permuting genes with 19 sgRNAs... 
INFO  @ Fri, 20 Sep 2024 17:33:57:   Permuting genes with 21 sgRNAs... 
INFO  @ Fri, 20 Sep 2024 17:33:57:   Permuting genes with 26 sgRNAs... 
INFO  @ Fri, 20 Sep 2024 17:33:57:   Permuting genes with 27 sgRNAs... 
INFO  @ Fri, 20 Sep 2024 17:33:57:   Permuting genes with 35 sgRNAs... 
INFO  @ Fri, 20 Sep 2024 17:33:57:   Permuting genes with 64 sgRNAs... 
INFO  @ Fri, 20 Sep 2024 17:33:57:   Number of genes under FDR adjustment: 230 
INFO  @ Fri, 20 Sep 2024 17:33:57:   Saving to output file... 
INFO  @ Fri, 20 Sep 2024 17:33:57:   RRA completed. 
INFO  @ Fri, 20 Sep 2024 17:33:57:   Groups deletion complete. 
INFO  @ Fri, 20 Sep 2024 17:33:57:   Lists deletion complete. 
INFO  @ Fri, 20 Sep 2024 17:33:57:    
INFO  @ Fri, 20 Sep 2024 17:33:57: End command message. 
INFO  @ Fri, 20 Sep 2024 17:33:57: Running command: RRA -i ABE_spleen_input.phigh.txt -o ABE_spleen_input.gene.high.txt -p 0.19176800748362957 --skip-gene NA --skip-gene na  
INFO  @ Fri, 20 Sep 2024 17:33:59: Command message: 
INFO  @ Fri, 20 Sep 2024 17:33:59:   Welcome to RRA v 0.5.9. 
INFO  @ Fri, 20 Sep 2024 17:33:59:   Skipping gene NA for permutation ... 
INFO  @ Fri, 20 Sep 2024 17:33:59:   Skipping gene na for permutation ... 
INFO  @ Fri, 20 Sep 2024 17:33:59:   Reading input file... 
INFO  @ Fri, 20 Sep 2024 17:33:59:   Summary: 1069 sgRNAs, 230 genes, 1 lists; skipped sgRNAs:0 
INFO  @ Fri, 20 Sep 2024 17:33:59:   Computing lo-values for each group... 
INFO  @ Fri, 20 Sep 2024 17:33:59:   Computing false discovery rate... 
INFO  @ Fri, 20 Sep 2024 17:33:59:   Increase the number of permutations to 435 to get precise p values. To avoid this, use the --permutation option. 
INFO  @ Fri, 20 Sep 2024 17:33:59:   Permuting genes with 1 sgRNAs... 
INFO  @ Fri, 20 Sep 2024 17:33:59:   Permuting genes with 2 sgRNAs... 
INFO  @ Fri, 20 Sep 2024 17:33:59:   Permuting genes with 3 sgRNAs... 
INFO  @ Fri, 20 Sep 2024 17:33:59:   Permuting genes with 4 sgRNAs... 
INFO  @ Fri, 20 Sep 2024 17:33:59:   Permuting genes with 5 sgRNAs... 
INFO  @ Fri, 20 Sep 2024 17:33:59:   Permuting genes with 6 sgRNAs... 
INFO  @ Fri, 20 Sep 2024 17:33:59:   Permuting genes with 7 sgRNAs... 
INFO  @ Fri, 20 Sep 2024 17:33:59:   Permuting genes with 8 sgRNAs... 
INFO  @ Fri, 20 Sep 2024 17:33:59:   Permuting genes with 9 sgRNAs... 
INFO  @ Fri, 20 Sep 2024 17:33:59:   Permuting genes with 10 sgRNAs... 
INFO  @ Fri, 20 Sep 2024 17:33:59:   Permuting genes with 11 sgRNAs... 
INFO  @ Fri, 20 Sep 2024 17:33:59:   Permuting genes with 12 sgRNAs... 
INFO  @ Fri, 20 Sep 2024 17:33:59:   Permuting genes with 13 sgRNAs... 
INFO  @ Fri, 20 Sep 2024 17:33:59:   Permuting genes with 15 sgRNAs... 
INFO  @ Fri, 20 Sep 2024 17:33:59:   Permuting genes with 17 sgRNAs... 
INFO  @ Fri, 20 Sep 2024 17:33:59:   Permuting genes with 18 sgRNAs... 
INFO  @ Fri, 20 Sep 2024 17:33:59:   Permuting genes with 19 sgRNAs... 
INFO  @ Fri, 20 Sep 2024 17:33:59:   Permuting genes with 21 sgRNAs... 
INFO  @ Fri, 20 Sep 2024 17:33:59:   Permuting genes with 26 sgRNAs... 
INFO  @ Fri, 20 Sep 2024 17:33:59:   Permuting genes with 27 sgRNAs... 
INFO  @ Fri, 20 Sep 2024 17:33:59:   Permuting genes with 35 sgRNAs... 
INFO  @ Fri, 20 Sep 2024 17:33:59:   Permuting genes with 64 sgRNAs... 
INFO  @ Fri, 20 Sep 2024 17:33:59:   Number of genes under FDR adjustment: 230 
INFO  @ Fri, 20 Sep 2024 17:33:59:   Saving to output file... 
INFO  @ Fri, 20 Sep 2024 17:33:59:   RRA completed. 
INFO  @ Fri, 20 Sep 2024 17:33:59:   Groups deletion complete. 
INFO  @ Fri, 20 Sep 2024 17:33:59:   Lists deletion complete. 
INFO  @ Fri, 20 Sep 2024 17:33:59:    
INFO  @ Fri, 20 Sep 2024 17:33:59: End command message. 
DEBUG @ Fri, 20 Sep 2024 17:33:59: Sorting the merged items by negative selection... 
INFO  @ Fri, 20 Sep 2024 17:33:59: Loading top 10 genes from ABE_spleen_input.gene.low.txt: Ctnnb1,non_target,Vhl,Dis3,Epha7,Fbxw7,Pik3cd,Foxa1,Arid1a,Traf7 
DEBUG @ Fri, 20 Sep 2024 17:33:59: Column index:3 
INFO  @ Fri, 20 Sep 2024 17:33:59: Loading top 10 genes from ABE_spleen_input.gene.high.txt: Ercc2,Myd88,Smo,Rbm10,Tcf3,Ret,Syk,Keap1,Foxo1,Arid5b 
DEBUG @ Fri, 20 Sep 2024 17:33:59: Column index:9 
INFO  @ Fri, 20 Sep 2024 17:33:59: Running command: rm ABE_spleen_input.plow.txt 
INFO  @ Fri, 20 Sep 2024 17:33:59: Running command: rm ABE_spleen_input.phigh.txt 
INFO  @ Fri, 20 Sep 2024 17:33:59: Running command: rm ABE_spleen_input.gene.low.txt 
INFO  @ Fri, 20 Sep 2024 17:33:59: Running command: rm ABE_spleen_input.gene.high.txt 
