INFO  @ Fri, 20 Sep 2024 17:33:43: Parameters: /Users/samgould/opt/anaconda3/envs/mageckenv/bin/mageck test -k ABE_bc_counts.txt -t d15_rep1,d15_rep2,d15_rep3 -c input_rep1,input_rep2,input_rep3 --normcounts-to-file -n ABE_d15_input 
INFO  @ Fri, 20 Sep 2024 17:33:43: Welcome to MAGeCK v0.5.9.5. Command: test 
INFO  @ Fri, 20 Sep 2024 17:33:43: Loading count table from ABE_bc_counts.txt  
INFO  @ Fri, 20 Sep 2024 17:33:43: Processing 1 lines.. 
DEBUG @ Fri, 20 Sep 2024 17:33:43: Parsing error in line 1 (usually the header line). Skip this line. 
INFO  @ Fri, 20 Sep 2024 17:33:43: Loaded 1070 records. 
INFO  @ Fri, 20 Sep 2024 17:33:43: Loading Rnw template file: /Users/samgould/opt/anaconda3/envs/mageckenv/lib/python3.10/site-packages/mageck/test_report.Rmd. 
DEBUG @ Fri, 20 Sep 2024 17:33:43: Setting up the visualization module... 
INFO  @ Fri, 20 Sep 2024 17:33:43: Loading R template file: /Users/samgould/opt/anaconda3/envs/mageckenv/lib/python3.10/site-packages/mageck/plot_template.RTemplate. 
INFO  @ Fri, 20 Sep 2024 17:33:43: Loading R template file: /Users/samgould/opt/anaconda3/envs/mageckenv/lib/python3.10/site-packages/mageck/plot_template_indvgene.RTemplate. 
INFO  @ Fri, 20 Sep 2024 17:33:43: Loading Rnw template file: /Users/samgould/opt/anaconda3/envs/mageckenv/lib/python3.10/site-packages/mageck/plot_template.Rnw. 
DEBUG @ Fri, 20 Sep 2024 17:33:43: Setting up the visualization module... 
DEBUG @ Fri, 20 Sep 2024 17:33:43: Given sample labels: d15_rep1,d15_rep2,d15_rep3 
DEBUG @ Fri, 20 Sep 2024 17:33:43: Converted index: 20 21 22 
INFO  @ Fri, 20 Sep 2024 17:33:43: Treatment samples:d15_rep1,d15_rep2,d15_rep3 
INFO  @ Fri, 20 Sep 2024 17:33:43: Treatment sample index:20,21,22 
DEBUG @ Fri, 20 Sep 2024 17:33:43: Given sample labels: input_rep1,input_rep2,input_rep3 
DEBUG @ Fri, 20 Sep 2024 17:33:43: Converted index: 14 15 16 
INFO  @ Fri, 20 Sep 2024 17:33:43: Control samples:input_rep1,input_rep2,input_rep3 
INFO  @ Fri, 20 Sep 2024 17:33:43: Control sample index:14,15,16 
DEBUG @ Fri, 20 Sep 2024 17:33:43: Initial (total) size factor: 1.629675736626578 0.9669174356306418 0.9146685505985067 0.8648334186424503 1.1734475451818573 0.7997488762087669 
DEBUG @ Fri, 20 Sep 2024 17:33:43: Median factor: 1.8076592826635127 0.877365998048548 0.8771435162962794 0.8074177799866835 1.1065233133338628 0.7621810805171388 
INFO  @ Fri, 20 Sep 2024 17:33:43: Final size factor: 1.8076592826635127 0.877365998048548 0.8771435162962794 0.8074177799866835 1.1065233133338628 0.7621810805171388 
INFO  @ Fri, 20 Sep 2024 17:33:43: Writing normalized read counts to ABE_d15_input.normalized.txt 
INFO  @ Fri, 20 Sep 2024 17:33:43: Detecting outliers from variance estimation.. Avg read count:[580.6690077881369], Var: [165297.5970711583] 
DEBUG @ Fri, 20 Sep 2024 17:33:43: Adjusted model: 1.9007454643034736	0 
INFO  @ Fri, 20 Sep 2024 17:33:43: Before RRA, 2 sgRNAs are removed with zero counts in both group(s). 
INFO  @ Fri, 20 Sep 2024 17:33:43: Use qnorm to reversely calculate sgRNA scores ... 
DEBUG @ Fri, 20 Sep 2024 17:33:43: lower test FDR cutoff: 0.08333333333333333 
DEBUG @ Fri, 20 Sep 2024 17:33:43: higher test FDR cutoff: 0.15730337078651685 
INFO  @ Fri, 20 Sep 2024 17:33:43: Running command: RRA -i ABE_d15_input.plow.txt -o ABE_d15_input.gene.low.txt -p 0.08333333333333333 --skip-gene NA --skip-gene na  
INFO  @ Fri, 20 Sep 2024 17:33:45: Command message: 
INFO  @ Fri, 20 Sep 2024 17:33:45:   Welcome to RRA v 0.5.9. 
INFO  @ Fri, 20 Sep 2024 17:33:45:   Skipping gene NA for permutation ... 
INFO  @ Fri, 20 Sep 2024 17:33:45:   Skipping gene na for permutation ... 
INFO  @ Fri, 20 Sep 2024 17:33:45:   Reading input file... 
INFO  @ Fri, 20 Sep 2024 17:33:45:   Summary: 1068 sgRNAs, 230 genes, 1 lists; skipped sgRNAs:0 
INFO  @ Fri, 20 Sep 2024 17:33:45:   Computing lo-values for each group... 
INFO  @ Fri, 20 Sep 2024 17:33:45:   Computing false discovery rate... 
INFO  @ Fri, 20 Sep 2024 17:33:45:   Increase the number of permutations to 435 to get precise p values. To avoid this, use the --permutation option. 
INFO  @ Fri, 20 Sep 2024 17:33:45:   Permuting genes with 1 sgRNAs... 
INFO  @ Fri, 20 Sep 2024 17:33:45:   Permuting genes with 2 sgRNAs... 
INFO  @ Fri, 20 Sep 2024 17:33:45:   Permuting genes with 3 sgRNAs... 
INFO  @ Fri, 20 Sep 2024 17:33:45:   Permuting genes with 4 sgRNAs... 
INFO  @ Fri, 20 Sep 2024 17:33:45:   Permuting genes with 5 sgRNAs... 
INFO  @ Fri, 20 Sep 2024 17:33:45:   Permuting genes with 6 sgRNAs... 
INFO  @ Fri, 20 Sep 2024 17:33:45:   Permuting genes with 7 sgRNAs... 
INFO  @ Fri, 20 Sep 2024 17:33:45:   Permuting genes with 8 sgRNAs... 
INFO  @ Fri, 20 Sep 2024 17:33:45:   Permuting genes with 9 sgRNAs... 
INFO  @ Fri, 20 Sep 2024 17:33:45:   Permuting genes with 10 sgRNAs... 
INFO  @ Fri, 20 Sep 2024 17:33:45:   Permuting genes with 11 sgRNAs... 
INFO  @ Fri, 20 Sep 2024 17:33:45:   Permuting genes with 12 sgRNAs... 
INFO  @ Fri, 20 Sep 2024 17:33:45:   Permuting genes with 13 sgRNAs... 
INFO  @ Fri, 20 Sep 2024 17:33:45:   Permuting genes with 15 sgRNAs... 
INFO  @ Fri, 20 Sep 2024 17:33:45:   Permuting genes with 17 sgRNAs... 
INFO  @ Fri, 20 Sep 2024 17:33:45:   Permuting genes with 18 sgRNAs... 
INFO  @ Fri, 20 Sep 2024 17:33:45:   Permuting genes with 21 sgRNAs... 
INFO  @ Fri, 20 Sep 2024 17:33:45:   Permuting genes with 26 sgRNAs... 
INFO  @ Fri, 20 Sep 2024 17:33:45:   Permuting genes with 27 sgRNAs... 
INFO  @ Fri, 20 Sep 2024 17:33:45:   Permuting genes with 35 sgRNAs... 
INFO  @ Fri, 20 Sep 2024 17:33:45:   Permuting genes with 64 sgRNAs... 
INFO  @ Fri, 20 Sep 2024 17:33:45:   Number of genes under FDR adjustment: 230 
INFO  @ Fri, 20 Sep 2024 17:33:45:   Saving to output file... 
INFO  @ Fri, 20 Sep 2024 17:33:45:   RRA completed. 
INFO  @ Fri, 20 Sep 2024 17:33:45:   Groups deletion complete. 
INFO  @ Fri, 20 Sep 2024 17:33:45:   Lists deletion complete. 
INFO  @ Fri, 20 Sep 2024 17:33:45:    
INFO  @ Fri, 20 Sep 2024 17:33:45: End command message. 
INFO  @ Fri, 20 Sep 2024 17:33:45: Running command: RRA -i ABE_d15_input.phigh.txt -o ABE_d15_input.gene.high.txt -p 0.15730337078651685 --skip-gene NA --skip-gene na  
INFO  @ Fri, 20 Sep 2024 17:33:47: Command message: 
INFO  @ Fri, 20 Sep 2024 17:33:47:   Welcome to RRA v 0.5.9. 
INFO  @ Fri, 20 Sep 2024 17:33:47:   Skipping gene NA for permutation ... 
INFO  @ Fri, 20 Sep 2024 17:33:47:   Skipping gene na for permutation ... 
INFO  @ Fri, 20 Sep 2024 17:33:47:   Reading input file... 
INFO  @ Fri, 20 Sep 2024 17:33:47:   Summary: 1068 sgRNAs, 230 genes, 1 lists; skipped sgRNAs:0 
INFO  @ Fri, 20 Sep 2024 17:33:47:   Computing lo-values for each group... 
INFO  @ Fri, 20 Sep 2024 17:33:47:   Computing false discovery rate... 
INFO  @ Fri, 20 Sep 2024 17:33:47:   Increase the number of permutations to 435 to get precise p values. To avoid this, use the --permutation option. 
INFO  @ Fri, 20 Sep 2024 17:33:47:   Permuting genes with 1 sgRNAs... 
INFO  @ Fri, 20 Sep 2024 17:33:47:   Permuting genes with 2 sgRNAs... 
INFO  @ Fri, 20 Sep 2024 17:33:47:   Permuting genes with 3 sgRNAs... 
INFO  @ Fri, 20 Sep 2024 17:33:47:   Permuting genes with 4 sgRNAs... 
INFO  @ Fri, 20 Sep 2024 17:33:47:   Permuting genes with 5 sgRNAs... 
INFO  @ Fri, 20 Sep 2024 17:33:47:   Permuting genes with 6 sgRNAs... 
INFO  @ Fri, 20 Sep 2024 17:33:47:   Permuting genes with 7 sgRNAs... 
INFO  @ Fri, 20 Sep 2024 17:33:47:   Permuting genes with 8 sgRNAs... 
INFO  @ Fri, 20 Sep 2024 17:33:47:   Permuting genes with 9 sgRNAs... 
INFO  @ Fri, 20 Sep 2024 17:33:47:   Permuting genes with 10 sgRNAs... 
INFO  @ Fri, 20 Sep 2024 17:33:47:   Permuting genes with 11 sgRNAs... 
INFO  @ Fri, 20 Sep 2024 17:33:47:   Permuting genes with 12 sgRNAs... 
INFO  @ Fri, 20 Sep 2024 17:33:47:   Permuting genes with 13 sgRNAs... 
INFO  @ Fri, 20 Sep 2024 17:33:47:   Permuting genes with 15 sgRNAs... 
INFO  @ Fri, 20 Sep 2024 17:33:47:   Permuting genes with 17 sgRNAs... 
INFO  @ Fri, 20 Sep 2024 17:33:47:   Permuting genes with 18 sgRNAs... 
INFO  @ Fri, 20 Sep 2024 17:33:47:   Permuting genes with 21 sgRNAs... 
INFO  @ Fri, 20 Sep 2024 17:33:47:   Permuting genes with 26 sgRNAs... 
INFO  @ Fri, 20 Sep 2024 17:33:47:   Permuting genes with 27 sgRNAs... 
INFO  @ Fri, 20 Sep 2024 17:33:47:   Permuting genes with 35 sgRNAs... 
INFO  @ Fri, 20 Sep 2024 17:33:47:   Permuting genes with 64 sgRNAs... 
INFO  @ Fri, 20 Sep 2024 17:33:47:   Number of genes under FDR adjustment: 230 
INFO  @ Fri, 20 Sep 2024 17:33:47:   Saving to output file... 
INFO  @ Fri, 20 Sep 2024 17:33:47:   RRA completed. 
INFO  @ Fri, 20 Sep 2024 17:33:47:   Groups deletion complete. 
INFO  @ Fri, 20 Sep 2024 17:33:47:   Lists deletion complete. 
INFO  @ Fri, 20 Sep 2024 17:33:47:    
INFO  @ Fri, 20 Sep 2024 17:33:47: End command message. 
DEBUG @ Fri, 20 Sep 2024 17:33:47: Sorting the merged items by negative selection... 
INFO  @ Fri, 20 Sep 2024 17:33:47: Loading top 10 genes from ABE_d15_input.gene.low.txt: Vhl,Ctnnb1,Rad21,Smarca4,Arid1b,Atr,Ezh2,Dis3,Sh2b3,Max 
DEBUG @ Fri, 20 Sep 2024 17:33:47: Column index:3 
INFO  @ Fri, 20 Sep 2024 17:33:47: Loading top 10 genes from ABE_d15_input.gene.high.txt: Rbm10,Erbb3,Myd88,Pik3r3,Syk,Tcf3,Daxx,Map2k1,Keap1,Smo 
DEBUG @ Fri, 20 Sep 2024 17:33:47: Column index:9 
INFO  @ Fri, 20 Sep 2024 17:33:47: Running command: rm ABE_d15_input.plow.txt 
INFO  @ Fri, 20 Sep 2024 17:33:47: Running command: rm ABE_d15_input.phigh.txt 
INFO  @ Fri, 20 Sep 2024 17:33:47: Running command: rm ABE_d15_input.gene.low.txt 
INFO  @ Fri, 20 Sep 2024 17:33:47: Running command: rm ABE_d15_input.gene.high.txt 
