INFO  @ Fri, 20 Sep 2024 17:45:44: Parameters: /Users/samgould/opt/anaconda3/envs/mageckenv/bin/mageck test -k CBE_bc_counts.txt -t meninges1,meninges2,meninges3,meninges4,meninges5,meninges6,meninges7,meninges8,meninges9,meninges10 -c input_rep1,input_rep2,input_rep3 --normcounts-to-file -n CBE_meninges_input 
INFO  @ Fri, 20 Sep 2024 17:45:44: Welcome to MAGeCK v0.5.9.5. Command: test 
INFO  @ Fri, 20 Sep 2024 17:45:44: Loading count table from CBE_bc_counts.txt  
INFO  @ Fri, 20 Sep 2024 17:45:44: Processing 1 lines.. 
DEBUG @ Fri, 20 Sep 2024 17:45:44: Parsing error in line 1 (usually the header line). Skip this line. 
INFO  @ Fri, 20 Sep 2024 17:45:44: Loaded 13242 records. 
INFO  @ Fri, 20 Sep 2024 17:45:44: Loading Rnw template file: /Users/samgould/opt/anaconda3/envs/mageckenv/lib/python3.10/site-packages/mageck/test_report.Rmd. 
DEBUG @ Fri, 20 Sep 2024 17:45:44: Setting up the visualization module... 
INFO  @ Fri, 20 Sep 2024 17:45:44: Loading R template file: /Users/samgould/opt/anaconda3/envs/mageckenv/lib/python3.10/site-packages/mageck/plot_template.RTemplate. 
INFO  @ Fri, 20 Sep 2024 17:45:44: Loading R template file: /Users/samgould/opt/anaconda3/envs/mageckenv/lib/python3.10/site-packages/mageck/plot_template_indvgene.RTemplate. 
INFO  @ Fri, 20 Sep 2024 17:45:44: Loading Rnw template file: /Users/samgould/opt/anaconda3/envs/mageckenv/lib/python3.10/site-packages/mageck/plot_template.Rnw. 
DEBUG @ Fri, 20 Sep 2024 17:45:44: Setting up the visualization module... 
DEBUG @ Fri, 20 Sep 2024 17:45:44: Given sample labels: meninges1,meninges2,meninges3,meninges4,meninges5,meninges6,meninges7,meninges8,meninges9,meninges10 
DEBUG @ Fri, 20 Sep 2024 17:45:44: Converted index: 19 20 21 22 23 24 25 26 27 28 
INFO  @ Fri, 20 Sep 2024 17:45:44: Treatment samples:meninges1,meninges2,meninges3,meninges4,meninges5,meninges6,meninges7,meninges8,meninges9,meninges10 
INFO  @ Fri, 20 Sep 2024 17:45:44: Treatment sample index:19,20,21,22,23,24,25,26,27,28 
DEBUG @ Fri, 20 Sep 2024 17:45:44: Given sample labels: input_rep1,input_rep2,input_rep3 
DEBUG @ Fri, 20 Sep 2024 17:45:44: Converted index: 29 30 31 
INFO  @ Fri, 20 Sep 2024 17:45:44: Control samples:input_rep1,input_rep2,input_rep3 
INFO  @ Fri, 20 Sep 2024 17:45:44: Control sample index:29,30,31 
DEBUG @ Fri, 20 Sep 2024 17:45:44: Initial (total) size factor: 1.253582911359538 1.1560377794685541 0.7629527103819633 0.8684966839678878 1.2240050664824604 1.3675302952521666 1.2326717907996874 1.2297307193276663 1.2274939176504285 0.5122097715753157 1.0356142673322823 1.1558270208133985 0.9052244461671366 
DEBUG @ Fri, 20 Sep 2024 17:45:44: Median factor: 0.30052561205735073 0.272100854459649 0.2235822849900044 2.728534848886691 2.877473235043104 2.6833445904663407 1.8134902370523107 1.920293033944509 0.7279783620590585 0.6549755949847005 1.587323362855343 1.6369241517677733 2.8596575895062273 
INFO  @ Fri, 20 Sep 2024 17:45:44: Final size factor: 0.30052561205735073 0.272100854459649 0.2235822849900044 2.728534848886691 2.877473235043104 2.6833445904663407 1.8134902370523107 1.920293033944509 0.7279783620590585 0.6549755949847005 1.587323362855343 1.6369241517677733 2.8596575895062273 
INFO  @ Fri, 20 Sep 2024 17:45:44: Writing normalized read counts to CBE_meninges_input.normalized.txt 
INFO  @ Fri, 20 Sep 2024 17:45:44: Detecting outliers from variance estimation.. Avg read count:[347.22328858947685], Var: [77259.82038732289] 
INFO  @ Fri, 20 Sep 2024 17:45:44: Skipping 64 sgRNAs from variance calculation because of their extreme high counts (> 4* STD (mean counts) ). 
DEBUG @ Fri, 20 Sep 2024 17:45:45: Adjusted model: 1.350712578164777	2.31626472882085 
INFO  @ Fri, 20 Sep 2024 17:45:45: Before RRA, 0 sgRNAs are removed with zero counts in both group(s). 
INFO  @ Fri, 20 Sep 2024 17:45:45: Use qnorm to reversely calculate sgRNA scores ... 
DEBUG @ Fri, 20 Sep 2024 17:45:45: lower test FDR cutoff: 0.36844887479232746 
DEBUG @ Fri, 20 Sep 2024 17:45:45: higher test FDR cutoff: 0.42576650052862103 
INFO  @ Fri, 20 Sep 2024 17:45:45: Running command: RRA -i CBE_meninges_input.plow.txt -o CBE_meninges_input.gene.low.txt -p 0.36844887479232746 --skip-gene NA --skip-gene na  
INFO  @ Fri, 20 Sep 2024 17:46:13: Command message: 
INFO  @ Fri, 20 Sep 2024 17:46:13:   Welcome to RRA v 0.5.9. 
INFO  @ Fri, 20 Sep 2024 17:46:13:   Skipping gene NA for permutation ... 
INFO  @ Fri, 20 Sep 2024 17:46:13:   Skipping gene na for permutation ... 
INFO  @ Fri, 20 Sep 2024 17:46:13:   Reading input file... 
INFO  @ Fri, 20 Sep 2024 17:46:13:   Summary: 13242 sgRNAs, 481 genes, 1 lists; skipped sgRNAs:0 
INFO  @ Fri, 20 Sep 2024 17:46:13:   Computing lo-values for each group... 
INFO  @ Fri, 20 Sep 2024 17:46:13:   Computing false discovery rate... 
INFO  @ Fri, 20 Sep 2024 17:46:13:   Increase the number of permutations to 208 to get precise p values. To avoid this, use the --permutation option. 
INFO  @ Fri, 20 Sep 2024 17:46:13:   Permuting genes with 1 sgRNAs... 
INFO  @ Fri, 20 Sep 2024 17:46:13:   Permuting genes with 2 sgRNAs... 
INFO  @ Fri, 20 Sep 2024 17:46:13:   Permuting genes with 3 sgRNAs... 
INFO  @ Fri, 20 Sep 2024 17:46:13:   Permuting genes with 4 sgRNAs... 
INFO  @ Fri, 20 Sep 2024 17:46:13:   Permuting genes with 5 sgRNAs... 
INFO  @ Fri, 20 Sep 2024 17:46:13:   Permuting genes with 6 sgRNAs... 
INFO  @ Fri, 20 Sep 2024 17:46:13:   Permuting genes with 7 sgRNAs... 
INFO  @ Fri, 20 Sep 2024 17:46:13:   Permuting genes with 8 sgRNAs... 
INFO  @ Fri, 20 Sep 2024 17:46:13:   Permuting genes with 9 sgRNAs... 
INFO  @ Fri, 20 Sep 2024 17:46:13:   Permuting genes with 10 sgRNAs... 
INFO  @ Fri, 20 Sep 2024 17:46:13:   Permuting genes with 11 sgRNAs... 
INFO  @ Fri, 20 Sep 2024 17:46:13:   Permuting genes with 12 sgRNAs... 
INFO  @ Fri, 20 Sep 2024 17:46:13:   Permuting genes with 13 sgRNAs... 
INFO  @ Fri, 20 Sep 2024 17:46:13:   Permuting genes with 14 sgRNAs... 
INFO  @ Fri, 20 Sep 2024 17:46:13:   Permuting genes with 15 sgRNAs... 
INFO  @ Fri, 20 Sep 2024 17:46:13:   Permuting genes with 16 sgRNAs... 
INFO  @ Fri, 20 Sep 2024 17:46:13:   Permuting genes with 17 sgRNAs... 
INFO  @ Fri, 20 Sep 2024 17:46:13:   Permuting genes with 18 sgRNAs... 
INFO  @ Fri, 20 Sep 2024 17:46:13:   Permuting genes with 19 sgRNAs... 
INFO  @ Fri, 20 Sep 2024 17:46:13:   Permuting genes with 20 sgRNAs... 
INFO  @ Fri, 20 Sep 2024 17:46:13:   Permuting genes with 21 sgRNAs... 
INFO  @ Fri, 20 Sep 2024 17:46:13:   Permuting genes with 22 sgRNAs... 
INFO  @ Fri, 20 Sep 2024 17:46:13:   Permuting genes with 23 sgRNAs... 
INFO  @ Fri, 20 Sep 2024 17:46:13:   Permuting genes with 24 sgRNAs... 
INFO  @ Fri, 20 Sep 2024 17:46:13:   Permuting genes with 25 sgRNAs... 
INFO  @ Fri, 20 Sep 2024 17:46:13:   Permuting genes with 26 sgRNAs... 
INFO  @ Fri, 20 Sep 2024 17:46:13:   Permuting genes with 27 sgRNAs... 
INFO  @ Fri, 20 Sep 2024 17:46:13:   Permuting genes with 28 sgRNAs... 
INFO  @ Fri, 20 Sep 2024 17:46:13:   Permuting genes with 29 sgRNAs... 
INFO  @ Fri, 20 Sep 2024 17:46:13:   Permuting genes with 30 sgRNAs... 
INFO  @ Fri, 20 Sep 2024 17:46:13:   Permuting genes with 31 sgRNAs... 
INFO  @ Fri, 20 Sep 2024 17:46:13:   Permuting genes with 32 sgRNAs... 
INFO  @ Fri, 20 Sep 2024 17:46:13:   Permuting genes with 33 sgRNAs... 
INFO  @ Fri, 20 Sep 2024 17:46:13:   Permuting genes with 34 sgRNAs... 
INFO  @ Fri, 20 Sep 2024 17:46:13:   Permuting genes with 35 sgRNAs... 
INFO  @ Fri, 20 Sep 2024 17:46:13:   Permuting genes with 36 sgRNAs... 
INFO  @ Fri, 20 Sep 2024 17:46:13:   Permuting genes with 37 sgRNAs... 
INFO  @ Fri, 20 Sep 2024 17:46:13:   Permuting genes with 38 sgRNAs... 
INFO  @ Fri, 20 Sep 2024 17:46:13:   Permuting genes with 39 sgRNAs... 
INFO  @ Fri, 20 Sep 2024 17:46:13:   Permuting genes with 40 sgRNAs... 
INFO  @ Fri, 20 Sep 2024 17:46:13:   Permuting genes with 41 sgRNAs... 
INFO  @ Fri, 20 Sep 2024 17:46:13:   Permuting genes with 42 sgRNAs... 
INFO  @ Fri, 20 Sep 2024 17:46:13:   Permuting genes with 43 sgRNAs... 
INFO  @ Fri, 20 Sep 2024 17:46:13:   Permuting genes with 44 sgRNAs... 
INFO  @ Fri, 20 Sep 2024 17:46:13:   Permuting genes with 45 sgRNAs... 
INFO  @ Fri, 20 Sep 2024 17:46:13:   Permuting genes with 46 sgRNAs... 
INFO  @ Fri, 20 Sep 2024 17:46:13:   Permuting genes with 47 sgRNAs... 
INFO  @ Fri, 20 Sep 2024 17:46:13:   Permuting genes with 48 sgRNAs... 
INFO  @ Fri, 20 Sep 2024 17:46:13:   Permuting genes with 50 sgRNAs... 
INFO  @ Fri, 20 Sep 2024 17:46:13:   Permuting genes with 51 sgRNAs... 
INFO  @ Fri, 20 Sep 2024 17:46:13:   Permuting genes with 52 sgRNAs... 
INFO  @ Fri, 20 Sep 2024 17:46:13:   Permuting genes with 53 sgRNAs... 
INFO  @ Fri, 20 Sep 2024 17:46:13:   Permuting genes with 54 sgRNAs... 
INFO  @ Fri, 20 Sep 2024 17:46:13:   Permuting genes with 55 sgRNAs... 
INFO  @ Fri, 20 Sep 2024 17:46:13:   Permuting genes with 56 sgRNAs... 
INFO  @ Fri, 20 Sep 2024 17:46:13:   Permuting genes with 57 sgRNAs... 
INFO  @ Fri, 20 Sep 2024 17:46:13:   Permuting genes with 58 sgRNAs... 
INFO  @ Fri, 20 Sep 2024 17:46:13:   Permuting genes with 59 sgRNAs... 
INFO  @ Fri, 20 Sep 2024 17:46:13:   Permuting genes with 60 sgRNAs... 
INFO  @ Fri, 20 Sep 2024 17:46:13:   Permuting genes with 61 sgRNAs... 
INFO  @ Fri, 20 Sep 2024 17:46:13:   Permuting genes with 64 sgRNAs... 
INFO  @ Fri, 20 Sep 2024 17:46:13:   Permuting genes with 67 sgRNAs... 
INFO  @ Fri, 20 Sep 2024 17:46:13:   Permuting genes with 69 sgRNAs... 
INFO  @ Fri, 20 Sep 2024 17:46:13:   Permuting genes with 70 sgRNAs... 
INFO  @ Fri, 20 Sep 2024 17:46:13:   Permuting genes with 71 sgRNAs... 
INFO  @ Fri, 20 Sep 2024 17:46:13:   Permuting genes with 73 sgRNAs... 
INFO  @ Fri, 20 Sep 2024 17:46:13:   Permuting genes with 74 sgRNAs... 
INFO  @ Fri, 20 Sep 2024 17:46:13:   Permuting genes with 75 sgRNAs... 
INFO  @ Fri, 20 Sep 2024 17:46:13:   Permuting genes with 76 sgRNAs... 
INFO  @ Fri, 20 Sep 2024 17:46:13:   Permuting genes with 78 sgRNAs... 
INFO  @ Fri, 20 Sep 2024 17:46:13:   Permuting genes with 80 sgRNAs... 
INFO  @ Fri, 20 Sep 2024 17:46:13:   Permuting genes with 81 sgRNAs... 
INFO  @ Fri, 20 Sep 2024 17:46:13:   Permuting genes with 82 sgRNAs... 
INFO  @ Fri, 20 Sep 2024 17:46:13:   Permuting genes with 86 sgRNAs... 
INFO  @ Fri, 20 Sep 2024 17:46:13:   Permuting genes with 91 sgRNAs... 
INFO  @ Fri, 20 Sep 2024 17:46:13:   Permuting genes with 92 sgRNAs... 
INFO  @ Fri, 20 Sep 2024 17:46:13:   Number of genes under FDR adjustment: 481 
INFO  @ Fri, 20 Sep 2024 17:46:13:   Saving to output file... 
INFO  @ Fri, 20 Sep 2024 17:46:13:   RRA completed. 
INFO  @ Fri, 20 Sep 2024 17:46:13:   Groups deletion complete. 
INFO  @ Fri, 20 Sep 2024 17:46:13:   Lists deletion complete. 
INFO  @ Fri, 20 Sep 2024 17:46:13:    
INFO  @ Fri, 20 Sep 2024 17:46:13: End command message. 
INFO  @ Fri, 20 Sep 2024 17:46:13: Running command: RRA -i CBE_meninges_input.phigh.txt -o CBE_meninges_input.gene.high.txt -p 0.42576650052862103 --skip-gene NA --skip-gene na  
INFO  @ Fri, 20 Sep 2024 17:46:45: Command message: 
INFO  @ Fri, 20 Sep 2024 17:46:45:   Welcome to RRA v 0.5.9. 
INFO  @ Fri, 20 Sep 2024 17:46:45:   Skipping gene NA for permutation ... 
INFO  @ Fri, 20 Sep 2024 17:46:45:   Skipping gene na for permutation ... 
INFO  @ Fri, 20 Sep 2024 17:46:45:   Reading input file... 
INFO  @ Fri, 20 Sep 2024 17:46:45:   Summary: 13242 sgRNAs, 481 genes, 1 lists; skipped sgRNAs:0 
INFO  @ Fri, 20 Sep 2024 17:46:45:   Computing lo-values for each group... 
INFO  @ Fri, 20 Sep 2024 17:46:45:   Computing false discovery rate... 
INFO  @ Fri, 20 Sep 2024 17:46:45:   Increase the number of permutations to 208 to get precise p values. To avoid this, use the --permutation option. 
INFO  @ Fri, 20 Sep 2024 17:46:45:   Permuting genes with 1 sgRNAs... 
INFO  @ Fri, 20 Sep 2024 17:46:45:   Permuting genes with 2 sgRNAs... 
INFO  @ Fri, 20 Sep 2024 17:46:45:   Permuting genes with 3 sgRNAs... 
INFO  @ Fri, 20 Sep 2024 17:46:45:   Permuting genes with 4 sgRNAs... 
INFO  @ Fri, 20 Sep 2024 17:46:45:   Permuting genes with 5 sgRNAs... 
INFO  @ Fri, 20 Sep 2024 17:46:45:   Permuting genes with 6 sgRNAs... 
INFO  @ Fri, 20 Sep 2024 17:46:45:   Permuting genes with 7 sgRNAs... 
INFO  @ Fri, 20 Sep 2024 17:46:45:   Permuting genes with 8 sgRNAs... 
INFO  @ Fri, 20 Sep 2024 17:46:45:   Permuting genes with 9 sgRNAs... 
INFO  @ Fri, 20 Sep 2024 17:46:45:   Permuting genes with 10 sgRNAs... 
INFO  @ Fri, 20 Sep 2024 17:46:45:   Permuting genes with 11 sgRNAs... 
INFO  @ Fri, 20 Sep 2024 17:46:45:   Permuting genes with 12 sgRNAs... 
INFO  @ Fri, 20 Sep 2024 17:46:45:   Permuting genes with 13 sgRNAs... 
INFO  @ Fri, 20 Sep 2024 17:46:45:   Permuting genes with 14 sgRNAs... 
INFO  @ Fri, 20 Sep 2024 17:46:45:   Permuting genes with 15 sgRNAs... 
INFO  @ Fri, 20 Sep 2024 17:46:45:   Permuting genes with 16 sgRNAs... 
INFO  @ Fri, 20 Sep 2024 17:46:45:   Permuting genes with 17 sgRNAs... 
INFO  @ Fri, 20 Sep 2024 17:46:45:   Permuting genes with 18 sgRNAs... 
INFO  @ Fri, 20 Sep 2024 17:46:45:   Permuting genes with 19 sgRNAs... 
INFO  @ Fri, 20 Sep 2024 17:46:45:   Permuting genes with 20 sgRNAs... 
INFO  @ Fri, 20 Sep 2024 17:46:45:   Permuting genes with 21 sgRNAs... 
INFO  @ Fri, 20 Sep 2024 17:46:45:   Permuting genes with 22 sgRNAs... 
INFO  @ Fri, 20 Sep 2024 17:46:45:   Permuting genes with 23 sgRNAs... 
INFO  @ Fri, 20 Sep 2024 17:46:45:   Permuting genes with 24 sgRNAs... 
INFO  @ Fri, 20 Sep 2024 17:46:45:   Permuting genes with 25 sgRNAs... 
INFO  @ Fri, 20 Sep 2024 17:46:45:   Permuting genes with 26 sgRNAs... 
INFO  @ Fri, 20 Sep 2024 17:46:45:   Permuting genes with 27 sgRNAs... 
INFO  @ Fri, 20 Sep 2024 17:46:45:   Permuting genes with 28 sgRNAs... 
INFO  @ Fri, 20 Sep 2024 17:46:45:   Permuting genes with 29 sgRNAs... 
INFO  @ Fri, 20 Sep 2024 17:46:45:   Permuting genes with 30 sgRNAs... 
INFO  @ Fri, 20 Sep 2024 17:46:45:   Permuting genes with 31 sgRNAs... 
INFO  @ Fri, 20 Sep 2024 17:46:45:   Permuting genes with 32 sgRNAs... 
INFO  @ Fri, 20 Sep 2024 17:46:45:   Permuting genes with 33 sgRNAs... 
INFO  @ Fri, 20 Sep 2024 17:46:45:   Permuting genes with 34 sgRNAs... 
INFO  @ Fri, 20 Sep 2024 17:46:45:   Permuting genes with 35 sgRNAs... 
INFO  @ Fri, 20 Sep 2024 17:46:45:   Permuting genes with 36 sgRNAs... 
INFO  @ Fri, 20 Sep 2024 17:46:45:   Permuting genes with 37 sgRNAs... 
INFO  @ Fri, 20 Sep 2024 17:46:45:   Permuting genes with 38 sgRNAs... 
INFO  @ Fri, 20 Sep 2024 17:46:45:   Permuting genes with 39 sgRNAs... 
INFO  @ Fri, 20 Sep 2024 17:46:45:   Permuting genes with 40 sgRNAs... 
INFO  @ Fri, 20 Sep 2024 17:46:45:   Permuting genes with 41 sgRNAs... 
INFO  @ Fri, 20 Sep 2024 17:46:45:   Permuting genes with 42 sgRNAs... 
INFO  @ Fri, 20 Sep 2024 17:46:45:   Permuting genes with 43 sgRNAs... 
INFO  @ Fri, 20 Sep 2024 17:46:45:   Permuting genes with 44 sgRNAs... 
INFO  @ Fri, 20 Sep 2024 17:46:45:   Permuting genes with 45 sgRNAs... 
INFO  @ Fri, 20 Sep 2024 17:46:45:   Permuting genes with 46 sgRNAs... 
INFO  @ Fri, 20 Sep 2024 17:46:45:   Permuting genes with 47 sgRNAs... 
INFO  @ Fri, 20 Sep 2024 17:46:45:   Permuting genes with 48 sgRNAs... 
INFO  @ Fri, 20 Sep 2024 17:46:45:   Permuting genes with 50 sgRNAs... 
INFO  @ Fri, 20 Sep 2024 17:46:45:   Permuting genes with 51 sgRNAs... 
INFO  @ Fri, 20 Sep 2024 17:46:45:   Permuting genes with 52 sgRNAs... 
INFO  @ Fri, 20 Sep 2024 17:46:45:   Permuting genes with 53 sgRNAs... 
INFO  @ Fri, 20 Sep 2024 17:46:45:   Permuting genes with 54 sgRNAs... 
INFO  @ Fri, 20 Sep 2024 17:46:45:   Permuting genes with 55 sgRNAs... 
INFO  @ Fri, 20 Sep 2024 17:46:45:   Permuting genes with 56 sgRNAs... 
INFO  @ Fri, 20 Sep 2024 17:46:45:   Permuting genes with 57 sgRNAs... 
INFO  @ Fri, 20 Sep 2024 17:46:45:   Permuting genes with 58 sgRNAs... 
INFO  @ Fri, 20 Sep 2024 17:46:45:   Permuting genes with 59 sgRNAs... 
INFO  @ Fri, 20 Sep 2024 17:46:45:   Permuting genes with 60 sgRNAs... 
INFO  @ Fri, 20 Sep 2024 17:46:45:   Permuting genes with 61 sgRNAs... 
INFO  @ Fri, 20 Sep 2024 17:46:45:   Permuting genes with 64 sgRNAs... 
INFO  @ Fri, 20 Sep 2024 17:46:45:   Permuting genes with 67 sgRNAs... 
INFO  @ Fri, 20 Sep 2024 17:46:45:   Permuting genes with 69 sgRNAs... 
INFO  @ Fri, 20 Sep 2024 17:46:45:   Permuting genes with 70 sgRNAs... 
INFO  @ Fri, 20 Sep 2024 17:46:45:   Permuting genes with 71 sgRNAs... 
INFO  @ Fri, 20 Sep 2024 17:46:45:   Permuting genes with 73 sgRNAs... 
INFO  @ Fri, 20 Sep 2024 17:46:45:   Permuting genes with 74 sgRNAs... 
INFO  @ Fri, 20 Sep 2024 17:46:45:   Permuting genes with 75 sgRNAs... 
INFO  @ Fri, 20 Sep 2024 17:46:45:   Permuting genes with 76 sgRNAs... 
INFO  @ Fri, 20 Sep 2024 17:46:45:   Permuting genes with 78 sgRNAs... 
INFO  @ Fri, 20 Sep 2024 17:46:45:   Permuting genes with 80 sgRNAs... 
INFO  @ Fri, 20 Sep 2024 17:46:45:   Permuting genes with 81 sgRNAs... 
INFO  @ Fri, 20 Sep 2024 17:46:45:   Permuting genes with 82 sgRNAs... 
INFO  @ Fri, 20 Sep 2024 17:46:45:   Permuting genes with 86 sgRNAs... 
INFO  @ Fri, 20 Sep 2024 17:46:45:   Permuting genes with 91 sgRNAs... 
INFO  @ Fri, 20 Sep 2024 17:46:45:   Permuting genes with 92 sgRNAs... 
INFO  @ Fri, 20 Sep 2024 17:46:45:   Number of genes under FDR adjustment: 481 
INFO  @ Fri, 20 Sep 2024 17:46:45:   Saving to output file... 
INFO  @ Fri, 20 Sep 2024 17:46:45:   RRA completed. 
INFO  @ Fri, 20 Sep 2024 17:46:45:   Groups deletion complete. 
INFO  @ Fri, 20 Sep 2024 17:46:45:   Lists deletion complete. 
INFO  @ Fri, 20 Sep 2024 17:46:45:    
INFO  @ Fri, 20 Sep 2024 17:46:45: End command message. 
DEBUG @ Fri, 20 Sep 2024 17:46:45: Sorting the merged items by negative selection... 
INFO  @ Fri, 20 Sep 2024 17:46:45: Loading top 10 genes from CBE_meninges_input.gene.low.txt: Setdb1,Pik3cg,non_target,Smarcb1,Upf1,Recql4,Vhl,Sox9,Src,Sox17 
DEBUG @ Fri, 20 Sep 2024 17:46:45: Column index:3 
INFO  @ Fri, 20 Sep 2024 17:46:45: Loading top 10 genes from CBE_meninges_input.gene.high.txt: Pax5,Palb2,Irs2,safe_target,Akt2,Xrcc2,Btk,Pole,Traf7,Idh2 
DEBUG @ Fri, 20 Sep 2024 17:46:45: Column index:9 
INFO  @ Fri, 20 Sep 2024 17:46:46: Running command: rm CBE_meninges_input.plow.txt 
INFO  @ Fri, 20 Sep 2024 17:46:46: Running command: rm CBE_meninges_input.phigh.txt 
INFO  @ Fri, 20 Sep 2024 17:46:46: Running command: rm CBE_meninges_input.gene.low.txt 
INFO  @ Fri, 20 Sep 2024 17:46:46: Running command: rm CBE_meninges_input.gene.high.txt 
