INFO  @ Fri, 20 Sep 2024 17:39:40: Parameters: /Users/samgould/opt/anaconda3/envs/mageckenv/bin/mageck test -k CBE_bc_counts.txt -t d5_rep1,d5_rep2,d5_rep3 -c input_rep1,input_rep2,input_rep3 --normcounts-to-file -n CBE_d5_input 
INFO  @ Fri, 20 Sep 2024 17:39:40: Welcome to MAGeCK v0.5.9.5. Command: test 
INFO  @ Fri, 20 Sep 2024 17:39:40: Loading count table from CBE_bc_counts.txt  
INFO  @ Fri, 20 Sep 2024 17:39:40: Processing 1 lines.. 
DEBUG @ Fri, 20 Sep 2024 17:39:40: Parsing error in line 1 (usually the header line). Skip this line. 
INFO  @ Fri, 20 Sep 2024 17:39:40: Loaded 13242 records. 
INFO  @ Fri, 20 Sep 2024 17:39:40: Loading Rnw template file: /Users/samgould/opt/anaconda3/envs/mageckenv/lib/python3.10/site-packages/mageck/test_report.Rmd. 
DEBUG @ Fri, 20 Sep 2024 17:39:40: Setting up the visualization module... 
INFO  @ Fri, 20 Sep 2024 17:39:40: Loading R template file: /Users/samgould/opt/anaconda3/envs/mageckenv/lib/python3.10/site-packages/mageck/plot_template.RTemplate. 
INFO  @ Fri, 20 Sep 2024 17:39:40: Loading R template file: /Users/samgould/opt/anaconda3/envs/mageckenv/lib/python3.10/site-packages/mageck/plot_template_indvgene.RTemplate. 
INFO  @ Fri, 20 Sep 2024 17:39:40: Loading Rnw template file: /Users/samgould/opt/anaconda3/envs/mageckenv/lib/python3.10/site-packages/mageck/plot_template.Rnw. 
DEBUG @ Fri, 20 Sep 2024 17:39:40: Setting up the visualization module... 
DEBUG @ Fri, 20 Sep 2024 17:39:40: Given sample labels: d5_rep1,d5_rep2,d5_rep3 
DEBUG @ Fri, 20 Sep 2024 17:39:40: Converted index: 32 33 34 
INFO  @ Fri, 20 Sep 2024 17:39:40: Treatment samples:d5_rep1,d5_rep2,d5_rep3 
INFO  @ Fri, 20 Sep 2024 17:39:40: Treatment sample index:32,33,34 
DEBUG @ Fri, 20 Sep 2024 17:39:40: Given sample labels: input_rep1,input_rep2,input_rep3 
DEBUG @ Fri, 20 Sep 2024 17:39:40: Converted index: 29 30 31 
INFO  @ Fri, 20 Sep 2024 17:39:40: Control samples:input_rep1,input_rep2,input_rep3 
INFO  @ Fri, 20 Sep 2024 17:39:40: Control sample index:29,30,31 
DEBUG @ Fri, 20 Sep 2024 17:39:40: Initial (total) size factor: 1.1381855193760568 1.0496198125545295 0.6927198185748131 1.0194027439794666 1.2692737526157014 1.0457199885066404 
DEBUG @ Fri, 20 Sep 2024 17:39:40: Median factor: 0.9905932890908306 0.9075839699261415 0.7657060700034566 1.0545223886756887 1.6729274417603066 0.880262185427538 
INFO  @ Fri, 20 Sep 2024 17:39:40: Final size factor: 0.9905932890908306 0.9075839699261415 0.7657060700034566 1.0545223886756887 1.6729274417603066 0.880262185427538 
INFO  @ Fri, 20 Sep 2024 17:39:40: Writing normalized read counts to CBE_d5_input.normalized.txt 
INFO  @ Fri, 20 Sep 2024 17:39:40: Detecting outliers from variance estimation.. Avg read count:[1163.1075203352505], Var: [862829.2062744031] 
INFO  @ Fri, 20 Sep 2024 17:39:40: Skipping 62 sgRNAs from variance calculation because of their extreme high counts (> 4* STD (mean counts) ). 
DEBUG @ Fri, 20 Sep 2024 17:39:40: Adjusted model: 1.3963569394625892	2.9704310627830197 
INFO  @ Fri, 20 Sep 2024 17:39:40: Before RRA, 1 sgRNAs are removed with zero counts in both group(s). 
INFO  @ Fri, 20 Sep 2024 17:39:40: Use qnorm to reversely calculate sgRNA scores ... 
DEBUG @ Fri, 20 Sep 2024 17:39:40: lower test FDR cutoff: 0.3308662487727513 
DEBUG @ Fri, 20 Sep 2024 17:39:40: higher test FDR cutoff: 0.3446869571784608 
INFO  @ Fri, 20 Sep 2024 17:39:40: Running command: RRA -i CBE_d5_input.plow.txt -o CBE_d5_input.gene.low.txt -p 0.3308662487727513 --skip-gene NA --skip-gene na  
INFO  @ Fri, 20 Sep 2024 17:40:06: Command message: 
INFO  @ Fri, 20 Sep 2024 17:40:06:   Welcome to RRA v 0.5.9. 
INFO  @ Fri, 20 Sep 2024 17:40:06:   Skipping gene NA for permutation ... 
INFO  @ Fri, 20 Sep 2024 17:40:06:   Skipping gene na for permutation ... 
INFO  @ Fri, 20 Sep 2024 17:40:06:   Reading input file... 
INFO  @ Fri, 20 Sep 2024 17:40:06:   Summary: 13241 sgRNAs, 481 genes, 1 lists; skipped sgRNAs:0 
INFO  @ Fri, 20 Sep 2024 17:40:06:   Computing lo-values for each group... 
INFO  @ Fri, 20 Sep 2024 17:40:06:   Computing false discovery rate... 
INFO  @ Fri, 20 Sep 2024 17:40:06:   Increase the number of permutations to 208 to get precise p values. To avoid this, use the --permutation option. 
INFO  @ Fri, 20 Sep 2024 17:40:06:   Permuting genes with 1 sgRNAs... 
INFO  @ Fri, 20 Sep 2024 17:40:06:   Permuting genes with 2 sgRNAs... 
INFO  @ Fri, 20 Sep 2024 17:40:06:   Permuting genes with 3 sgRNAs... 
INFO  @ Fri, 20 Sep 2024 17:40:06:   Permuting genes with 4 sgRNAs... 
INFO  @ Fri, 20 Sep 2024 17:40:06:   Permuting genes with 5 sgRNAs... 
INFO  @ Fri, 20 Sep 2024 17:40:06:   Permuting genes with 6 sgRNAs... 
INFO  @ Fri, 20 Sep 2024 17:40:06:   Permuting genes with 7 sgRNAs... 
INFO  @ Fri, 20 Sep 2024 17:40:06:   Permuting genes with 8 sgRNAs... 
INFO  @ Fri, 20 Sep 2024 17:40:06:   Permuting genes with 9 sgRNAs... 
INFO  @ Fri, 20 Sep 2024 17:40:06:   Permuting genes with 10 sgRNAs... 
INFO  @ Fri, 20 Sep 2024 17:40:06:   Permuting genes with 11 sgRNAs... 
INFO  @ Fri, 20 Sep 2024 17:40:06:   Permuting genes with 12 sgRNAs... 
INFO  @ Fri, 20 Sep 2024 17:40:06:   Permuting genes with 13 sgRNAs... 
INFO  @ Fri, 20 Sep 2024 17:40:06:   Permuting genes with 14 sgRNAs... 
INFO  @ Fri, 20 Sep 2024 17:40:06:   Permuting genes with 15 sgRNAs... 
INFO  @ Fri, 20 Sep 2024 17:40:06:   Permuting genes with 16 sgRNAs... 
INFO  @ Fri, 20 Sep 2024 17:40:06:   Permuting genes with 17 sgRNAs... 
INFO  @ Fri, 20 Sep 2024 17:40:06:   Permuting genes with 18 sgRNAs... 
INFO  @ Fri, 20 Sep 2024 17:40:06:   Permuting genes with 19 sgRNAs... 
INFO  @ Fri, 20 Sep 2024 17:40:06:   Permuting genes with 20 sgRNAs... 
INFO  @ Fri, 20 Sep 2024 17:40:06:   Permuting genes with 21 sgRNAs... 
INFO  @ Fri, 20 Sep 2024 17:40:06:   Permuting genes with 22 sgRNAs... 
INFO  @ Fri, 20 Sep 2024 17:40:06:   Permuting genes with 23 sgRNAs... 
INFO  @ Fri, 20 Sep 2024 17:40:06:   Permuting genes with 24 sgRNAs... 
INFO  @ Fri, 20 Sep 2024 17:40:06:   Permuting genes with 25 sgRNAs... 
INFO  @ Fri, 20 Sep 2024 17:40:06:   Permuting genes with 26 sgRNAs... 
INFO  @ Fri, 20 Sep 2024 17:40:06:   Permuting genes with 27 sgRNAs... 
INFO  @ Fri, 20 Sep 2024 17:40:06:   Permuting genes with 28 sgRNAs... 
INFO  @ Fri, 20 Sep 2024 17:40:06:   Permuting genes with 29 sgRNAs... 
INFO  @ Fri, 20 Sep 2024 17:40:06:   Permuting genes with 30 sgRNAs... 
INFO  @ Fri, 20 Sep 2024 17:40:06:   Permuting genes with 31 sgRNAs... 
INFO  @ Fri, 20 Sep 2024 17:40:06:   Permuting genes with 32 sgRNAs... 
INFO  @ Fri, 20 Sep 2024 17:40:06:   Permuting genes with 33 sgRNAs... 
INFO  @ Fri, 20 Sep 2024 17:40:06:   Permuting genes with 34 sgRNAs... 
INFO  @ Fri, 20 Sep 2024 17:40:06:   Permuting genes with 35 sgRNAs... 
INFO  @ Fri, 20 Sep 2024 17:40:06:   Permuting genes with 36 sgRNAs... 
INFO  @ Fri, 20 Sep 2024 17:40:06:   Permuting genes with 37 sgRNAs... 
INFO  @ Fri, 20 Sep 2024 17:40:06:   Permuting genes with 38 sgRNAs... 
INFO  @ Fri, 20 Sep 2024 17:40:06:   Permuting genes with 39 sgRNAs... 
INFO  @ Fri, 20 Sep 2024 17:40:06:   Permuting genes with 40 sgRNAs... 
INFO  @ Fri, 20 Sep 2024 17:40:06:   Permuting genes with 41 sgRNAs... 
INFO  @ Fri, 20 Sep 2024 17:40:06:   Permuting genes with 42 sgRNAs... 
INFO  @ Fri, 20 Sep 2024 17:40:06:   Permuting genes with 43 sgRNAs... 
INFO  @ Fri, 20 Sep 2024 17:40:06:   Permuting genes with 44 sgRNAs... 
INFO  @ Fri, 20 Sep 2024 17:40:06:   Permuting genes with 45 sgRNAs... 
INFO  @ Fri, 20 Sep 2024 17:40:06:   Permuting genes with 46 sgRNAs... 
INFO  @ Fri, 20 Sep 2024 17:40:06:   Permuting genes with 47 sgRNAs... 
INFO  @ Fri, 20 Sep 2024 17:40:06:   Permuting genes with 48 sgRNAs... 
INFO  @ Fri, 20 Sep 2024 17:40:06:   Permuting genes with 50 sgRNAs... 
INFO  @ Fri, 20 Sep 2024 17:40:06:   Permuting genes with 51 sgRNAs... 
INFO  @ Fri, 20 Sep 2024 17:40:06:   Permuting genes with 52 sgRNAs... 
INFO  @ Fri, 20 Sep 2024 17:40:06:   Permuting genes with 53 sgRNAs... 
INFO  @ Fri, 20 Sep 2024 17:40:06:   Permuting genes with 54 sgRNAs... 
INFO  @ Fri, 20 Sep 2024 17:40:06:   Permuting genes with 55 sgRNAs... 
INFO  @ Fri, 20 Sep 2024 17:40:06:   Permuting genes with 56 sgRNAs... 
INFO  @ Fri, 20 Sep 2024 17:40:06:   Permuting genes with 57 sgRNAs... 
INFO  @ Fri, 20 Sep 2024 17:40:06:   Permuting genes with 58 sgRNAs... 
INFO  @ Fri, 20 Sep 2024 17:40:06:   Permuting genes with 59 sgRNAs... 
INFO  @ Fri, 20 Sep 2024 17:40:06:   Permuting genes with 60 sgRNAs... 
INFO  @ Fri, 20 Sep 2024 17:40:06:   Permuting genes with 61 sgRNAs... 
INFO  @ Fri, 20 Sep 2024 17:40:06:   Permuting genes with 64 sgRNAs... 
INFO  @ Fri, 20 Sep 2024 17:40:06:   Permuting genes with 67 sgRNAs... 
INFO  @ Fri, 20 Sep 2024 17:40:06:   Permuting genes with 69 sgRNAs... 
INFO  @ Fri, 20 Sep 2024 17:40:06:   Permuting genes with 70 sgRNAs... 
INFO  @ Fri, 20 Sep 2024 17:40:06:   Permuting genes with 71 sgRNAs... 
INFO  @ Fri, 20 Sep 2024 17:40:06:   Permuting genes with 73 sgRNAs... 
INFO  @ Fri, 20 Sep 2024 17:40:06:   Permuting genes with 74 sgRNAs... 
INFO  @ Fri, 20 Sep 2024 17:40:06:   Permuting genes with 75 sgRNAs... 
INFO  @ Fri, 20 Sep 2024 17:40:06:   Permuting genes with 76 sgRNAs... 
INFO  @ Fri, 20 Sep 2024 17:40:06:   Permuting genes with 78 sgRNAs... 
INFO  @ Fri, 20 Sep 2024 17:40:06:   Permuting genes with 80 sgRNAs... 
INFO  @ Fri, 20 Sep 2024 17:40:06:   Permuting genes with 81 sgRNAs... 
INFO  @ Fri, 20 Sep 2024 17:40:06:   Permuting genes with 82 sgRNAs... 
INFO  @ Fri, 20 Sep 2024 17:40:06:   Permuting genes with 86 sgRNAs... 
INFO  @ Fri, 20 Sep 2024 17:40:06:   Permuting genes with 91 sgRNAs... 
INFO  @ Fri, 20 Sep 2024 17:40:06:   Permuting genes with 92 sgRNAs... 
INFO  @ Fri, 20 Sep 2024 17:40:06:   Number of genes under FDR adjustment: 481 
INFO  @ Fri, 20 Sep 2024 17:40:06:   Saving to output file... 
INFO  @ Fri, 20 Sep 2024 17:40:06:   RRA completed. 
INFO  @ Fri, 20 Sep 2024 17:40:06:   Groups deletion complete. 
INFO  @ Fri, 20 Sep 2024 17:40:06:   Lists deletion complete. 
INFO  @ Fri, 20 Sep 2024 17:40:06:    
INFO  @ Fri, 20 Sep 2024 17:40:06: End command message. 
INFO  @ Fri, 20 Sep 2024 17:40:06: Running command: RRA -i CBE_d5_input.phigh.txt -o CBE_d5_input.gene.high.txt -p 0.3446869571784608 --skip-gene NA --skip-gene na  
INFO  @ Fri, 20 Sep 2024 17:40:33: Command message: 
INFO  @ Fri, 20 Sep 2024 17:40:33:   Welcome to RRA v 0.5.9. 
INFO  @ Fri, 20 Sep 2024 17:40:33:   Skipping gene NA for permutation ... 
INFO  @ Fri, 20 Sep 2024 17:40:33:   Skipping gene na for permutation ... 
INFO  @ Fri, 20 Sep 2024 17:40:33:   Reading input file... 
INFO  @ Fri, 20 Sep 2024 17:40:33:   Summary: 13241 sgRNAs, 481 genes, 1 lists; skipped sgRNAs:0 
INFO  @ Fri, 20 Sep 2024 17:40:33:   Computing lo-values for each group... 
INFO  @ Fri, 20 Sep 2024 17:40:33:   Computing false discovery rate... 
INFO  @ Fri, 20 Sep 2024 17:40:33:   Increase the number of permutations to 208 to get precise p values. To avoid this, use the --permutation option. 
INFO  @ Fri, 20 Sep 2024 17:40:33:   Permuting genes with 1 sgRNAs... 
INFO  @ Fri, 20 Sep 2024 17:40:33:   Permuting genes with 2 sgRNAs... 
INFO  @ Fri, 20 Sep 2024 17:40:33:   Permuting genes with 3 sgRNAs... 
INFO  @ Fri, 20 Sep 2024 17:40:33:   Permuting genes with 4 sgRNAs... 
INFO  @ Fri, 20 Sep 2024 17:40:33:   Permuting genes with 5 sgRNAs... 
INFO  @ Fri, 20 Sep 2024 17:40:33:   Permuting genes with 6 sgRNAs... 
INFO  @ Fri, 20 Sep 2024 17:40:33:   Permuting genes with 7 sgRNAs... 
INFO  @ Fri, 20 Sep 2024 17:40:33:   Permuting genes with 8 sgRNAs... 
INFO  @ Fri, 20 Sep 2024 17:40:33:   Permuting genes with 9 sgRNAs... 
INFO  @ Fri, 20 Sep 2024 17:40:33:   Permuting genes with 10 sgRNAs... 
INFO  @ Fri, 20 Sep 2024 17:40:33:   Permuting genes with 11 sgRNAs... 
INFO  @ Fri, 20 Sep 2024 17:40:33:   Permuting genes with 12 sgRNAs... 
INFO  @ Fri, 20 Sep 2024 17:40:33:   Permuting genes with 13 sgRNAs... 
INFO  @ Fri, 20 Sep 2024 17:40:33:   Permuting genes with 14 sgRNAs... 
INFO  @ Fri, 20 Sep 2024 17:40:33:   Permuting genes with 15 sgRNAs... 
INFO  @ Fri, 20 Sep 2024 17:40:33:   Permuting genes with 16 sgRNAs... 
INFO  @ Fri, 20 Sep 2024 17:40:33:   Permuting genes with 17 sgRNAs... 
INFO  @ Fri, 20 Sep 2024 17:40:33:   Permuting genes with 18 sgRNAs... 
INFO  @ Fri, 20 Sep 2024 17:40:33:   Permuting genes with 19 sgRNAs... 
INFO  @ Fri, 20 Sep 2024 17:40:33:   Permuting genes with 20 sgRNAs... 
INFO  @ Fri, 20 Sep 2024 17:40:33:   Permuting genes with 21 sgRNAs... 
INFO  @ Fri, 20 Sep 2024 17:40:33:   Permuting genes with 22 sgRNAs... 
INFO  @ Fri, 20 Sep 2024 17:40:33:   Permuting genes with 23 sgRNAs... 
INFO  @ Fri, 20 Sep 2024 17:40:33:   Permuting genes with 24 sgRNAs... 
INFO  @ Fri, 20 Sep 2024 17:40:33:   Permuting genes with 25 sgRNAs... 
INFO  @ Fri, 20 Sep 2024 17:40:33:   Permuting genes with 26 sgRNAs... 
INFO  @ Fri, 20 Sep 2024 17:40:33:   Permuting genes with 27 sgRNAs... 
INFO  @ Fri, 20 Sep 2024 17:40:33:   Permuting genes with 28 sgRNAs... 
INFO  @ Fri, 20 Sep 2024 17:40:33:   Permuting genes with 29 sgRNAs... 
INFO  @ Fri, 20 Sep 2024 17:40:33:   Permuting genes with 30 sgRNAs... 
INFO  @ Fri, 20 Sep 2024 17:40:33:   Permuting genes with 31 sgRNAs... 
INFO  @ Fri, 20 Sep 2024 17:40:33:   Permuting genes with 32 sgRNAs... 
INFO  @ Fri, 20 Sep 2024 17:40:33:   Permuting genes with 33 sgRNAs... 
INFO  @ Fri, 20 Sep 2024 17:40:33:   Permuting genes with 34 sgRNAs... 
INFO  @ Fri, 20 Sep 2024 17:40:33:   Permuting genes with 35 sgRNAs... 
INFO  @ Fri, 20 Sep 2024 17:40:33:   Permuting genes with 36 sgRNAs... 
INFO  @ Fri, 20 Sep 2024 17:40:33:   Permuting genes with 37 sgRNAs... 
INFO  @ Fri, 20 Sep 2024 17:40:33:   Permuting genes with 38 sgRNAs... 
INFO  @ Fri, 20 Sep 2024 17:40:33:   Permuting genes with 39 sgRNAs... 
INFO  @ Fri, 20 Sep 2024 17:40:33:   Permuting genes with 40 sgRNAs... 
INFO  @ Fri, 20 Sep 2024 17:40:33:   Permuting genes with 41 sgRNAs... 
INFO  @ Fri, 20 Sep 2024 17:40:33:   Permuting genes with 42 sgRNAs... 
INFO  @ Fri, 20 Sep 2024 17:40:33:   Permuting genes with 43 sgRNAs... 
INFO  @ Fri, 20 Sep 2024 17:40:33:   Permuting genes with 44 sgRNAs... 
INFO  @ Fri, 20 Sep 2024 17:40:33:   Permuting genes with 45 sgRNAs... 
INFO  @ Fri, 20 Sep 2024 17:40:33:   Permuting genes with 46 sgRNAs... 
INFO  @ Fri, 20 Sep 2024 17:40:33:   Permuting genes with 47 sgRNAs... 
INFO  @ Fri, 20 Sep 2024 17:40:33:   Permuting genes with 48 sgRNAs... 
INFO  @ Fri, 20 Sep 2024 17:40:33:   Permuting genes with 50 sgRNAs... 
INFO  @ Fri, 20 Sep 2024 17:40:33:   Permuting genes with 51 sgRNAs... 
INFO  @ Fri, 20 Sep 2024 17:40:33:   Permuting genes with 52 sgRNAs... 
INFO  @ Fri, 20 Sep 2024 17:40:33:   Permuting genes with 53 sgRNAs... 
INFO  @ Fri, 20 Sep 2024 17:40:33:   Permuting genes with 54 sgRNAs... 
INFO  @ Fri, 20 Sep 2024 17:40:33:   Permuting genes with 55 sgRNAs... 
INFO  @ Fri, 20 Sep 2024 17:40:33:   Permuting genes with 56 sgRNAs... 
INFO  @ Fri, 20 Sep 2024 17:40:33:   Permuting genes with 57 sgRNAs... 
INFO  @ Fri, 20 Sep 2024 17:40:33:   Permuting genes with 58 sgRNAs... 
INFO  @ Fri, 20 Sep 2024 17:40:33:   Permuting genes with 59 sgRNAs... 
INFO  @ Fri, 20 Sep 2024 17:40:33:   Permuting genes with 60 sgRNAs... 
INFO  @ Fri, 20 Sep 2024 17:40:33:   Permuting genes with 61 sgRNAs... 
INFO  @ Fri, 20 Sep 2024 17:40:33:   Permuting genes with 64 sgRNAs... 
INFO  @ Fri, 20 Sep 2024 17:40:33:   Permuting genes with 67 sgRNAs... 
INFO  @ Fri, 20 Sep 2024 17:40:33:   Permuting genes with 69 sgRNAs... 
INFO  @ Fri, 20 Sep 2024 17:40:33:   Permuting genes with 70 sgRNAs... 
INFO  @ Fri, 20 Sep 2024 17:40:33:   Permuting genes with 71 sgRNAs... 
INFO  @ Fri, 20 Sep 2024 17:40:33:   Permuting genes with 73 sgRNAs... 
INFO  @ Fri, 20 Sep 2024 17:40:33:   Permuting genes with 74 sgRNAs... 
INFO  @ Fri, 20 Sep 2024 17:40:33:   Permuting genes with 75 sgRNAs... 
INFO  @ Fri, 20 Sep 2024 17:40:33:   Permuting genes with 76 sgRNAs... 
INFO  @ Fri, 20 Sep 2024 17:40:33:   Permuting genes with 78 sgRNAs... 
INFO  @ Fri, 20 Sep 2024 17:40:33:   Permuting genes with 80 sgRNAs... 
INFO  @ Fri, 20 Sep 2024 17:40:33:   Permuting genes with 81 sgRNAs... 
INFO  @ Fri, 20 Sep 2024 17:40:33:   Permuting genes with 82 sgRNAs... 
INFO  @ Fri, 20 Sep 2024 17:40:33:   Permuting genes with 86 sgRNAs... 
INFO  @ Fri, 20 Sep 2024 17:40:33:   Permuting genes with 91 sgRNAs... 
INFO  @ Fri, 20 Sep 2024 17:40:33:   Permuting genes with 92 sgRNAs... 
INFO  @ Fri, 20 Sep 2024 17:40:33:   Number of genes under FDR adjustment: 481 
INFO  @ Fri, 20 Sep 2024 17:40:33:   Saving to output file... 
INFO  @ Fri, 20 Sep 2024 17:40:33:   RRA completed. 
INFO  @ Fri, 20 Sep 2024 17:40:33:   Groups deletion complete. 
INFO  @ Fri, 20 Sep 2024 17:40:33:   Lists deletion complete. 
INFO  @ Fri, 20 Sep 2024 17:40:33:    
INFO  @ Fri, 20 Sep 2024 17:40:33: End command message. 
DEBUG @ Fri, 20 Sep 2024 17:40:33: Sorting the merged items by negative selection... 
INFO  @ Fri, 20 Sep 2024 17:40:33: Loading top 10 genes from CBE_d5_input.gene.low.txt: safe_target,non_target,Epha7,Atrx,Ptprd,Crebbp,Epha3,Kdm6a,Phox2b,Kmt2a 
DEBUG @ Fri, 20 Sep 2024 17:40:33: Column index:3 
INFO  @ Fri, 20 Sep 2024 17:40:33: Loading top 10 genes from CBE_d5_input.gene.high.txt: Cdkn2a,Dnmt1,Notch1,Csf3r,Irs1,Ptprs,Fgfr1,Gnas,Insr,Trp63 
DEBUG @ Fri, 20 Sep 2024 17:40:33: Column index:9 
INFO  @ Fri, 20 Sep 2024 17:40:34: Running command: rm CBE_d5_input.plow.txt 
INFO  @ Fri, 20 Sep 2024 17:40:34: Running command: rm CBE_d5_input.phigh.txt 
INFO  @ Fri, 20 Sep 2024 17:40:34: Running command: rm CBE_d5_input.gene.low.txt 
INFO  @ Fri, 20 Sep 2024 17:40:34: Running command: rm CBE_d5_input.gene.high.txt 
