INFO  @ Fri, 20 Sep 2024 17:42:24: Parameters: /Users/samgould/opt/anaconda3/envs/mageckenv/bin/mageck test -k CBE_bc_counts.txt -t spleen1,spleen2,spleen3,spleen4,spleen5,spleen6,spleen7,spleen8,spleen9 -c input_rep1,input_rep2,input_rep3 --normcounts-to-file -n CBE_spleen_input 
INFO  @ Fri, 20 Sep 2024 17:42:24: Welcome to MAGeCK v0.5.9.5. Command: test 
INFO  @ Fri, 20 Sep 2024 17:42:24: Loading count table from CBE_bc_counts.txt  
INFO  @ Fri, 20 Sep 2024 17:42:24: Processing 1 lines.. 
DEBUG @ Fri, 20 Sep 2024 17:42:24: Parsing error in line 1 (usually the header line). Skip this line. 
INFO  @ Fri, 20 Sep 2024 17:42:24: Loaded 13242 records. 
INFO  @ Fri, 20 Sep 2024 17:42:24: Loading Rnw template file: /Users/samgould/opt/anaconda3/envs/mageckenv/lib/python3.10/site-packages/mageck/test_report.Rmd. 
DEBUG @ Fri, 20 Sep 2024 17:42:24: Setting up the visualization module... 
INFO  @ Fri, 20 Sep 2024 17:42:24: Loading R template file: /Users/samgould/opt/anaconda3/envs/mageckenv/lib/python3.10/site-packages/mageck/plot_template.RTemplate. 
INFO  @ Fri, 20 Sep 2024 17:42:24: Loading R template file: /Users/samgould/opt/anaconda3/envs/mageckenv/lib/python3.10/site-packages/mageck/plot_template_indvgene.RTemplate. 
INFO  @ Fri, 20 Sep 2024 17:42:24: Loading Rnw template file: /Users/samgould/opt/anaconda3/envs/mageckenv/lib/python3.10/site-packages/mageck/plot_template.Rnw. 
DEBUG @ Fri, 20 Sep 2024 17:42:24: Setting up the visualization module... 
DEBUG @ Fri, 20 Sep 2024 17:42:24: Given sample labels: spleen1,spleen2,spleen3,spleen4,spleen5,spleen6,spleen7,spleen8,spleen9 
DEBUG @ Fri, 20 Sep 2024 17:42:24: Converted index: 0 1 2 3 4 5 6 7 8 
INFO  @ Fri, 20 Sep 2024 17:42:24: Treatment samples:spleen1,spleen2,spleen3,spleen4,spleen5,spleen6,spleen7,spleen8,spleen9 
INFO  @ Fri, 20 Sep 2024 17:42:24: Treatment sample index:0,1,2,3,4,5,6,7,8 
DEBUG @ Fri, 20 Sep 2024 17:42:24: Given sample labels: input_rep1,input_rep2,input_rep3 
DEBUG @ Fri, 20 Sep 2024 17:42:24: Converted index: 29 30 31 
INFO  @ Fri, 20 Sep 2024 17:42:24: Control samples:input_rep1,input_rep2,input_rep3 
INFO  @ Fri, 20 Sep 2024 17:42:24: Control sample index:29,30,31 
DEBUG @ Fri, 20 Sep 2024 17:42:24: Initial (total) size factor: 1.2026828302998633 1.1090983898599485 0.7319740216560428 1.1106082019921457 0.8700899495684605 0.9013655373220024 1.0571265886873928 0.8663108917529085 1.087479000154319 0.8989938020383175 1.281516053648593 1.206181229911782 
DEBUG @ Fri, 20 Sep 2024 17:42:24: Median factor: 1.0067037366050045 0.9253211748668435 0.7803349775675621 1.1624162944044893 0.8499806835222845 0.8591824598444683 0.977032458498977 0.8555665938734971 1.0684133810016632 0.8914481391126855 1.2938170448446633 1.166980984989044 
INFO  @ Fri, 20 Sep 2024 17:42:24: Final size factor: 1.0067037366050045 0.9253211748668435 0.7803349775675621 1.1624162944044893 0.8499806835222845 0.8591824598444683 0.977032458498977 0.8555665938734971 1.0684133810016632 0.8914481391126855 1.2938170448446633 1.166980984989044 
INFO  @ Fri, 20 Sep 2024 17:42:24: Writing normalized read counts to CBE_spleen_input.normalized.txt 
INFO  @ Fri, 20 Sep 2024 17:42:25: Detecting outliers from variance estimation.. Avg read count:[1184.4797998885595], Var: [895104.711429569] 
INFO  @ Fri, 20 Sep 2024 17:42:25: Skipping 60 sgRNAs from variance calculation because of their extreme high counts (> 4* STD (mean counts) ). 
DEBUG @ Fri, 20 Sep 2024 17:42:25: Adjusted model: 1.4012032964602574	2.931566115137761 
INFO  @ Fri, 20 Sep 2024 17:42:25: Before RRA, 1 sgRNAs are removed with zero counts in both group(s). 
INFO  @ Fri, 20 Sep 2024 17:42:25: Use qnorm to reversely calculate sgRNA scores ... 
DEBUG @ Fri, 20 Sep 2024 17:42:25: lower test FDR cutoff: 0.3347179216071294 
DEBUG @ Fri, 20 Sep 2024 17:42:25: higher test FDR cutoff: 0.36356770636658864 
INFO  @ Fri, 20 Sep 2024 17:42:25: Running command: RRA -i CBE_spleen_input.plow.txt -o CBE_spleen_input.gene.low.txt -p 0.3347179216071294 --skip-gene NA --skip-gene na  
INFO  @ Fri, 20 Sep 2024 17:42:51: Command message: 
INFO  @ Fri, 20 Sep 2024 17:42:51:   Welcome to RRA v 0.5.9. 
INFO  @ Fri, 20 Sep 2024 17:42:51:   Skipping gene NA for permutation ... 
INFO  @ Fri, 20 Sep 2024 17:42:51:   Skipping gene na for permutation ... 
INFO  @ Fri, 20 Sep 2024 17:42:51:   Reading input file... 
INFO  @ Fri, 20 Sep 2024 17:42:51:   Summary: 13241 sgRNAs, 481 genes, 1 lists; skipped sgRNAs:0 
INFO  @ Fri, 20 Sep 2024 17:42:51:   Computing lo-values for each group... 
INFO  @ Fri, 20 Sep 2024 17:42:51:   Computing false discovery rate... 
INFO  @ Fri, 20 Sep 2024 17:42:51:   Increase the number of permutations to 208 to get precise p values. To avoid this, use the --permutation option. 
INFO  @ Fri, 20 Sep 2024 17:42:51:   Permuting genes with 1 sgRNAs... 
INFO  @ Fri, 20 Sep 2024 17:42:51:   Permuting genes with 2 sgRNAs... 
INFO  @ Fri, 20 Sep 2024 17:42:51:   Permuting genes with 3 sgRNAs... 
INFO  @ Fri, 20 Sep 2024 17:42:51:   Permuting genes with 4 sgRNAs... 
INFO  @ Fri, 20 Sep 2024 17:42:51:   Permuting genes with 5 sgRNAs... 
INFO  @ Fri, 20 Sep 2024 17:42:51:   Permuting genes with 6 sgRNAs... 
INFO  @ Fri, 20 Sep 2024 17:42:51:   Permuting genes with 7 sgRNAs... 
INFO  @ Fri, 20 Sep 2024 17:42:51:   Permuting genes with 8 sgRNAs... 
INFO  @ Fri, 20 Sep 2024 17:42:51:   Permuting genes with 9 sgRNAs... 
INFO  @ Fri, 20 Sep 2024 17:42:51:   Permuting genes with 10 sgRNAs... 
INFO  @ Fri, 20 Sep 2024 17:42:51:   Permuting genes with 11 sgRNAs... 
INFO  @ Fri, 20 Sep 2024 17:42:51:   Permuting genes with 12 sgRNAs... 
INFO  @ Fri, 20 Sep 2024 17:42:51:   Permuting genes with 13 sgRNAs... 
INFO  @ Fri, 20 Sep 2024 17:42:51:   Permuting genes with 14 sgRNAs... 
INFO  @ Fri, 20 Sep 2024 17:42:51:   Permuting genes with 15 sgRNAs... 
INFO  @ Fri, 20 Sep 2024 17:42:51:   Permuting genes with 16 sgRNAs... 
INFO  @ Fri, 20 Sep 2024 17:42:51:   Permuting genes with 17 sgRNAs... 
INFO  @ Fri, 20 Sep 2024 17:42:51:   Permuting genes with 18 sgRNAs... 
INFO  @ Fri, 20 Sep 2024 17:42:51:   Permuting genes with 19 sgRNAs... 
INFO  @ Fri, 20 Sep 2024 17:42:51:   Permuting genes with 20 sgRNAs... 
INFO  @ Fri, 20 Sep 2024 17:42:51:   Permuting genes with 21 sgRNAs... 
INFO  @ Fri, 20 Sep 2024 17:42:51:   Permuting genes with 22 sgRNAs... 
INFO  @ Fri, 20 Sep 2024 17:42:51:   Permuting genes with 23 sgRNAs... 
INFO  @ Fri, 20 Sep 2024 17:42:51:   Permuting genes with 24 sgRNAs... 
INFO  @ Fri, 20 Sep 2024 17:42:51:   Permuting genes with 25 sgRNAs... 
INFO  @ Fri, 20 Sep 2024 17:42:51:   Permuting genes with 26 sgRNAs... 
INFO  @ Fri, 20 Sep 2024 17:42:51:   Permuting genes with 27 sgRNAs... 
INFO  @ Fri, 20 Sep 2024 17:42:51:   Permuting genes with 28 sgRNAs... 
INFO  @ Fri, 20 Sep 2024 17:42:51:   Permuting genes with 29 sgRNAs... 
INFO  @ Fri, 20 Sep 2024 17:42:51:   Permuting genes with 30 sgRNAs... 
INFO  @ Fri, 20 Sep 2024 17:42:51:   Permuting genes with 31 sgRNAs... 
INFO  @ Fri, 20 Sep 2024 17:42:51:   Permuting genes with 32 sgRNAs... 
INFO  @ Fri, 20 Sep 2024 17:42:51:   Permuting genes with 33 sgRNAs... 
INFO  @ Fri, 20 Sep 2024 17:42:51:   Permuting genes with 34 sgRNAs... 
INFO  @ Fri, 20 Sep 2024 17:42:51:   Permuting genes with 35 sgRNAs... 
INFO  @ Fri, 20 Sep 2024 17:42:51:   Permuting genes with 36 sgRNAs... 
INFO  @ Fri, 20 Sep 2024 17:42:51:   Permuting genes with 37 sgRNAs... 
INFO  @ Fri, 20 Sep 2024 17:42:51:   Permuting genes with 38 sgRNAs... 
INFO  @ Fri, 20 Sep 2024 17:42:51:   Permuting genes with 39 sgRNAs... 
INFO  @ Fri, 20 Sep 2024 17:42:51:   Permuting genes with 40 sgRNAs... 
INFO  @ Fri, 20 Sep 2024 17:42:51:   Permuting genes with 41 sgRNAs... 
INFO  @ Fri, 20 Sep 2024 17:42:51:   Permuting genes with 42 sgRNAs... 
INFO  @ Fri, 20 Sep 2024 17:42:51:   Permuting genes with 43 sgRNAs... 
INFO  @ Fri, 20 Sep 2024 17:42:51:   Permuting genes with 44 sgRNAs... 
INFO  @ Fri, 20 Sep 2024 17:42:51:   Permuting genes with 45 sgRNAs... 
INFO  @ Fri, 20 Sep 2024 17:42:51:   Permuting genes with 46 sgRNAs... 
INFO  @ Fri, 20 Sep 2024 17:42:51:   Permuting genes with 47 sgRNAs... 
INFO  @ Fri, 20 Sep 2024 17:42:51:   Permuting genes with 48 sgRNAs... 
INFO  @ Fri, 20 Sep 2024 17:42:51:   Permuting genes with 50 sgRNAs... 
INFO  @ Fri, 20 Sep 2024 17:42:51:   Permuting genes with 51 sgRNAs... 
INFO  @ Fri, 20 Sep 2024 17:42:51:   Permuting genes with 52 sgRNAs... 
INFO  @ Fri, 20 Sep 2024 17:42:51:   Permuting genes with 53 sgRNAs... 
INFO  @ Fri, 20 Sep 2024 17:42:51:   Permuting genes with 54 sgRNAs... 
INFO  @ Fri, 20 Sep 2024 17:42:51:   Permuting genes with 55 sgRNAs... 
INFO  @ Fri, 20 Sep 2024 17:42:51:   Permuting genes with 56 sgRNAs... 
INFO  @ Fri, 20 Sep 2024 17:42:51:   Permuting genes with 57 sgRNAs... 
INFO  @ Fri, 20 Sep 2024 17:42:51:   Permuting genes with 58 sgRNAs... 
INFO  @ Fri, 20 Sep 2024 17:42:51:   Permuting genes with 59 sgRNAs... 
INFO  @ Fri, 20 Sep 2024 17:42:51:   Permuting genes with 60 sgRNAs... 
INFO  @ Fri, 20 Sep 2024 17:42:51:   Permuting genes with 61 sgRNAs... 
INFO  @ Fri, 20 Sep 2024 17:42:51:   Permuting genes with 64 sgRNAs... 
INFO  @ Fri, 20 Sep 2024 17:42:51:   Permuting genes with 67 sgRNAs... 
INFO  @ Fri, 20 Sep 2024 17:42:51:   Permuting genes with 69 sgRNAs... 
INFO  @ Fri, 20 Sep 2024 17:42:51:   Permuting genes with 70 sgRNAs... 
INFO  @ Fri, 20 Sep 2024 17:42:51:   Permuting genes with 71 sgRNAs... 
INFO  @ Fri, 20 Sep 2024 17:42:51:   Permuting genes with 73 sgRNAs... 
INFO  @ Fri, 20 Sep 2024 17:42:51:   Permuting genes with 74 sgRNAs... 
INFO  @ Fri, 20 Sep 2024 17:42:51:   Permuting genes with 75 sgRNAs... 
INFO  @ Fri, 20 Sep 2024 17:42:51:   Permuting genes with 76 sgRNAs... 
INFO  @ Fri, 20 Sep 2024 17:42:51:   Permuting genes with 78 sgRNAs... 
INFO  @ Fri, 20 Sep 2024 17:42:51:   Permuting genes with 80 sgRNAs... 
INFO  @ Fri, 20 Sep 2024 17:42:51:   Permuting genes with 81 sgRNAs... 
INFO  @ Fri, 20 Sep 2024 17:42:51:   Permuting genes with 82 sgRNAs... 
INFO  @ Fri, 20 Sep 2024 17:42:51:   Permuting genes with 86 sgRNAs... 
INFO  @ Fri, 20 Sep 2024 17:42:51:   Permuting genes with 91 sgRNAs... 
INFO  @ Fri, 20 Sep 2024 17:42:51:   Permuting genes with 92 sgRNAs... 
INFO  @ Fri, 20 Sep 2024 17:42:51:   Number of genes under FDR adjustment: 481 
INFO  @ Fri, 20 Sep 2024 17:42:51:   Saving to output file... 
INFO  @ Fri, 20 Sep 2024 17:42:51:   RRA completed. 
INFO  @ Fri, 20 Sep 2024 17:42:51:   Groups deletion complete. 
INFO  @ Fri, 20 Sep 2024 17:42:51:   Lists deletion complete. 
INFO  @ Fri, 20 Sep 2024 17:42:51:    
INFO  @ Fri, 20 Sep 2024 17:42:51: End command message. 
INFO  @ Fri, 20 Sep 2024 17:42:51: Running command: RRA -i CBE_spleen_input.phigh.txt -o CBE_spleen_input.gene.high.txt -p 0.36356770636658864 --skip-gene NA --skip-gene na  
INFO  @ Fri, 20 Sep 2024 17:43:19: Command message: 
INFO  @ Fri, 20 Sep 2024 17:43:19:   Welcome to RRA v 0.5.9. 
INFO  @ Fri, 20 Sep 2024 17:43:19:   Skipping gene NA for permutation ... 
INFO  @ Fri, 20 Sep 2024 17:43:19:   Skipping gene na for permutation ... 
INFO  @ Fri, 20 Sep 2024 17:43:19:   Reading input file... 
INFO  @ Fri, 20 Sep 2024 17:43:19:   Summary: 13241 sgRNAs, 481 genes, 1 lists; skipped sgRNAs:0 
INFO  @ Fri, 20 Sep 2024 17:43:19:   Computing lo-values for each group... 
INFO  @ Fri, 20 Sep 2024 17:43:19:   Computing false discovery rate... 
INFO  @ Fri, 20 Sep 2024 17:43:19:   Increase the number of permutations to 208 to get precise p values. To avoid this, use the --permutation option. 
INFO  @ Fri, 20 Sep 2024 17:43:19:   Permuting genes with 1 sgRNAs... 
INFO  @ Fri, 20 Sep 2024 17:43:19:   Permuting genes with 2 sgRNAs... 
INFO  @ Fri, 20 Sep 2024 17:43:19:   Permuting genes with 3 sgRNAs... 
INFO  @ Fri, 20 Sep 2024 17:43:19:   Permuting genes with 4 sgRNAs... 
INFO  @ Fri, 20 Sep 2024 17:43:19:   Permuting genes with 5 sgRNAs... 
INFO  @ Fri, 20 Sep 2024 17:43:19:   Permuting genes with 6 sgRNAs... 
INFO  @ Fri, 20 Sep 2024 17:43:19:   Permuting genes with 7 sgRNAs... 
INFO  @ Fri, 20 Sep 2024 17:43:19:   Permuting genes with 8 sgRNAs... 
INFO  @ Fri, 20 Sep 2024 17:43:19:   Permuting genes with 9 sgRNAs... 
INFO  @ Fri, 20 Sep 2024 17:43:19:   Permuting genes with 10 sgRNAs... 
INFO  @ Fri, 20 Sep 2024 17:43:19:   Permuting genes with 11 sgRNAs... 
INFO  @ Fri, 20 Sep 2024 17:43:19:   Permuting genes with 12 sgRNAs... 
INFO  @ Fri, 20 Sep 2024 17:43:19:   Permuting genes with 13 sgRNAs... 
INFO  @ Fri, 20 Sep 2024 17:43:19:   Permuting genes with 14 sgRNAs... 
INFO  @ Fri, 20 Sep 2024 17:43:19:   Permuting genes with 15 sgRNAs... 
INFO  @ Fri, 20 Sep 2024 17:43:19:   Permuting genes with 16 sgRNAs... 
INFO  @ Fri, 20 Sep 2024 17:43:19:   Permuting genes with 17 sgRNAs... 
INFO  @ Fri, 20 Sep 2024 17:43:19:   Permuting genes with 18 sgRNAs... 
INFO  @ Fri, 20 Sep 2024 17:43:19:   Permuting genes with 19 sgRNAs... 
INFO  @ Fri, 20 Sep 2024 17:43:19:   Permuting genes with 20 sgRNAs... 
INFO  @ Fri, 20 Sep 2024 17:43:19:   Permuting genes with 21 sgRNAs... 
INFO  @ Fri, 20 Sep 2024 17:43:19:   Permuting genes with 22 sgRNAs... 
INFO  @ Fri, 20 Sep 2024 17:43:19:   Permuting genes with 23 sgRNAs... 
INFO  @ Fri, 20 Sep 2024 17:43:19:   Permuting genes with 24 sgRNAs... 
INFO  @ Fri, 20 Sep 2024 17:43:19:   Permuting genes with 25 sgRNAs... 
INFO  @ Fri, 20 Sep 2024 17:43:19:   Permuting genes with 26 sgRNAs... 
INFO  @ Fri, 20 Sep 2024 17:43:19:   Permuting genes with 27 sgRNAs... 
INFO  @ Fri, 20 Sep 2024 17:43:19:   Permuting genes with 28 sgRNAs... 
INFO  @ Fri, 20 Sep 2024 17:43:19:   Permuting genes with 29 sgRNAs... 
INFO  @ Fri, 20 Sep 2024 17:43:19:   Permuting genes with 30 sgRNAs... 
INFO  @ Fri, 20 Sep 2024 17:43:19:   Permuting genes with 31 sgRNAs... 
INFO  @ Fri, 20 Sep 2024 17:43:19:   Permuting genes with 32 sgRNAs... 
INFO  @ Fri, 20 Sep 2024 17:43:19:   Permuting genes with 33 sgRNAs... 
INFO  @ Fri, 20 Sep 2024 17:43:19:   Permuting genes with 34 sgRNAs... 
INFO  @ Fri, 20 Sep 2024 17:43:19:   Permuting genes with 35 sgRNAs... 
INFO  @ Fri, 20 Sep 2024 17:43:19:   Permuting genes with 36 sgRNAs... 
INFO  @ Fri, 20 Sep 2024 17:43:19:   Permuting genes with 37 sgRNAs... 
INFO  @ Fri, 20 Sep 2024 17:43:19:   Permuting genes with 38 sgRNAs... 
INFO  @ Fri, 20 Sep 2024 17:43:19:   Permuting genes with 39 sgRNAs... 
INFO  @ Fri, 20 Sep 2024 17:43:19:   Permuting genes with 40 sgRNAs... 
INFO  @ Fri, 20 Sep 2024 17:43:19:   Permuting genes with 41 sgRNAs... 
INFO  @ Fri, 20 Sep 2024 17:43:19:   Permuting genes with 42 sgRNAs... 
INFO  @ Fri, 20 Sep 2024 17:43:19:   Permuting genes with 43 sgRNAs... 
INFO  @ Fri, 20 Sep 2024 17:43:19:   Permuting genes with 44 sgRNAs... 
INFO  @ Fri, 20 Sep 2024 17:43:19:   Permuting genes with 45 sgRNAs... 
INFO  @ Fri, 20 Sep 2024 17:43:19:   Permuting genes with 46 sgRNAs... 
INFO  @ Fri, 20 Sep 2024 17:43:19:   Permuting genes with 47 sgRNAs... 
INFO  @ Fri, 20 Sep 2024 17:43:19:   Permuting genes with 48 sgRNAs... 
INFO  @ Fri, 20 Sep 2024 17:43:19:   Permuting genes with 50 sgRNAs... 
INFO  @ Fri, 20 Sep 2024 17:43:19:   Permuting genes with 51 sgRNAs... 
INFO  @ Fri, 20 Sep 2024 17:43:19:   Permuting genes with 52 sgRNAs... 
INFO  @ Fri, 20 Sep 2024 17:43:19:   Permuting genes with 53 sgRNAs... 
INFO  @ Fri, 20 Sep 2024 17:43:19:   Permuting genes with 54 sgRNAs... 
INFO  @ Fri, 20 Sep 2024 17:43:19:   Permuting genes with 55 sgRNAs... 
INFO  @ Fri, 20 Sep 2024 17:43:19:   Permuting genes with 56 sgRNAs... 
INFO  @ Fri, 20 Sep 2024 17:43:19:   Permuting genes with 57 sgRNAs... 
INFO  @ Fri, 20 Sep 2024 17:43:19:   Permuting genes with 58 sgRNAs... 
INFO  @ Fri, 20 Sep 2024 17:43:19:   Permuting genes with 59 sgRNAs... 
INFO  @ Fri, 20 Sep 2024 17:43:19:   Permuting genes with 60 sgRNAs... 
INFO  @ Fri, 20 Sep 2024 17:43:19:   Permuting genes with 61 sgRNAs... 
INFO  @ Fri, 20 Sep 2024 17:43:19:   Permuting genes with 64 sgRNAs... 
INFO  @ Fri, 20 Sep 2024 17:43:19:   Permuting genes with 67 sgRNAs... 
INFO  @ Fri, 20 Sep 2024 17:43:19:   Permuting genes with 69 sgRNAs... 
INFO  @ Fri, 20 Sep 2024 17:43:19:   Permuting genes with 70 sgRNAs... 
INFO  @ Fri, 20 Sep 2024 17:43:19:   Permuting genes with 71 sgRNAs... 
INFO  @ Fri, 20 Sep 2024 17:43:19:   Permuting genes with 73 sgRNAs... 
INFO  @ Fri, 20 Sep 2024 17:43:19:   Permuting genes with 74 sgRNAs... 
INFO  @ Fri, 20 Sep 2024 17:43:19:   Permuting genes with 75 sgRNAs... 
INFO  @ Fri, 20 Sep 2024 17:43:19:   Permuting genes with 76 sgRNAs... 
INFO  @ Fri, 20 Sep 2024 17:43:19:   Permuting genes with 78 sgRNAs... 
INFO  @ Fri, 20 Sep 2024 17:43:19:   Permuting genes with 80 sgRNAs... 
INFO  @ Fri, 20 Sep 2024 17:43:19:   Permuting genes with 81 sgRNAs... 
INFO  @ Fri, 20 Sep 2024 17:43:19:   Permuting genes with 82 sgRNAs... 
INFO  @ Fri, 20 Sep 2024 17:43:19:   Permuting genes with 86 sgRNAs... 
INFO  @ Fri, 20 Sep 2024 17:43:19:   Permuting genes with 91 sgRNAs... 
INFO  @ Fri, 20 Sep 2024 17:43:19:   Permuting genes with 92 sgRNAs... 
INFO  @ Fri, 20 Sep 2024 17:43:19:   Number of genes under FDR adjustment: 481 
INFO  @ Fri, 20 Sep 2024 17:43:19:   Saving to output file... 
INFO  @ Fri, 20 Sep 2024 17:43:19:   RRA completed. 
INFO  @ Fri, 20 Sep 2024 17:43:19:   Groups deletion complete. 
INFO  @ Fri, 20 Sep 2024 17:43:19:   Lists deletion complete. 
INFO  @ Fri, 20 Sep 2024 17:43:19:    
INFO  @ Fri, 20 Sep 2024 17:43:19: End command message. 
DEBUG @ Fri, 20 Sep 2024 17:43:19: Sorting the merged items by negative selection... 
INFO  @ Fri, 20 Sep 2024 17:43:19: Loading top 10 genes from CBE_spleen_input.gene.low.txt: non_target,Ptprs,Ctnnb1,Smarca4,Ep300,Myod1,Hist1h2bm,Pik3r1,Hras,Pik3cg 
DEBUG @ Fri, 20 Sep 2024 17:43:19: Column index:3 
INFO  @ Fri, 20 Sep 2024 17:43:19: Loading top 10 genes from CBE_spleen_input.gene.high.txt: safe_target,Rad50,Pax5,Atrx,Tgfbr2,Inppl1,Epas1,Kdm5a,Nras,Rras2 
DEBUG @ Fri, 20 Sep 2024 17:43:19: Column index:9 
INFO  @ Fri, 20 Sep 2024 17:43:20: Running command: rm CBE_spleen_input.plow.txt 
INFO  @ Fri, 20 Sep 2024 17:43:20: Running command: rm CBE_spleen_input.phigh.txt 
INFO  @ Fri, 20 Sep 2024 17:43:20: Running command: rm CBE_spleen_input.gene.low.txt 
INFO  @ Fri, 20 Sep 2024 17:43:20: Running command: rm CBE_spleen_input.gene.high.txt 
