INFO  @ Fri, 20 Sep 2024 17:43:46: Parameters: /Users/samgould/opt/anaconda3/envs/mageckenv/bin/mageck test -k CBE_bc_counts.txt -t bonemarrow1,bonemarrow2,bonemarrow3,bonemarrow4,bonemarrow5,bonemarrow6,bonemarrow7,bonemarrow8,bonemarrow9,bonemarrow10 -c input_rep1,input_rep2,input_rep3 --normcounts-to-file -n CBE_bonemarrow_input 
INFO  @ Fri, 20 Sep 2024 17:43:46: Welcome to MAGeCK v0.5.9.5. Command: test 
INFO  @ Fri, 20 Sep 2024 17:43:46: Loading count table from CBE_bc_counts.txt  
INFO  @ Fri, 20 Sep 2024 17:43:46: Processing 1 lines.. 
DEBUG @ Fri, 20 Sep 2024 17:43:46: Parsing error in line 1 (usually the header line). Skip this line. 
INFO  @ Fri, 20 Sep 2024 17:43:46: Loaded 13242 records. 
INFO  @ Fri, 20 Sep 2024 17:43:46: Loading Rnw template file: /Users/samgould/opt/anaconda3/envs/mageckenv/lib/python3.10/site-packages/mageck/test_report.Rmd. 
DEBUG @ Fri, 20 Sep 2024 17:43:46: Setting up the visualization module... 
INFO  @ Fri, 20 Sep 2024 17:43:46: Loading R template file: /Users/samgould/opt/anaconda3/envs/mageckenv/lib/python3.10/site-packages/mageck/plot_template.RTemplate. 
INFO  @ Fri, 20 Sep 2024 17:43:46: Loading R template file: /Users/samgould/opt/anaconda3/envs/mageckenv/lib/python3.10/site-packages/mageck/plot_template_indvgene.RTemplate. 
INFO  @ Fri, 20 Sep 2024 17:43:46: Loading Rnw template file: /Users/samgould/opt/anaconda3/envs/mageckenv/lib/python3.10/site-packages/mageck/plot_template.Rnw. 
DEBUG @ Fri, 20 Sep 2024 17:43:46: Setting up the visualization module... 
DEBUG @ Fri, 20 Sep 2024 17:43:46: Given sample labels: bonemarrow1,bonemarrow2,bonemarrow3,bonemarrow4,bonemarrow5,bonemarrow6,bonemarrow7,bonemarrow8,bonemarrow9,bonemarrow10 
DEBUG @ Fri, 20 Sep 2024 17:43:46: Converted index: 9 10 11 12 13 14 15 16 17 18 
INFO  @ Fri, 20 Sep 2024 17:43:46: Treatment samples:bonemarrow1,bonemarrow2,bonemarrow3,bonemarrow4,bonemarrow5,bonemarrow6,bonemarrow7,bonemarrow8,bonemarrow9,bonemarrow10 
INFO  @ Fri, 20 Sep 2024 17:43:46: Treatment sample index:9,10,11,12,13,14,15,16,17,18 
DEBUG @ Fri, 20 Sep 2024 17:43:46: Given sample labels: input_rep1,input_rep2,input_rep3 
DEBUG @ Fri, 20 Sep 2024 17:43:46: Converted index: 29 30 31 
INFO  @ Fri, 20 Sep 2024 17:43:46: Control samples:input_rep1,input_rep2,input_rep3 
INFO  @ Fri, 20 Sep 2024 17:43:46: Control sample index:29,30,31 
DEBUG @ Fri, 20 Sep 2024 17:43:46: Initial (total) size factor: 1.1846977693016625 1.0925128016299541 0.7210279957405484 1.1146942434796356 1.113724921384959 1.4917315816811074 0.9206112403257718 0.9266386201854453 1.020180367993181 1.0429989888335218 1.2714299518407797 0.8880327367936712 0.7292248814371798 
DEBUG @ Fri, 20 Sep 2024 17:43:46: Median factor: 0.6912748733264259 0.6358866164755205 0.5248788868082023 1.274052189722557 1.0062864364144581 1.4859339434763648 0.884222078658616 0.9757219031155232 1.0722025968959552 1.0246527935298952 1.3940391997910808 0.9825093616804189 0.7374166631249609 
INFO  @ Fri, 20 Sep 2024 17:43:46: Final size factor: 0.6912748733264259 0.6358866164755205 0.5248788868082023 1.274052189722557 1.0062864364144581 1.4859339434763648 0.884222078658616 0.9757219031155232 1.0722025968959552 1.0246527935298952 1.3940391997910808 0.9825093616804189 0.7374166631249609 
INFO  @ Fri, 20 Sep 2024 17:43:46: Writing normalized read counts to CBE_bonemarrow_input.normalized.txt 
INFO  @ Fri, 20 Sep 2024 17:43:47: Detecting outliers from variance estimation.. Avg read count:[810.2662753108386], Var: [418435.40417226014] 
INFO  @ Fri, 20 Sep 2024 17:43:47: Skipping 62 sgRNAs from variance calculation because of their extreme high counts (> 4* STD (mean counts) ). 
DEBUG @ Fri, 20 Sep 2024 17:43:47: Adjusted model: 1.3724942535191678	2.8810082863691884 
INFO  @ Fri, 20 Sep 2024 17:43:47: Before RRA, 1 sgRNAs are removed with zero counts in both group(s). 
INFO  @ Fri, 20 Sep 2024 17:43:47: Use qnorm to reversely calculate sgRNA scores ... 
DEBUG @ Fri, 20 Sep 2024 17:43:47: lower test FDR cutoff: 0.3539007627822672 
DEBUG @ Fri, 20 Sep 2024 17:43:47: higher test FDR cutoff: 0.39151121516501775 
INFO  @ Fri, 20 Sep 2024 17:43:47: Running command: RRA -i CBE_bonemarrow_input.plow.txt -o CBE_bonemarrow_input.gene.low.txt -p 0.3539007627822672 --skip-gene NA --skip-gene na  
INFO  @ Fri, 20 Sep 2024 17:44:14: Command message: 
INFO  @ Fri, 20 Sep 2024 17:44:14:   Welcome to RRA v 0.5.9. 
INFO  @ Fri, 20 Sep 2024 17:44:14:   Skipping gene NA for permutation ... 
INFO  @ Fri, 20 Sep 2024 17:44:14:   Skipping gene na for permutation ... 
INFO  @ Fri, 20 Sep 2024 17:44:14:   Reading input file... 
INFO  @ Fri, 20 Sep 2024 17:44:14:   Summary: 13241 sgRNAs, 481 genes, 1 lists; skipped sgRNAs:0 
INFO  @ Fri, 20 Sep 2024 17:44:14:   Computing lo-values for each group... 
INFO  @ Fri, 20 Sep 2024 17:44:14:   Computing false discovery rate... 
INFO  @ Fri, 20 Sep 2024 17:44:14:   Increase the number of permutations to 208 to get precise p values. To avoid this, use the --permutation option. 
INFO  @ Fri, 20 Sep 2024 17:44:14:   Permuting genes with 1 sgRNAs... 
INFO  @ Fri, 20 Sep 2024 17:44:14:   Permuting genes with 2 sgRNAs... 
INFO  @ Fri, 20 Sep 2024 17:44:14:   Permuting genes with 3 sgRNAs... 
INFO  @ Fri, 20 Sep 2024 17:44:14:   Permuting genes with 4 sgRNAs... 
INFO  @ Fri, 20 Sep 2024 17:44:14:   Permuting genes with 5 sgRNAs... 
INFO  @ Fri, 20 Sep 2024 17:44:14:   Permuting genes with 6 sgRNAs... 
INFO  @ Fri, 20 Sep 2024 17:44:14:   Permuting genes with 7 sgRNAs... 
INFO  @ Fri, 20 Sep 2024 17:44:14:   Permuting genes with 8 sgRNAs... 
INFO  @ Fri, 20 Sep 2024 17:44:14:   Permuting genes with 9 sgRNAs... 
INFO  @ Fri, 20 Sep 2024 17:44:14:   Permuting genes with 10 sgRNAs... 
INFO  @ Fri, 20 Sep 2024 17:44:14:   Permuting genes with 11 sgRNAs... 
INFO  @ Fri, 20 Sep 2024 17:44:14:   Permuting genes with 12 sgRNAs... 
INFO  @ Fri, 20 Sep 2024 17:44:14:   Permuting genes with 13 sgRNAs... 
INFO  @ Fri, 20 Sep 2024 17:44:14:   Permuting genes with 14 sgRNAs... 
INFO  @ Fri, 20 Sep 2024 17:44:14:   Permuting genes with 15 sgRNAs... 
INFO  @ Fri, 20 Sep 2024 17:44:14:   Permuting genes with 16 sgRNAs... 
INFO  @ Fri, 20 Sep 2024 17:44:14:   Permuting genes with 17 sgRNAs... 
INFO  @ Fri, 20 Sep 2024 17:44:14:   Permuting genes with 18 sgRNAs... 
INFO  @ Fri, 20 Sep 2024 17:44:14:   Permuting genes with 19 sgRNAs... 
INFO  @ Fri, 20 Sep 2024 17:44:14:   Permuting genes with 20 sgRNAs... 
INFO  @ Fri, 20 Sep 2024 17:44:14:   Permuting genes with 21 sgRNAs... 
INFO  @ Fri, 20 Sep 2024 17:44:14:   Permuting genes with 22 sgRNAs... 
INFO  @ Fri, 20 Sep 2024 17:44:14:   Permuting genes with 23 sgRNAs... 
INFO  @ Fri, 20 Sep 2024 17:44:14:   Permuting genes with 24 sgRNAs... 
INFO  @ Fri, 20 Sep 2024 17:44:14:   Permuting genes with 25 sgRNAs... 
INFO  @ Fri, 20 Sep 2024 17:44:14:   Permuting genes with 26 sgRNAs... 
INFO  @ Fri, 20 Sep 2024 17:44:14:   Permuting genes with 27 sgRNAs... 
INFO  @ Fri, 20 Sep 2024 17:44:14:   Permuting genes with 28 sgRNAs... 
INFO  @ Fri, 20 Sep 2024 17:44:14:   Permuting genes with 29 sgRNAs... 
INFO  @ Fri, 20 Sep 2024 17:44:14:   Permuting genes with 30 sgRNAs... 
INFO  @ Fri, 20 Sep 2024 17:44:14:   Permuting genes with 31 sgRNAs... 
INFO  @ Fri, 20 Sep 2024 17:44:14:   Permuting genes with 32 sgRNAs... 
INFO  @ Fri, 20 Sep 2024 17:44:14:   Permuting genes with 33 sgRNAs... 
INFO  @ Fri, 20 Sep 2024 17:44:14:   Permuting genes with 34 sgRNAs... 
INFO  @ Fri, 20 Sep 2024 17:44:14:   Permuting genes with 35 sgRNAs... 
INFO  @ Fri, 20 Sep 2024 17:44:14:   Permuting genes with 36 sgRNAs... 
INFO  @ Fri, 20 Sep 2024 17:44:14:   Permuting genes with 37 sgRNAs... 
INFO  @ Fri, 20 Sep 2024 17:44:14:   Permuting genes with 38 sgRNAs... 
INFO  @ Fri, 20 Sep 2024 17:44:14:   Permuting genes with 39 sgRNAs... 
INFO  @ Fri, 20 Sep 2024 17:44:14:   Permuting genes with 40 sgRNAs... 
INFO  @ Fri, 20 Sep 2024 17:44:14:   Permuting genes with 41 sgRNAs... 
INFO  @ Fri, 20 Sep 2024 17:44:14:   Permuting genes with 42 sgRNAs... 
INFO  @ Fri, 20 Sep 2024 17:44:14:   Permuting genes with 43 sgRNAs... 
INFO  @ Fri, 20 Sep 2024 17:44:14:   Permuting genes with 44 sgRNAs... 
INFO  @ Fri, 20 Sep 2024 17:44:14:   Permuting genes with 45 sgRNAs... 
INFO  @ Fri, 20 Sep 2024 17:44:14:   Permuting genes with 46 sgRNAs... 
INFO  @ Fri, 20 Sep 2024 17:44:14:   Permuting genes with 47 sgRNAs... 
INFO  @ Fri, 20 Sep 2024 17:44:14:   Permuting genes with 48 sgRNAs... 
INFO  @ Fri, 20 Sep 2024 17:44:14:   Permuting genes with 50 sgRNAs... 
INFO  @ Fri, 20 Sep 2024 17:44:14:   Permuting genes with 51 sgRNAs... 
INFO  @ Fri, 20 Sep 2024 17:44:14:   Permuting genes with 52 sgRNAs... 
INFO  @ Fri, 20 Sep 2024 17:44:14:   Permuting genes with 53 sgRNAs... 
INFO  @ Fri, 20 Sep 2024 17:44:14:   Permuting genes with 54 sgRNAs... 
INFO  @ Fri, 20 Sep 2024 17:44:14:   Permuting genes with 55 sgRNAs... 
INFO  @ Fri, 20 Sep 2024 17:44:14:   Permuting genes with 56 sgRNAs... 
INFO  @ Fri, 20 Sep 2024 17:44:14:   Permuting genes with 57 sgRNAs... 
INFO  @ Fri, 20 Sep 2024 17:44:14:   Permuting genes with 58 sgRNAs... 
INFO  @ Fri, 20 Sep 2024 17:44:14:   Permuting genes with 59 sgRNAs... 
INFO  @ Fri, 20 Sep 2024 17:44:14:   Permuting genes with 60 sgRNAs... 
INFO  @ Fri, 20 Sep 2024 17:44:14:   Permuting genes with 61 sgRNAs... 
INFO  @ Fri, 20 Sep 2024 17:44:14:   Permuting genes with 64 sgRNAs... 
INFO  @ Fri, 20 Sep 2024 17:44:14:   Permuting genes with 67 sgRNAs... 
INFO  @ Fri, 20 Sep 2024 17:44:14:   Permuting genes with 69 sgRNAs... 
INFO  @ Fri, 20 Sep 2024 17:44:14:   Permuting genes with 70 sgRNAs... 
INFO  @ Fri, 20 Sep 2024 17:44:14:   Permuting genes with 71 sgRNAs... 
INFO  @ Fri, 20 Sep 2024 17:44:14:   Permuting genes with 73 sgRNAs... 
INFO  @ Fri, 20 Sep 2024 17:44:14:   Permuting genes with 74 sgRNAs... 
INFO  @ Fri, 20 Sep 2024 17:44:14:   Permuting genes with 75 sgRNAs... 
INFO  @ Fri, 20 Sep 2024 17:44:14:   Permuting genes with 76 sgRNAs... 
INFO  @ Fri, 20 Sep 2024 17:44:14:   Permuting genes with 78 sgRNAs... 
INFO  @ Fri, 20 Sep 2024 17:44:14:   Permuting genes with 80 sgRNAs... 
INFO  @ Fri, 20 Sep 2024 17:44:14:   Permuting genes with 81 sgRNAs... 
INFO  @ Fri, 20 Sep 2024 17:44:14:   Permuting genes with 82 sgRNAs... 
INFO  @ Fri, 20 Sep 2024 17:44:14:   Permuting genes with 86 sgRNAs... 
INFO  @ Fri, 20 Sep 2024 17:44:14:   Permuting genes with 91 sgRNAs... 
INFO  @ Fri, 20 Sep 2024 17:44:14:   Permuting genes with 92 sgRNAs... 
INFO  @ Fri, 20 Sep 2024 17:44:14:   Number of genes under FDR adjustment: 481 
INFO  @ Fri, 20 Sep 2024 17:44:14:   Saving to output file... 
INFO  @ Fri, 20 Sep 2024 17:44:14:   RRA completed. 
INFO  @ Fri, 20 Sep 2024 17:44:14:   Groups deletion complete. 
INFO  @ Fri, 20 Sep 2024 17:44:14:   Lists deletion complete. 
INFO  @ Fri, 20 Sep 2024 17:44:14:    
INFO  @ Fri, 20 Sep 2024 17:44:14: End command message. 
INFO  @ Fri, 20 Sep 2024 17:44:14: Running command: RRA -i CBE_bonemarrow_input.phigh.txt -o CBE_bonemarrow_input.gene.high.txt -p 0.39151121516501775 --skip-gene NA --skip-gene na  
INFO  @ Fri, 20 Sep 2024 17:44:44: Command message: 
INFO  @ Fri, 20 Sep 2024 17:44:44:   Welcome to RRA v 0.5.9. 
INFO  @ Fri, 20 Sep 2024 17:44:44:   Skipping gene NA for permutation ... 
INFO  @ Fri, 20 Sep 2024 17:44:44:   Skipping gene na for permutation ... 
INFO  @ Fri, 20 Sep 2024 17:44:44:   Reading input file... 
INFO  @ Fri, 20 Sep 2024 17:44:44:   Summary: 13241 sgRNAs, 481 genes, 1 lists; skipped sgRNAs:0 
INFO  @ Fri, 20 Sep 2024 17:44:44:   Computing lo-values for each group... 
INFO  @ Fri, 20 Sep 2024 17:44:44:   Computing false discovery rate... 
INFO  @ Fri, 20 Sep 2024 17:44:44:   Increase the number of permutations to 208 to get precise p values. To avoid this, use the --permutation option. 
INFO  @ Fri, 20 Sep 2024 17:44:44:   Permuting genes with 1 sgRNAs... 
INFO  @ Fri, 20 Sep 2024 17:44:44:   Permuting genes with 2 sgRNAs... 
INFO  @ Fri, 20 Sep 2024 17:44:44:   Permuting genes with 3 sgRNAs... 
INFO  @ Fri, 20 Sep 2024 17:44:44:   Permuting genes with 4 sgRNAs... 
INFO  @ Fri, 20 Sep 2024 17:44:44:   Permuting genes with 5 sgRNAs... 
INFO  @ Fri, 20 Sep 2024 17:44:44:   Permuting genes with 6 sgRNAs... 
INFO  @ Fri, 20 Sep 2024 17:44:44:   Permuting genes with 7 sgRNAs... 
INFO  @ Fri, 20 Sep 2024 17:44:44:   Permuting genes with 8 sgRNAs... 
INFO  @ Fri, 20 Sep 2024 17:44:44:   Permuting genes with 9 sgRNAs... 
INFO  @ Fri, 20 Sep 2024 17:44:44:   Permuting genes with 10 sgRNAs... 
INFO  @ Fri, 20 Sep 2024 17:44:44:   Permuting genes with 11 sgRNAs... 
INFO  @ Fri, 20 Sep 2024 17:44:44:   Permuting genes with 12 sgRNAs... 
INFO  @ Fri, 20 Sep 2024 17:44:44:   Permuting genes with 13 sgRNAs... 
INFO  @ Fri, 20 Sep 2024 17:44:44:   Permuting genes with 14 sgRNAs... 
INFO  @ Fri, 20 Sep 2024 17:44:44:   Permuting genes with 15 sgRNAs... 
INFO  @ Fri, 20 Sep 2024 17:44:44:   Permuting genes with 16 sgRNAs... 
INFO  @ Fri, 20 Sep 2024 17:44:44:   Permuting genes with 17 sgRNAs... 
INFO  @ Fri, 20 Sep 2024 17:44:44:   Permuting genes with 18 sgRNAs... 
INFO  @ Fri, 20 Sep 2024 17:44:44:   Permuting genes with 19 sgRNAs... 
INFO  @ Fri, 20 Sep 2024 17:44:44:   Permuting genes with 20 sgRNAs... 
INFO  @ Fri, 20 Sep 2024 17:44:44:   Permuting genes with 21 sgRNAs... 
INFO  @ Fri, 20 Sep 2024 17:44:44:   Permuting genes with 22 sgRNAs... 
INFO  @ Fri, 20 Sep 2024 17:44:44:   Permuting genes with 23 sgRNAs... 
INFO  @ Fri, 20 Sep 2024 17:44:44:   Permuting genes with 24 sgRNAs... 
INFO  @ Fri, 20 Sep 2024 17:44:44:   Permuting genes with 25 sgRNAs... 
INFO  @ Fri, 20 Sep 2024 17:44:44:   Permuting genes with 26 sgRNAs... 
INFO  @ Fri, 20 Sep 2024 17:44:44:   Permuting genes with 27 sgRNAs... 
INFO  @ Fri, 20 Sep 2024 17:44:44:   Permuting genes with 28 sgRNAs... 
INFO  @ Fri, 20 Sep 2024 17:44:44:   Permuting genes with 29 sgRNAs... 
INFO  @ Fri, 20 Sep 2024 17:44:44:   Permuting genes with 30 sgRNAs... 
INFO  @ Fri, 20 Sep 2024 17:44:44:   Permuting genes with 31 sgRNAs... 
INFO  @ Fri, 20 Sep 2024 17:44:44:   Permuting genes with 32 sgRNAs... 
INFO  @ Fri, 20 Sep 2024 17:44:44:   Permuting genes with 33 sgRNAs... 
INFO  @ Fri, 20 Sep 2024 17:44:44:   Permuting genes with 34 sgRNAs... 
INFO  @ Fri, 20 Sep 2024 17:44:44:   Permuting genes with 35 sgRNAs... 
INFO  @ Fri, 20 Sep 2024 17:44:44:   Permuting genes with 36 sgRNAs... 
INFO  @ Fri, 20 Sep 2024 17:44:44:   Permuting genes with 37 sgRNAs... 
INFO  @ Fri, 20 Sep 2024 17:44:44:   Permuting genes with 38 sgRNAs... 
INFO  @ Fri, 20 Sep 2024 17:44:44:   Permuting genes with 39 sgRNAs... 
INFO  @ Fri, 20 Sep 2024 17:44:44:   Permuting genes with 40 sgRNAs... 
INFO  @ Fri, 20 Sep 2024 17:44:44:   Permuting genes with 41 sgRNAs... 
INFO  @ Fri, 20 Sep 2024 17:44:44:   Permuting genes with 42 sgRNAs... 
INFO  @ Fri, 20 Sep 2024 17:44:44:   Permuting genes with 43 sgRNAs... 
INFO  @ Fri, 20 Sep 2024 17:44:44:   Permuting genes with 44 sgRNAs... 
INFO  @ Fri, 20 Sep 2024 17:44:44:   Permuting genes with 45 sgRNAs... 
INFO  @ Fri, 20 Sep 2024 17:44:44:   Permuting genes with 46 sgRNAs... 
INFO  @ Fri, 20 Sep 2024 17:44:44:   Permuting genes with 47 sgRNAs... 
INFO  @ Fri, 20 Sep 2024 17:44:44:   Permuting genes with 48 sgRNAs... 
INFO  @ Fri, 20 Sep 2024 17:44:44:   Permuting genes with 50 sgRNAs... 
INFO  @ Fri, 20 Sep 2024 17:44:44:   Permuting genes with 51 sgRNAs... 
INFO  @ Fri, 20 Sep 2024 17:44:44:   Permuting genes with 52 sgRNAs... 
INFO  @ Fri, 20 Sep 2024 17:44:44:   Permuting genes with 53 sgRNAs... 
INFO  @ Fri, 20 Sep 2024 17:44:44:   Permuting genes with 54 sgRNAs... 
INFO  @ Fri, 20 Sep 2024 17:44:44:   Permuting genes with 55 sgRNAs... 
INFO  @ Fri, 20 Sep 2024 17:44:44:   Permuting genes with 56 sgRNAs... 
INFO  @ Fri, 20 Sep 2024 17:44:44:   Permuting genes with 57 sgRNAs... 
INFO  @ Fri, 20 Sep 2024 17:44:44:   Permuting genes with 58 sgRNAs... 
INFO  @ Fri, 20 Sep 2024 17:44:44:   Permuting genes with 59 sgRNAs... 
INFO  @ Fri, 20 Sep 2024 17:44:44:   Permuting genes with 60 sgRNAs... 
INFO  @ Fri, 20 Sep 2024 17:44:44:   Permuting genes with 61 sgRNAs... 
INFO  @ Fri, 20 Sep 2024 17:44:44:   Permuting genes with 64 sgRNAs... 
INFO  @ Fri, 20 Sep 2024 17:44:44:   Permuting genes with 67 sgRNAs... 
INFO  @ Fri, 20 Sep 2024 17:44:44:   Permuting genes with 69 sgRNAs... 
INFO  @ Fri, 20 Sep 2024 17:44:44:   Permuting genes with 70 sgRNAs... 
INFO  @ Fri, 20 Sep 2024 17:44:44:   Permuting genes with 71 sgRNAs... 
INFO  @ Fri, 20 Sep 2024 17:44:44:   Permuting genes with 73 sgRNAs... 
INFO  @ Fri, 20 Sep 2024 17:44:44:   Permuting genes with 74 sgRNAs... 
INFO  @ Fri, 20 Sep 2024 17:44:44:   Permuting genes with 75 sgRNAs... 
INFO  @ Fri, 20 Sep 2024 17:44:44:   Permuting genes with 76 sgRNAs... 
INFO  @ Fri, 20 Sep 2024 17:44:44:   Permuting genes with 78 sgRNAs... 
INFO  @ Fri, 20 Sep 2024 17:44:44:   Permuting genes with 80 sgRNAs... 
INFO  @ Fri, 20 Sep 2024 17:44:44:   Permuting genes with 81 sgRNAs... 
INFO  @ Fri, 20 Sep 2024 17:44:44:   Permuting genes with 82 sgRNAs... 
INFO  @ Fri, 20 Sep 2024 17:44:44:   Permuting genes with 86 sgRNAs... 
INFO  @ Fri, 20 Sep 2024 17:44:44:   Permuting genes with 91 sgRNAs... 
INFO  @ Fri, 20 Sep 2024 17:44:44:   Permuting genes with 92 sgRNAs... 
INFO  @ Fri, 20 Sep 2024 17:44:44:   Number of genes under FDR adjustment: 481 
INFO  @ Fri, 20 Sep 2024 17:44:44:   Saving to output file... 
INFO  @ Fri, 20 Sep 2024 17:44:44:   RRA completed. 
INFO  @ Fri, 20 Sep 2024 17:44:44:   Groups deletion complete. 
INFO  @ Fri, 20 Sep 2024 17:44:44:   Lists deletion complete. 
INFO  @ Fri, 20 Sep 2024 17:44:44:    
INFO  @ Fri, 20 Sep 2024 17:44:44: End command message. 
DEBUG @ Fri, 20 Sep 2024 17:44:44: Sorting the merged items by negative selection... 
INFO  @ Fri, 20 Sep 2024 17:44:44: Loading top 10 genes from CBE_bonemarrow_input.gene.low.txt: non_target,Smarca4,Hist1h3g,Ep300,Lats2,Upf1,Pik3cg,Myod1,Rac1,Plcg2 
DEBUG @ Fri, 20 Sep 2024 17:44:44: Column index:3 
INFO  @ Fri, 20 Sep 2024 17:44:44: Loading top 10 genes from CBE_bonemarrow_input.gene.high.txt: safe_target,Pax5,E2f3,Palb2,Nf1,Rras2,Inppl1,Rad50,Pole,Kdm5a 
DEBUG @ Fri, 20 Sep 2024 17:44:44: Column index:9 
INFO  @ Fri, 20 Sep 2024 17:44:44: Running command: rm CBE_bonemarrow_input.plow.txt 
INFO  @ Fri, 20 Sep 2024 17:44:44: Running command: rm CBE_bonemarrow_input.phigh.txt 
INFO  @ Fri, 20 Sep 2024 17:44:44: Running command: rm CBE_bonemarrow_input.gene.low.txt 
INFO  @ Fri, 20 Sep 2024 17:44:44: Running command: rm CBE_bonemarrow_input.gene.high.txt 
