INFO  @ Fri, 20 Sep 2024 17:41:03: Parameters: /Users/samgould/opt/anaconda3/envs/mageckenv/bin/mageck test -k CBE_bc_counts.txt -t d15_rep1,d15_rep2,d15_rep3 -c input_rep1,input_rep2,input_rep3 --normcounts-to-file -n CBE_d15_input 
INFO  @ Fri, 20 Sep 2024 17:41:03: Welcome to MAGeCK v0.5.9.5. Command: test 
INFO  @ Fri, 20 Sep 2024 17:41:03: Loading count table from CBE_bc_counts.txt  
INFO  @ Fri, 20 Sep 2024 17:41:03: Processing 1 lines.. 
DEBUG @ Fri, 20 Sep 2024 17:41:03: Parsing error in line 1 (usually the header line). Skip this line. 
INFO  @ Fri, 20 Sep 2024 17:41:03: Loaded 13242 records. 
INFO  @ Fri, 20 Sep 2024 17:41:03: Loading Rnw template file: /Users/samgould/opt/anaconda3/envs/mageckenv/lib/python3.10/site-packages/mageck/test_report.Rmd. 
DEBUG @ Fri, 20 Sep 2024 17:41:03: Setting up the visualization module... 
INFO  @ Fri, 20 Sep 2024 17:41:03: Loading R template file: /Users/samgould/opt/anaconda3/envs/mageckenv/lib/python3.10/site-packages/mageck/plot_template.RTemplate. 
INFO  @ Fri, 20 Sep 2024 17:41:03: Loading R template file: /Users/samgould/opt/anaconda3/envs/mageckenv/lib/python3.10/site-packages/mageck/plot_template_indvgene.RTemplate. 
INFO  @ Fri, 20 Sep 2024 17:41:03: Loading Rnw template file: /Users/samgould/opt/anaconda3/envs/mageckenv/lib/python3.10/site-packages/mageck/plot_template.Rnw. 
DEBUG @ Fri, 20 Sep 2024 17:41:03: Setting up the visualization module... 
DEBUG @ Fri, 20 Sep 2024 17:41:03: Given sample labels: d15_rep1,d15_rep2,d15_rep3 
DEBUG @ Fri, 20 Sep 2024 17:41:03: Converted index: 35 36 37 
INFO  @ Fri, 20 Sep 2024 17:41:03: Treatment samples:d15_rep1,d15_rep2,d15_rep3 
INFO  @ Fri, 20 Sep 2024 17:41:03: Treatment sample index:35,36,37 
DEBUG @ Fri, 20 Sep 2024 17:41:03: Given sample labels: input_rep1,input_rep2,input_rep3 
DEBUG @ Fri, 20 Sep 2024 17:41:03: Converted index: 29 30 31 
INFO  @ Fri, 20 Sep 2024 17:41:03: Control samples:input_rep1,input_rep2,input_rep3 
INFO  @ Fri, 20 Sep 2024 17:41:03: Control sample index:29,30,31 
DEBUG @ Fri, 20 Sep 2024 17:41:03: Initial (total) size factor: 1.1479726679914992 1.058645393112623 0.6986764501588896 1.040786153622737 1.0446991928533547 1.197615425030936 
DEBUG @ Fri, 20 Sep 2024 17:41:04: Median factor: 1.0129745436915858 0.917584503860902 0.7770661267288138 1.1195691749098309 1.049959393272984 1.1407825685303736 
INFO  @ Fri, 20 Sep 2024 17:41:04: Final size factor: 1.0129745436915858 0.917584503860902 0.7770661267288138 1.1195691749098309 1.049959393272984 1.1407825685303736 
INFO  @ Fri, 20 Sep 2024 17:41:04: Writing normalized read counts to CBE_d15_input.normalized.txt 
INFO  @ Fri, 20 Sep 2024 17:41:04: Detecting outliers from variance estimation.. Avg read count:[1181.128317944389], Var: [889263.8873344132] 
INFO  @ Fri, 20 Sep 2024 17:41:04: Skipping 63 sgRNAs from variance calculation because of their extreme high counts (> 4* STD (mean counts) ). 
DEBUG @ Fri, 20 Sep 2024 17:41:04: Adjusted model: 1.3863119319378163	3.097623245310763 
INFO  @ Fri, 20 Sep 2024 17:41:04: Before RRA, 1 sgRNAs are removed with zero counts in both group(s). 
INFO  @ Fri, 20 Sep 2024 17:41:04: Use qnorm to reversely calculate sgRNA scores ... 
DEBUG @ Fri, 20 Sep 2024 17:41:04: lower test FDR cutoff: 0.3383430254512499 
DEBUG @ Fri, 20 Sep 2024 17:41:04: higher test FDR cutoff: 0.3492183369836115 
INFO  @ Fri, 20 Sep 2024 17:41:04: Running command: RRA -i CBE_d15_input.plow.txt -o CBE_d15_input.gene.low.txt -p 0.3383430254512499 --skip-gene NA --skip-gene na  
INFO  @ Fri, 20 Sep 2024 17:41:30: Command message: 
INFO  @ Fri, 20 Sep 2024 17:41:30:   Welcome to RRA v 0.5.9. 
INFO  @ Fri, 20 Sep 2024 17:41:30:   Skipping gene NA for permutation ... 
INFO  @ Fri, 20 Sep 2024 17:41:30:   Skipping gene na for permutation ... 
INFO  @ Fri, 20 Sep 2024 17:41:30:   Reading input file... 
INFO  @ Fri, 20 Sep 2024 17:41:30:   Summary: 13241 sgRNAs, 481 genes, 1 lists; skipped sgRNAs:0 
INFO  @ Fri, 20 Sep 2024 17:41:30:   Computing lo-values for each group... 
INFO  @ Fri, 20 Sep 2024 17:41:30:   Computing false discovery rate... 
INFO  @ Fri, 20 Sep 2024 17:41:30:   Increase the number of permutations to 208 to get precise p values. To avoid this, use the --permutation option. 
INFO  @ Fri, 20 Sep 2024 17:41:30:   Permuting genes with 1 sgRNAs... 
INFO  @ Fri, 20 Sep 2024 17:41:30:   Permuting genes with 2 sgRNAs... 
INFO  @ Fri, 20 Sep 2024 17:41:30:   Permuting genes with 3 sgRNAs... 
INFO  @ Fri, 20 Sep 2024 17:41:30:   Permuting genes with 4 sgRNAs... 
INFO  @ Fri, 20 Sep 2024 17:41:30:   Permuting genes with 5 sgRNAs... 
INFO  @ Fri, 20 Sep 2024 17:41:30:   Permuting genes with 6 sgRNAs... 
INFO  @ Fri, 20 Sep 2024 17:41:30:   Permuting genes with 7 sgRNAs... 
INFO  @ Fri, 20 Sep 2024 17:41:30:   Permuting genes with 8 sgRNAs... 
INFO  @ Fri, 20 Sep 2024 17:41:30:   Permuting genes with 9 sgRNAs... 
INFO  @ Fri, 20 Sep 2024 17:41:30:   Permuting genes with 10 sgRNAs... 
INFO  @ Fri, 20 Sep 2024 17:41:30:   Permuting genes with 11 sgRNAs... 
INFO  @ Fri, 20 Sep 2024 17:41:30:   Permuting genes with 12 sgRNAs... 
INFO  @ Fri, 20 Sep 2024 17:41:30:   Permuting genes with 13 sgRNAs... 
INFO  @ Fri, 20 Sep 2024 17:41:30:   Permuting genes with 14 sgRNAs... 
INFO  @ Fri, 20 Sep 2024 17:41:30:   Permuting genes with 15 sgRNAs... 
INFO  @ Fri, 20 Sep 2024 17:41:30:   Permuting genes with 16 sgRNAs... 
INFO  @ Fri, 20 Sep 2024 17:41:30:   Permuting genes with 17 sgRNAs... 
INFO  @ Fri, 20 Sep 2024 17:41:30:   Permuting genes with 18 sgRNAs... 
INFO  @ Fri, 20 Sep 2024 17:41:30:   Permuting genes with 19 sgRNAs... 
INFO  @ Fri, 20 Sep 2024 17:41:30:   Permuting genes with 20 sgRNAs... 
INFO  @ Fri, 20 Sep 2024 17:41:30:   Permuting genes with 21 sgRNAs... 
INFO  @ Fri, 20 Sep 2024 17:41:30:   Permuting genes with 22 sgRNAs... 
INFO  @ Fri, 20 Sep 2024 17:41:30:   Permuting genes with 23 sgRNAs... 
INFO  @ Fri, 20 Sep 2024 17:41:30:   Permuting genes with 24 sgRNAs... 
INFO  @ Fri, 20 Sep 2024 17:41:30:   Permuting genes with 25 sgRNAs... 
INFO  @ Fri, 20 Sep 2024 17:41:30:   Permuting genes with 26 sgRNAs... 
INFO  @ Fri, 20 Sep 2024 17:41:30:   Permuting genes with 27 sgRNAs... 
INFO  @ Fri, 20 Sep 2024 17:41:30:   Permuting genes with 28 sgRNAs... 
INFO  @ Fri, 20 Sep 2024 17:41:30:   Permuting genes with 29 sgRNAs... 
INFO  @ Fri, 20 Sep 2024 17:41:30:   Permuting genes with 30 sgRNAs... 
INFO  @ Fri, 20 Sep 2024 17:41:30:   Permuting genes with 31 sgRNAs... 
INFO  @ Fri, 20 Sep 2024 17:41:30:   Permuting genes with 32 sgRNAs... 
INFO  @ Fri, 20 Sep 2024 17:41:30:   Permuting genes with 33 sgRNAs... 
INFO  @ Fri, 20 Sep 2024 17:41:30:   Permuting genes with 34 sgRNAs... 
INFO  @ Fri, 20 Sep 2024 17:41:30:   Permuting genes with 35 sgRNAs... 
INFO  @ Fri, 20 Sep 2024 17:41:30:   Permuting genes with 36 sgRNAs... 
INFO  @ Fri, 20 Sep 2024 17:41:30:   Permuting genes with 37 sgRNAs... 
INFO  @ Fri, 20 Sep 2024 17:41:30:   Permuting genes with 38 sgRNAs... 
INFO  @ Fri, 20 Sep 2024 17:41:30:   Permuting genes with 39 sgRNAs... 
INFO  @ Fri, 20 Sep 2024 17:41:30:   Permuting genes with 40 sgRNAs... 
INFO  @ Fri, 20 Sep 2024 17:41:30:   Permuting genes with 41 sgRNAs... 
INFO  @ Fri, 20 Sep 2024 17:41:30:   Permuting genes with 42 sgRNAs... 
INFO  @ Fri, 20 Sep 2024 17:41:30:   Permuting genes with 43 sgRNAs... 
INFO  @ Fri, 20 Sep 2024 17:41:30:   Permuting genes with 44 sgRNAs... 
INFO  @ Fri, 20 Sep 2024 17:41:30:   Permuting genes with 45 sgRNAs... 
INFO  @ Fri, 20 Sep 2024 17:41:30:   Permuting genes with 46 sgRNAs... 
INFO  @ Fri, 20 Sep 2024 17:41:30:   Permuting genes with 47 sgRNAs... 
INFO  @ Fri, 20 Sep 2024 17:41:30:   Permuting genes with 48 sgRNAs... 
INFO  @ Fri, 20 Sep 2024 17:41:30:   Permuting genes with 50 sgRNAs... 
INFO  @ Fri, 20 Sep 2024 17:41:30:   Permuting genes with 51 sgRNAs... 
INFO  @ Fri, 20 Sep 2024 17:41:30:   Permuting genes with 52 sgRNAs... 
INFO  @ Fri, 20 Sep 2024 17:41:30:   Permuting genes with 53 sgRNAs... 
INFO  @ Fri, 20 Sep 2024 17:41:30:   Permuting genes with 54 sgRNAs... 
INFO  @ Fri, 20 Sep 2024 17:41:30:   Permuting genes with 55 sgRNAs... 
INFO  @ Fri, 20 Sep 2024 17:41:30:   Permuting genes with 56 sgRNAs... 
INFO  @ Fri, 20 Sep 2024 17:41:30:   Permuting genes with 57 sgRNAs... 
INFO  @ Fri, 20 Sep 2024 17:41:30:   Permuting genes with 58 sgRNAs... 
INFO  @ Fri, 20 Sep 2024 17:41:30:   Permuting genes with 59 sgRNAs... 
INFO  @ Fri, 20 Sep 2024 17:41:30:   Permuting genes with 60 sgRNAs... 
INFO  @ Fri, 20 Sep 2024 17:41:30:   Permuting genes with 61 sgRNAs... 
INFO  @ Fri, 20 Sep 2024 17:41:30:   Permuting genes with 64 sgRNAs... 
INFO  @ Fri, 20 Sep 2024 17:41:30:   Permuting genes with 67 sgRNAs... 
INFO  @ Fri, 20 Sep 2024 17:41:30:   Permuting genes with 69 sgRNAs... 
INFO  @ Fri, 20 Sep 2024 17:41:30:   Permuting genes with 70 sgRNAs... 
INFO  @ Fri, 20 Sep 2024 17:41:30:   Permuting genes with 71 sgRNAs... 
INFO  @ Fri, 20 Sep 2024 17:41:30:   Permuting genes with 73 sgRNAs... 
INFO  @ Fri, 20 Sep 2024 17:41:30:   Permuting genes with 74 sgRNAs... 
INFO  @ Fri, 20 Sep 2024 17:41:30:   Permuting genes with 75 sgRNAs... 
INFO  @ Fri, 20 Sep 2024 17:41:30:   Permuting genes with 76 sgRNAs... 
INFO  @ Fri, 20 Sep 2024 17:41:30:   Permuting genes with 78 sgRNAs... 
INFO  @ Fri, 20 Sep 2024 17:41:30:   Permuting genes with 80 sgRNAs... 
INFO  @ Fri, 20 Sep 2024 17:41:30:   Permuting genes with 81 sgRNAs... 
INFO  @ Fri, 20 Sep 2024 17:41:30:   Permuting genes with 82 sgRNAs... 
INFO  @ Fri, 20 Sep 2024 17:41:30:   Permuting genes with 86 sgRNAs... 
INFO  @ Fri, 20 Sep 2024 17:41:30:   Permuting genes with 91 sgRNAs... 
INFO  @ Fri, 20 Sep 2024 17:41:30:   Permuting genes with 92 sgRNAs... 
INFO  @ Fri, 20 Sep 2024 17:41:30:   Number of genes under FDR adjustment: 481 
INFO  @ Fri, 20 Sep 2024 17:41:30:   Saving to output file... 
INFO  @ Fri, 20 Sep 2024 17:41:30:   RRA completed. 
INFO  @ Fri, 20 Sep 2024 17:41:30:   Groups deletion complete. 
INFO  @ Fri, 20 Sep 2024 17:41:30:   Lists deletion complete. 
INFO  @ Fri, 20 Sep 2024 17:41:30:    
INFO  @ Fri, 20 Sep 2024 17:41:30: End command message. 
INFO  @ Fri, 20 Sep 2024 17:41:30: Running command: RRA -i CBE_d15_input.phigh.txt -o CBE_d15_input.gene.high.txt -p 0.3492183369836115 --skip-gene NA --skip-gene na  
INFO  @ Fri, 20 Sep 2024 17:41:57: Command message: 
INFO  @ Fri, 20 Sep 2024 17:41:57:   Welcome to RRA v 0.5.9. 
INFO  @ Fri, 20 Sep 2024 17:41:57:   Skipping gene NA for permutation ... 
INFO  @ Fri, 20 Sep 2024 17:41:57:   Skipping gene na for permutation ... 
INFO  @ Fri, 20 Sep 2024 17:41:57:   Reading input file... 
INFO  @ Fri, 20 Sep 2024 17:41:57:   Summary: 13241 sgRNAs, 481 genes, 1 lists; skipped sgRNAs:0 
INFO  @ Fri, 20 Sep 2024 17:41:57:   Computing lo-values for each group... 
INFO  @ Fri, 20 Sep 2024 17:41:57:   Computing false discovery rate... 
INFO  @ Fri, 20 Sep 2024 17:41:57:   Increase the number of permutations to 208 to get precise p values. To avoid this, use the --permutation option. 
INFO  @ Fri, 20 Sep 2024 17:41:57:   Permuting genes with 1 sgRNAs... 
INFO  @ Fri, 20 Sep 2024 17:41:57:   Permuting genes with 2 sgRNAs... 
INFO  @ Fri, 20 Sep 2024 17:41:57:   Permuting genes with 3 sgRNAs... 
INFO  @ Fri, 20 Sep 2024 17:41:57:   Permuting genes with 4 sgRNAs... 
INFO  @ Fri, 20 Sep 2024 17:41:57:   Permuting genes with 5 sgRNAs... 
INFO  @ Fri, 20 Sep 2024 17:41:57:   Permuting genes with 6 sgRNAs... 
INFO  @ Fri, 20 Sep 2024 17:41:57:   Permuting genes with 7 sgRNAs... 
INFO  @ Fri, 20 Sep 2024 17:41:57:   Permuting genes with 8 sgRNAs... 
INFO  @ Fri, 20 Sep 2024 17:41:57:   Permuting genes with 9 sgRNAs... 
INFO  @ Fri, 20 Sep 2024 17:41:57:   Permuting genes with 10 sgRNAs... 
INFO  @ Fri, 20 Sep 2024 17:41:57:   Permuting genes with 11 sgRNAs... 
INFO  @ Fri, 20 Sep 2024 17:41:57:   Permuting genes with 12 sgRNAs... 
INFO  @ Fri, 20 Sep 2024 17:41:57:   Permuting genes with 13 sgRNAs... 
INFO  @ Fri, 20 Sep 2024 17:41:57:   Permuting genes with 14 sgRNAs... 
INFO  @ Fri, 20 Sep 2024 17:41:57:   Permuting genes with 15 sgRNAs... 
INFO  @ Fri, 20 Sep 2024 17:41:57:   Permuting genes with 16 sgRNAs... 
INFO  @ Fri, 20 Sep 2024 17:41:57:   Permuting genes with 17 sgRNAs... 
INFO  @ Fri, 20 Sep 2024 17:41:57:   Permuting genes with 18 sgRNAs... 
INFO  @ Fri, 20 Sep 2024 17:41:57:   Permuting genes with 19 sgRNAs... 
INFO  @ Fri, 20 Sep 2024 17:41:57:   Permuting genes with 20 sgRNAs... 
INFO  @ Fri, 20 Sep 2024 17:41:57:   Permuting genes with 21 sgRNAs... 
INFO  @ Fri, 20 Sep 2024 17:41:57:   Permuting genes with 22 sgRNAs... 
INFO  @ Fri, 20 Sep 2024 17:41:57:   Permuting genes with 23 sgRNAs... 
INFO  @ Fri, 20 Sep 2024 17:41:57:   Permuting genes with 24 sgRNAs... 
INFO  @ Fri, 20 Sep 2024 17:41:57:   Permuting genes with 25 sgRNAs... 
INFO  @ Fri, 20 Sep 2024 17:41:57:   Permuting genes with 26 sgRNAs... 
INFO  @ Fri, 20 Sep 2024 17:41:57:   Permuting genes with 27 sgRNAs... 
INFO  @ Fri, 20 Sep 2024 17:41:57:   Permuting genes with 28 sgRNAs... 
INFO  @ Fri, 20 Sep 2024 17:41:57:   Permuting genes with 29 sgRNAs... 
INFO  @ Fri, 20 Sep 2024 17:41:57:   Permuting genes with 30 sgRNAs... 
INFO  @ Fri, 20 Sep 2024 17:41:57:   Permuting genes with 31 sgRNAs... 
INFO  @ Fri, 20 Sep 2024 17:41:57:   Permuting genes with 32 sgRNAs... 
INFO  @ Fri, 20 Sep 2024 17:41:57:   Permuting genes with 33 sgRNAs... 
INFO  @ Fri, 20 Sep 2024 17:41:57:   Permuting genes with 34 sgRNAs... 
INFO  @ Fri, 20 Sep 2024 17:41:57:   Permuting genes with 35 sgRNAs... 
INFO  @ Fri, 20 Sep 2024 17:41:57:   Permuting genes with 36 sgRNAs... 
INFO  @ Fri, 20 Sep 2024 17:41:57:   Permuting genes with 37 sgRNAs... 
INFO  @ Fri, 20 Sep 2024 17:41:57:   Permuting genes with 38 sgRNAs... 
INFO  @ Fri, 20 Sep 2024 17:41:57:   Permuting genes with 39 sgRNAs... 
INFO  @ Fri, 20 Sep 2024 17:41:57:   Permuting genes with 40 sgRNAs... 
INFO  @ Fri, 20 Sep 2024 17:41:57:   Permuting genes with 41 sgRNAs... 
INFO  @ Fri, 20 Sep 2024 17:41:57:   Permuting genes with 42 sgRNAs... 
INFO  @ Fri, 20 Sep 2024 17:41:57:   Permuting genes with 43 sgRNAs... 
INFO  @ Fri, 20 Sep 2024 17:41:57:   Permuting genes with 44 sgRNAs... 
INFO  @ Fri, 20 Sep 2024 17:41:57:   Permuting genes with 45 sgRNAs... 
INFO  @ Fri, 20 Sep 2024 17:41:57:   Permuting genes with 46 sgRNAs... 
INFO  @ Fri, 20 Sep 2024 17:41:57:   Permuting genes with 47 sgRNAs... 
INFO  @ Fri, 20 Sep 2024 17:41:57:   Permuting genes with 48 sgRNAs... 
INFO  @ Fri, 20 Sep 2024 17:41:57:   Permuting genes with 50 sgRNAs... 
INFO  @ Fri, 20 Sep 2024 17:41:57:   Permuting genes with 51 sgRNAs... 
INFO  @ Fri, 20 Sep 2024 17:41:57:   Permuting genes with 52 sgRNAs... 
INFO  @ Fri, 20 Sep 2024 17:41:57:   Permuting genes with 53 sgRNAs... 
INFO  @ Fri, 20 Sep 2024 17:41:57:   Permuting genes with 54 sgRNAs... 
INFO  @ Fri, 20 Sep 2024 17:41:57:   Permuting genes with 55 sgRNAs... 
INFO  @ Fri, 20 Sep 2024 17:41:57:   Permuting genes with 56 sgRNAs... 
INFO  @ Fri, 20 Sep 2024 17:41:57:   Permuting genes with 57 sgRNAs... 
INFO  @ Fri, 20 Sep 2024 17:41:57:   Permuting genes with 58 sgRNAs... 
INFO  @ Fri, 20 Sep 2024 17:41:57:   Permuting genes with 59 sgRNAs... 
INFO  @ Fri, 20 Sep 2024 17:41:57:   Permuting genes with 60 sgRNAs... 
INFO  @ Fri, 20 Sep 2024 17:41:57:   Permuting genes with 61 sgRNAs... 
INFO  @ Fri, 20 Sep 2024 17:41:57:   Permuting genes with 64 sgRNAs... 
INFO  @ Fri, 20 Sep 2024 17:41:57:   Permuting genes with 67 sgRNAs... 
INFO  @ Fri, 20 Sep 2024 17:41:57:   Permuting genes with 69 sgRNAs... 
INFO  @ Fri, 20 Sep 2024 17:41:57:   Permuting genes with 70 sgRNAs... 
INFO  @ Fri, 20 Sep 2024 17:41:57:   Permuting genes with 71 sgRNAs... 
INFO  @ Fri, 20 Sep 2024 17:41:57:   Permuting genes with 73 sgRNAs... 
INFO  @ Fri, 20 Sep 2024 17:41:57:   Permuting genes with 74 sgRNAs... 
INFO  @ Fri, 20 Sep 2024 17:41:57:   Permuting genes with 75 sgRNAs... 
INFO  @ Fri, 20 Sep 2024 17:41:57:   Permuting genes with 76 sgRNAs... 
INFO  @ Fri, 20 Sep 2024 17:41:57:   Permuting genes with 78 sgRNAs... 
INFO  @ Fri, 20 Sep 2024 17:41:57:   Permuting genes with 80 sgRNAs... 
INFO  @ Fri, 20 Sep 2024 17:41:57:   Permuting genes with 81 sgRNAs... 
INFO  @ Fri, 20 Sep 2024 17:41:57:   Permuting genes with 82 sgRNAs... 
INFO  @ Fri, 20 Sep 2024 17:41:57:   Permuting genes with 86 sgRNAs... 
INFO  @ Fri, 20 Sep 2024 17:41:57:   Permuting genes with 91 sgRNAs... 
INFO  @ Fri, 20 Sep 2024 17:41:57:   Permuting genes with 92 sgRNAs... 
INFO  @ Fri, 20 Sep 2024 17:41:57:   Number of genes under FDR adjustment: 481 
INFO  @ Fri, 20 Sep 2024 17:41:57:   Saving to output file... 
INFO  @ Fri, 20 Sep 2024 17:41:57:   RRA completed. 
INFO  @ Fri, 20 Sep 2024 17:41:57:   Groups deletion complete. 
INFO  @ Fri, 20 Sep 2024 17:41:57:   Lists deletion complete. 
INFO  @ Fri, 20 Sep 2024 17:41:57:    
INFO  @ Fri, 20 Sep 2024 17:41:57: End command message. 
DEBUG @ Fri, 20 Sep 2024 17:41:57: Sorting the merged items by negative selection... 
INFO  @ Fri, 20 Sep 2024 17:41:57: Loading top 10 genes from CBE_d15_input.gene.low.txt: safe_target,non_target,Atrx,Tshr,Phox2b,Ctcf,Epha3,Phf6,Pik3cg,Hist1h3g 
DEBUG @ Fri, 20 Sep 2024 17:41:57: Column index:3 
INFO  @ Fri, 20 Sep 2024 17:41:58: Loading top 10 genes from CBE_d15_input.gene.high.txt: Notch1,Cdkn2a,Irs1,Gnas,Notch3,Ptprs,Prdm14,Ercc2,Msi2,Egfr 
DEBUG @ Fri, 20 Sep 2024 17:41:58: Column index:9 
INFO  @ Fri, 20 Sep 2024 17:41:58: Running command: rm CBE_d15_input.plow.txt 
INFO  @ Fri, 20 Sep 2024 17:41:58: Running command: rm CBE_d15_input.phigh.txt 
INFO  @ Fri, 20 Sep 2024 17:41:58: Running command: rm CBE_d15_input.gene.low.txt 
INFO  @ Fri, 20 Sep 2024 17:41:58: Running command: rm CBE_d15_input.gene.high.txt 
