INFO  @ Fri, 06 Dec 2024 14:00:01: Parameters: /Users/samgould/opt/anaconda3/envs/mageckenv/bin/mageck test -k /Users/samgould/Documents/GitHub/B-ALL-analysis-extravaganza/cluster_scripts_KO/guide_counts_KO.txt -t B1,B2,B3,B4 -c d5_rep2,d5_rep3 --normcounts-to-file -n bone_d5 
INFO  @ Fri, 06 Dec 2024 14:00:01: Welcome to MAGeCK v0.5.9.5. Command: test 
INFO  @ Fri, 06 Dec 2024 14:00:01: Loading count table from /Users/samgould/Documents/GitHub/B-ALL-analysis-extravaganza/cluster_scripts_KO/guide_counts_KO.txt  
INFO  @ Fri, 06 Dec 2024 14:00:01: Processing 1 lines.. 
DEBUG @ Fri, 06 Dec 2024 14:00:01: Parsing error in line 1 (usually the header line). Skip this line. 
INFO  @ Fri, 06 Dec 2024 14:00:01: Loaded 1070 records. 
INFO  @ Fri, 06 Dec 2024 14:00:01: Loading Rnw template file: /Users/samgould/opt/anaconda3/envs/mageckenv/lib/python3.10/site-packages/mageck/test_report.Rmd. 
DEBUG @ Fri, 06 Dec 2024 14:00:01: Setting up the visualization module... 
INFO  @ Fri, 06 Dec 2024 14:00:01: Loading R template file: /Users/samgould/opt/anaconda3/envs/mageckenv/lib/python3.10/site-packages/mageck/plot_template.RTemplate. 
INFO  @ Fri, 06 Dec 2024 14:00:01: Loading R template file: /Users/samgould/opt/anaconda3/envs/mageckenv/lib/python3.10/site-packages/mageck/plot_template_indvgene.RTemplate. 
INFO  @ Fri, 06 Dec 2024 14:00:01: Loading Rnw template file: /Users/samgould/opt/anaconda3/envs/mageckenv/lib/python3.10/site-packages/mageck/plot_template.Rnw. 
DEBUG @ Fri, 06 Dec 2024 14:00:01: Setting up the visualization module... 
DEBUG @ Fri, 06 Dec 2024 14:00:01: Given sample labels: B1,B2,B3,B4 
DEBUG @ Fri, 06 Dec 2024 14:00:01: Converted index: 3 4 5 6 
INFO  @ Fri, 06 Dec 2024 14:00:01: Treatment samples:B1,B2,B3,B4 
INFO  @ Fri, 06 Dec 2024 14:00:01: Treatment sample index:3,4,5,6 
DEBUG @ Fri, 06 Dec 2024 14:00:01: Given sample labels: d5_rep2,d5_rep3 
DEBUG @ Fri, 06 Dec 2024 14:00:01: Converted index: 15 16 
INFO  @ Fri, 06 Dec 2024 14:00:01: Control samples:d5_rep2,d5_rep3 
INFO  @ Fri, 06 Dec 2024 14:00:01: Control sample index:15,16 
DEBUG @ Fri, 06 Dec 2024 14:00:01: Initial (total) size factor: 1.0054270239167136 2.231671731963864 0.6599606928266263 2.2183767799485854 0.6716725408361698 0.9070618791362606 
DEBUG @ Fri, 06 Dec 2024 14:00:01: Median factor: 0.6625081366929481 1.6387675836913724 0.5667551271525211 1.7631571262109536 0.6546481638517684 1.0932729156304004 
INFO  @ Fri, 06 Dec 2024 14:00:01: Final size factor: 0.6625081366929481 1.6387675836913724 0.5667551271525211 1.7631571262109536 0.6546481638517684 1.0932729156304004 
INFO  @ Fri, 06 Dec 2024 14:00:01: Writing normalized read counts to bone_d5.normalized.txt 
INFO  @ Fri, 06 Dec 2024 14:00:01: Detecting outliers from variance estimation.. Avg read count:[404.59895505171716], Var: [373803.2325728497] 
INFO  @ Fri, 06 Dec 2024 14:00:01: Skipping 13 sgRNAs from variance calculation because of their extreme high counts (> 4* STD (mean counts) ). 
DEBUG @ Fri, 06 Dec 2024 14:00:01: Adjusted model: 1.630842062841759	0 
INFO  @ Fri, 06 Dec 2024 14:00:01: Before RRA, 1 sgRNAs are removed with zero counts in both group(s). 
INFO  @ Fri, 06 Dec 2024 14:00:01: Use qnorm to reversely calculate sgRNA scores ... 
DEBUG @ Fri, 06 Dec 2024 14:00:01: lower test FDR cutoff: 0.4087932647333957 
DEBUG @ Fri, 06 Dec 2024 14:00:01: higher test FDR cutoff: 0.4293732460243218 
INFO  @ Fri, 06 Dec 2024 14:00:01: Running command: RRA -i bone_d5.plow.txt -o bone_d5.gene.low.txt -p 0.4087932647333957 --skip-gene NA --skip-gene na  
INFO  @ Fri, 06 Dec 2024 14:00:04: Command message: 
INFO  @ Fri, 06 Dec 2024 14:00:04:   Welcome to RRA v 0.5.9. 
INFO  @ Fri, 06 Dec 2024 14:00:04:   Skipping gene NA for permutation ... 
INFO  @ Fri, 06 Dec 2024 14:00:04:   Skipping gene na for permutation ... 
INFO  @ Fri, 06 Dec 2024 14:00:04:   Reading input file... 
INFO  @ Fri, 06 Dec 2024 14:00:04:   Summary: 1069 sgRNAs, 230 genes, 1 lists; skipped sgRNAs:0 
INFO  @ Fri, 06 Dec 2024 14:00:04:   Computing lo-values for each group... 
INFO  @ Fri, 06 Dec 2024 14:00:04:   Computing false discovery rate... 
INFO  @ Fri, 06 Dec 2024 14:00:04:   Increase the number of permutations to 435 to get precise p values. To avoid this, use the --permutation option. 
INFO  @ Fri, 06 Dec 2024 14:00:04:   Permuting genes with 1 sgRNAs... 
INFO  @ Fri, 06 Dec 2024 14:00:04:   Permuting genes with 2 sgRNAs... 
INFO  @ Fri, 06 Dec 2024 14:00:04:   Permuting genes with 3 sgRNAs... 
INFO  @ Fri, 06 Dec 2024 14:00:04:   Permuting genes with 4 sgRNAs... 
INFO  @ Fri, 06 Dec 2024 14:00:04:   Permuting genes with 5 sgRNAs... 
INFO  @ Fri, 06 Dec 2024 14:00:04:   Permuting genes with 6 sgRNAs... 
INFO  @ Fri, 06 Dec 2024 14:00:04:   Permuting genes with 7 sgRNAs... 
INFO  @ Fri, 06 Dec 2024 14:00:04:   Permuting genes with 8 sgRNAs... 
INFO  @ Fri, 06 Dec 2024 14:00:04:   Permuting genes with 9 sgRNAs... 
INFO  @ Fri, 06 Dec 2024 14:00:04:   Permuting genes with 10 sgRNAs... 
INFO  @ Fri, 06 Dec 2024 14:00:04:   Permuting genes with 11 sgRNAs... 
INFO  @ Fri, 06 Dec 2024 14:00:04:   Permuting genes with 12 sgRNAs... 
INFO  @ Fri, 06 Dec 2024 14:00:04:   Permuting genes with 13 sgRNAs... 
INFO  @ Fri, 06 Dec 2024 14:00:04:   Permuting genes with 14 sgRNAs... 
INFO  @ Fri, 06 Dec 2024 14:00:04:   Permuting genes with 15 sgRNAs... 
INFO  @ Fri, 06 Dec 2024 14:00:04:   Permuting genes with 17 sgRNAs... 
INFO  @ Fri, 06 Dec 2024 14:00:04:   Permuting genes with 18 sgRNAs... 
INFO  @ Fri, 06 Dec 2024 14:00:04:   Permuting genes with 19 sgRNAs... 
INFO  @ Fri, 06 Dec 2024 14:00:04:   Permuting genes with 21 sgRNAs... 
INFO  @ Fri, 06 Dec 2024 14:00:04:   Permuting genes with 26 sgRNAs... 
INFO  @ Fri, 06 Dec 2024 14:00:04:   Permuting genes with 27 sgRNAs... 
INFO  @ Fri, 06 Dec 2024 14:00:04:   Permuting genes with 35 sgRNAs... 
INFO  @ Fri, 06 Dec 2024 14:00:04:   Permuting genes with 64 sgRNAs... 
INFO  @ Fri, 06 Dec 2024 14:00:04:   Number of genes under FDR adjustment: 230 
INFO  @ Fri, 06 Dec 2024 14:00:04:   Saving to output file... 
INFO  @ Fri, 06 Dec 2024 14:00:04:   RRA completed. 
INFO  @ Fri, 06 Dec 2024 14:00:04:   Groups deletion complete. 
INFO  @ Fri, 06 Dec 2024 14:00:04:   Lists deletion complete. 
INFO  @ Fri, 06 Dec 2024 14:00:04:    
INFO  @ Fri, 06 Dec 2024 14:00:04: End command message. 
INFO  @ Fri, 06 Dec 2024 14:00:04: Running command: RRA -i bone_d5.phigh.txt -o bone_d5.gene.high.txt -p 0.4293732460243218 --skip-gene NA --skip-gene na  
INFO  @ Fri, 06 Dec 2024 14:00:07: Command message: 
INFO  @ Fri, 06 Dec 2024 14:00:07:   Welcome to RRA v 0.5.9. 
INFO  @ Fri, 06 Dec 2024 14:00:07:   Skipping gene NA for permutation ... 
INFO  @ Fri, 06 Dec 2024 14:00:07:   Skipping gene na for permutation ... 
INFO  @ Fri, 06 Dec 2024 14:00:07:   Reading input file... 
INFO  @ Fri, 06 Dec 2024 14:00:07:   Summary: 1069 sgRNAs, 230 genes, 1 lists; skipped sgRNAs:0 
INFO  @ Fri, 06 Dec 2024 14:00:07:   Computing lo-values for each group... 
INFO  @ Fri, 06 Dec 2024 14:00:07:   Computing false discovery rate... 
INFO  @ Fri, 06 Dec 2024 14:00:07:   Increase the number of permutations to 435 to get precise p values. To avoid this, use the --permutation option. 
INFO  @ Fri, 06 Dec 2024 14:00:07:   Permuting genes with 1 sgRNAs... 
INFO  @ Fri, 06 Dec 2024 14:00:07:   Permuting genes with 2 sgRNAs... 
INFO  @ Fri, 06 Dec 2024 14:00:07:   Permuting genes with 3 sgRNAs... 
INFO  @ Fri, 06 Dec 2024 14:00:07:   Permuting genes with 4 sgRNAs... 
INFO  @ Fri, 06 Dec 2024 14:00:07:   Permuting genes with 5 sgRNAs... 
INFO  @ Fri, 06 Dec 2024 14:00:07:   Permuting genes with 6 sgRNAs... 
INFO  @ Fri, 06 Dec 2024 14:00:07:   Permuting genes with 7 sgRNAs... 
INFO  @ Fri, 06 Dec 2024 14:00:07:   Permuting genes with 8 sgRNAs... 
INFO  @ Fri, 06 Dec 2024 14:00:07:   Permuting genes with 9 sgRNAs... 
INFO  @ Fri, 06 Dec 2024 14:00:07:   Permuting genes with 10 sgRNAs... 
INFO  @ Fri, 06 Dec 2024 14:00:07:   Permuting genes with 11 sgRNAs... 
INFO  @ Fri, 06 Dec 2024 14:00:07:   Permuting genes with 12 sgRNAs... 
INFO  @ Fri, 06 Dec 2024 14:00:07:   Permuting genes with 13 sgRNAs... 
INFO  @ Fri, 06 Dec 2024 14:00:07:   Permuting genes with 14 sgRNAs... 
INFO  @ Fri, 06 Dec 2024 14:00:07:   Permuting genes with 15 sgRNAs... 
INFO  @ Fri, 06 Dec 2024 14:00:07:   Permuting genes with 17 sgRNAs... 
INFO  @ Fri, 06 Dec 2024 14:00:07:   Permuting genes with 18 sgRNAs... 
INFO  @ Fri, 06 Dec 2024 14:00:07:   Permuting genes with 19 sgRNAs... 
INFO  @ Fri, 06 Dec 2024 14:00:07:   Permuting genes with 21 sgRNAs... 
INFO  @ Fri, 06 Dec 2024 14:00:07:   Permuting genes with 26 sgRNAs... 
INFO  @ Fri, 06 Dec 2024 14:00:07:   Permuting genes with 27 sgRNAs... 
INFO  @ Fri, 06 Dec 2024 14:00:07:   Permuting genes with 35 sgRNAs... 
INFO  @ Fri, 06 Dec 2024 14:00:07:   Permuting genes with 64 sgRNAs... 
INFO  @ Fri, 06 Dec 2024 14:00:07:   Number of genes under FDR adjustment: 230 
INFO  @ Fri, 06 Dec 2024 14:00:07:   Saving to output file... 
INFO  @ Fri, 06 Dec 2024 14:00:07:   RRA completed. 
INFO  @ Fri, 06 Dec 2024 14:00:07:   Groups deletion complete. 
INFO  @ Fri, 06 Dec 2024 14:00:07:   Lists deletion complete. 
INFO  @ Fri, 06 Dec 2024 14:00:07:    
INFO  @ Fri, 06 Dec 2024 14:00:07: End command message. 
DEBUG @ Fri, 06 Dec 2024 14:00:07: Sorting the merged items by negative selection... 
INFO  @ Fri, 06 Dec 2024 14:00:07: Loading top 10 genes from bone_d5.gene.low.txt: Trp53,Rara,Inppl1,Dis3,Erbb2,B2m,Irs1,Esr1,Cd79a,Ccnd3 
DEBUG @ Fri, 06 Dec 2024 14:00:07: Column index:3 
INFO  @ Fri, 06 Dec 2024 14:00:07: Loading top 10 genes from bone_d5.gene.high.txt: ST,Ptprd,Cdk12,Eif1ad19,Map2k4,Fbxw7,Braf,Erg,Atr,Arid2 
DEBUG @ Fri, 06 Dec 2024 14:00:07: Column index:9 
INFO  @ Fri, 06 Dec 2024 14:00:07: Running command: rm bone_d5.plow.txt 
INFO  @ Fri, 06 Dec 2024 14:00:07: Running command: rm bone_d5.phigh.txt 
INFO  @ Fri, 06 Dec 2024 14:00:07: Running command: rm bone_d5.gene.low.txt 
INFO  @ Fri, 06 Dec 2024 14:00:07: Running command: rm bone_d5.gene.high.txt 
