INFO  @ Fri, 06 Dec 2024 14:00:32: Parameters: /Users/samgould/opt/anaconda3/envs/mageckenv/bin/mageck test -k /Users/samgould/Documents/GitHub/B-ALL-analysis-extravaganza/cluster_scripts_KO/guide_counts_KO.txt -t d15_rep2,d15_rep3 -c d5_rep2,d5_rep3 --normcounts-to-file -n d15_d5 
INFO  @ Fri, 06 Dec 2024 14:00:32: Welcome to MAGeCK v0.5.9.5. Command: test 
INFO  @ Fri, 06 Dec 2024 14:00:32: Loading count table from /Users/samgould/Documents/GitHub/B-ALL-analysis-extravaganza/cluster_scripts_KO/guide_counts_KO.txt  
INFO  @ Fri, 06 Dec 2024 14:00:32: Processing 1 lines.. 
DEBUG @ Fri, 06 Dec 2024 14:00:32: Parsing error in line 1 (usually the header line). Skip this line. 
INFO  @ Fri, 06 Dec 2024 14:00:32: Loaded 1070 records. 
INFO  @ Fri, 06 Dec 2024 14:00:32: Loading Rnw template file: /Users/samgould/opt/anaconda3/envs/mageckenv/lib/python3.10/site-packages/mageck/test_report.Rmd. 
DEBUG @ Fri, 06 Dec 2024 14:00:32: Setting up the visualization module... 
INFO  @ Fri, 06 Dec 2024 14:00:32: Loading R template file: /Users/samgould/opt/anaconda3/envs/mageckenv/lib/python3.10/site-packages/mageck/plot_template.RTemplate. 
INFO  @ Fri, 06 Dec 2024 14:00:32: Loading R template file: /Users/samgould/opt/anaconda3/envs/mageckenv/lib/python3.10/site-packages/mageck/plot_template_indvgene.RTemplate. 
INFO  @ Fri, 06 Dec 2024 14:00:32: Loading Rnw template file: /Users/samgould/opt/anaconda3/envs/mageckenv/lib/python3.10/site-packages/mageck/plot_template.Rnw. 
DEBUG @ Fri, 06 Dec 2024 14:00:32: Setting up the visualization module... 
DEBUG @ Fri, 06 Dec 2024 14:00:32: Given sample labels: d15_rep2,d15_rep3 
DEBUG @ Fri, 06 Dec 2024 14:00:32: Converted index: 18 19 
INFO  @ Fri, 06 Dec 2024 14:00:32: Treatment samples:d15_rep2,d15_rep3 
INFO  @ Fri, 06 Dec 2024 14:00:32: Treatment sample index:18,19 
DEBUG @ Fri, 06 Dec 2024 14:00:32: Given sample labels: d5_rep2,d5_rep3 
DEBUG @ Fri, 06 Dec 2024 14:00:32: Converted index: 15 16 
INFO  @ Fri, 06 Dec 2024 14:00:32: Control samples:d5_rep2,d5_rep3 
INFO  @ Fri, 06 Dec 2024 14:00:32: Control sample index:15,16 
DEBUG @ Fri, 06 Dec 2024 14:00:32: Initial (total) size factor: 0.5696875398935118 1.2644931442957732 1.2917672117877306 1.471263705484528 
DEBUG @ Fri, 06 Dec 2024 14:00:32: Median factor: 0.46888718972793275 1.2103705572997363 1.2897152583665472 1.3748103748859726 
INFO  @ Fri, 06 Dec 2024 14:00:32: Final size factor: 0.46888718972793275 1.2103705572997363 1.2897152583665472 1.3748103748859726 
INFO  @ Fri, 06 Dec 2024 14:00:32: Writing normalized read counts to d15_d5.normalized.txt 
INFO  @ Fri, 06 Dec 2024 14:00:32: Detecting outliers from variance estimation.. Avg read count:[293.01774480569065], Var: [196671.5042502921] 
INFO  @ Fri, 06 Dec 2024 14:00:32: Skipping 13 sgRNAs from variance calculation because of their extreme high counts (> 4* STD (mean counts) ). 
DEBUG @ Fri, 06 Dec 2024 14:00:32: Adjusted model: 1.619009364198116	0 
INFO  @ Fri, 06 Dec 2024 14:00:32: Before RRA, 3 sgRNAs are removed with zero counts in both group(s). 
INFO  @ Fri, 06 Dec 2024 14:00:32: Use qnorm to reversely calculate sgRNA scores ... 
DEBUG @ Fri, 06 Dec 2024 14:00:33: lower test FDR cutoff: 0.2549203373945642 
DEBUG @ Fri, 06 Dec 2024 14:00:33: higher test FDR cutoff: 0.2933458294283037 
INFO  @ Fri, 06 Dec 2024 14:00:33: Running command: RRA -i d15_d5.plow.txt -o d15_d5.gene.low.txt -p 0.2549203373945642 --skip-gene NA --skip-gene na  
INFO  @ Fri, 06 Dec 2024 14:00:35: Command message: 
INFO  @ Fri, 06 Dec 2024 14:00:35:   Welcome to RRA v 0.5.9. 
INFO  @ Fri, 06 Dec 2024 14:00:35:   Skipping gene NA for permutation ... 
INFO  @ Fri, 06 Dec 2024 14:00:35:   Skipping gene na for permutation ... 
INFO  @ Fri, 06 Dec 2024 14:00:35:   Reading input file... 
INFO  @ Fri, 06 Dec 2024 14:00:35:   Summary: 1067 sgRNAs, 230 genes, 1 lists; skipped sgRNAs:0 
INFO  @ Fri, 06 Dec 2024 14:00:35:   Computing lo-values for each group... 
INFO  @ Fri, 06 Dec 2024 14:00:35:   Computing false discovery rate... 
INFO  @ Fri, 06 Dec 2024 14:00:35:   Increase the number of permutations to 435 to get precise p values. To avoid this, use the --permutation option. 
INFO  @ Fri, 06 Dec 2024 14:00:35:   Permuting genes with 1 sgRNAs... 
INFO  @ Fri, 06 Dec 2024 14:00:35:   Permuting genes with 2 sgRNAs... 
INFO  @ Fri, 06 Dec 2024 14:00:35:   Permuting genes with 3 sgRNAs... 
INFO  @ Fri, 06 Dec 2024 14:00:35:   Permuting genes with 4 sgRNAs... 
INFO  @ Fri, 06 Dec 2024 14:00:35:   Permuting genes with 5 sgRNAs... 
INFO  @ Fri, 06 Dec 2024 14:00:35:   Permuting genes with 6 sgRNAs... 
INFO  @ Fri, 06 Dec 2024 14:00:35:   Permuting genes with 7 sgRNAs... 
INFO  @ Fri, 06 Dec 2024 14:00:35:   Permuting genes with 8 sgRNAs... 
INFO  @ Fri, 06 Dec 2024 14:00:35:   Permuting genes with 9 sgRNAs... 
INFO  @ Fri, 06 Dec 2024 14:00:35:   Permuting genes with 10 sgRNAs... 
INFO  @ Fri, 06 Dec 2024 14:00:35:   Permuting genes with 11 sgRNAs... 
INFO  @ Fri, 06 Dec 2024 14:00:35:   Permuting genes with 12 sgRNAs... 
INFO  @ Fri, 06 Dec 2024 14:00:35:   Permuting genes with 13 sgRNAs... 
INFO  @ Fri, 06 Dec 2024 14:00:35:   Permuting genes with 15 sgRNAs... 
INFO  @ Fri, 06 Dec 2024 14:00:35:   Permuting genes with 17 sgRNAs... 
INFO  @ Fri, 06 Dec 2024 14:00:35:   Permuting genes with 18 sgRNAs... 
INFO  @ Fri, 06 Dec 2024 14:00:35:   Permuting genes with 19 sgRNAs... 
INFO  @ Fri, 06 Dec 2024 14:00:35:   Permuting genes with 21 sgRNAs... 
INFO  @ Fri, 06 Dec 2024 14:00:35:   Permuting genes with 26 sgRNAs... 
INFO  @ Fri, 06 Dec 2024 14:00:35:   Permuting genes with 27 sgRNAs... 
INFO  @ Fri, 06 Dec 2024 14:00:35:   Permuting genes with 35 sgRNAs... 
INFO  @ Fri, 06 Dec 2024 14:00:35:   Permuting genes with 64 sgRNAs... 
INFO  @ Fri, 06 Dec 2024 14:00:35:   Number of genes under FDR adjustment: 230 
INFO  @ Fri, 06 Dec 2024 14:00:35:   Saving to output file... 
INFO  @ Fri, 06 Dec 2024 14:00:35:   RRA completed. 
INFO  @ Fri, 06 Dec 2024 14:00:35:   Groups deletion complete. 
INFO  @ Fri, 06 Dec 2024 14:00:35:   Lists deletion complete. 
INFO  @ Fri, 06 Dec 2024 14:00:35:    
INFO  @ Fri, 06 Dec 2024 14:00:35: End command message. 
INFO  @ Fri, 06 Dec 2024 14:00:35: Running command: RRA -i d15_d5.phigh.txt -o d15_d5.gene.high.txt -p 0.2933458294283037 --skip-gene NA --skip-gene na  
INFO  @ Fri, 06 Dec 2024 14:00:37: Command message: 
INFO  @ Fri, 06 Dec 2024 14:00:37:   Welcome to RRA v 0.5.9. 
INFO  @ Fri, 06 Dec 2024 14:00:37:   Skipping gene NA for permutation ... 
INFO  @ Fri, 06 Dec 2024 14:00:37:   Skipping gene na for permutation ... 
INFO  @ Fri, 06 Dec 2024 14:00:37:   Reading input file... 
INFO  @ Fri, 06 Dec 2024 14:00:37:   Summary: 1067 sgRNAs, 230 genes, 1 lists; skipped sgRNAs:0 
INFO  @ Fri, 06 Dec 2024 14:00:37:   Computing lo-values for each group... 
INFO  @ Fri, 06 Dec 2024 14:00:37:   Computing false discovery rate... 
INFO  @ Fri, 06 Dec 2024 14:00:37:   Increase the number of permutations to 435 to get precise p values. To avoid this, use the --permutation option. 
INFO  @ Fri, 06 Dec 2024 14:00:37:   Permuting genes with 1 sgRNAs... 
INFO  @ Fri, 06 Dec 2024 14:00:37:   Permuting genes with 2 sgRNAs... 
INFO  @ Fri, 06 Dec 2024 14:00:37:   Permuting genes with 3 sgRNAs... 
INFO  @ Fri, 06 Dec 2024 14:00:37:   Permuting genes with 4 sgRNAs... 
INFO  @ Fri, 06 Dec 2024 14:00:37:   Permuting genes with 5 sgRNAs... 
INFO  @ Fri, 06 Dec 2024 14:00:37:   Permuting genes with 6 sgRNAs... 
INFO  @ Fri, 06 Dec 2024 14:00:37:   Permuting genes with 7 sgRNAs... 
INFO  @ Fri, 06 Dec 2024 14:00:37:   Permuting genes with 8 sgRNAs... 
INFO  @ Fri, 06 Dec 2024 14:00:37:   Permuting genes with 9 sgRNAs... 
INFO  @ Fri, 06 Dec 2024 14:00:37:   Permuting genes with 10 sgRNAs... 
INFO  @ Fri, 06 Dec 2024 14:00:37:   Permuting genes with 11 sgRNAs... 
INFO  @ Fri, 06 Dec 2024 14:00:37:   Permuting genes with 12 sgRNAs... 
INFO  @ Fri, 06 Dec 2024 14:00:37:   Permuting genes with 13 sgRNAs... 
INFO  @ Fri, 06 Dec 2024 14:00:37:   Permuting genes with 15 sgRNAs... 
INFO  @ Fri, 06 Dec 2024 14:00:37:   Permuting genes with 17 sgRNAs... 
INFO  @ Fri, 06 Dec 2024 14:00:37:   Permuting genes with 18 sgRNAs... 
INFO  @ Fri, 06 Dec 2024 14:00:37:   Permuting genes with 19 sgRNAs... 
INFO  @ Fri, 06 Dec 2024 14:00:37:   Permuting genes with 21 sgRNAs... 
INFO  @ Fri, 06 Dec 2024 14:00:37:   Permuting genes with 26 sgRNAs... 
INFO  @ Fri, 06 Dec 2024 14:00:37:   Permuting genes with 27 sgRNAs... 
INFO  @ Fri, 06 Dec 2024 14:00:37:   Permuting genes with 35 sgRNAs... 
INFO  @ Fri, 06 Dec 2024 14:00:37:   Permuting genes with 64 sgRNAs... 
INFO  @ Fri, 06 Dec 2024 14:00:37:   Number of genes under FDR adjustment: 230 
INFO  @ Fri, 06 Dec 2024 14:00:37:   Saving to output file... 
INFO  @ Fri, 06 Dec 2024 14:00:37:   RRA completed. 
INFO  @ Fri, 06 Dec 2024 14:00:37:   Groups deletion complete. 
INFO  @ Fri, 06 Dec 2024 14:00:37:   Lists deletion complete. 
INFO  @ Fri, 06 Dec 2024 14:00:37:    
INFO  @ Fri, 06 Dec 2024 14:00:37: End command message. 
DEBUG @ Fri, 06 Dec 2024 14:00:37: Sorting the merged items by negative selection... 
INFO  @ Fri, 06 Dec 2024 14:00:37: Loading top 10 genes from d15_d5.gene.low.txt: Pik3ca,NT,Etv6,Stk11,Foxo1,Irf8,Smc1a,Rad51c,Smarca4,ST 
DEBUG @ Fri, 06 Dec 2024 14:00:37: Column index:3 
INFO  @ Fri, 06 Dec 2024 14:00:37: Loading top 10 genes from d15_d5.gene.high.txt: Pik3r3,Keap1,Trp53,Nf1,Bap1,Apc,Foxo1,Dnmt1,Ntrk3,Tcf3 
DEBUG @ Fri, 06 Dec 2024 14:00:37: Column index:9 
INFO  @ Fri, 06 Dec 2024 14:00:37: Running command: rm d15_d5.plow.txt 
INFO  @ Fri, 06 Dec 2024 14:00:37: Running command: rm d15_d5.phigh.txt 
INFO  @ Fri, 06 Dec 2024 14:00:37: Running command: rm d15_d5.gene.low.txt 
INFO  @ Fri, 06 Dec 2024 14:00:37: Running command: rm d15_d5.gene.high.txt 
