INFO  @ Fri, 06 Dec 2024 14:21:03: Parameters: /Users/samgould/opt/anaconda3/envs/mageckenv/bin/mageck test -k /Users/samgould/Documents/GitHub/B-ALL-analysis-extravaganza/cluster_scripts_KO/guide_counts_KO.txt -t M1,M2,M3_5 -c d5_rep2,d5_rep3 --normcounts-to-file -n meninges_d5 
INFO  @ Fri, 06 Dec 2024 14:21:03: Welcome to MAGeCK v0.5.9.5. Command: test 
INFO  @ Fri, 06 Dec 2024 14:21:03: Loading count table from /Users/samgould/Documents/GitHub/B-ALL-analysis-extravaganza/cluster_scripts_KO/guide_counts_KO.txt  
INFO  @ Fri, 06 Dec 2024 14:21:03: Processing 1 lines.. 
DEBUG @ Fri, 06 Dec 2024 14:21:03: Parsing error in line 1 (usually the header line). Skip this line. 
INFO  @ Fri, 06 Dec 2024 14:21:03: Loaded 1070 records. 
INFO  @ Fri, 06 Dec 2024 14:21:03: Loading Rnw template file: /Users/samgould/opt/anaconda3/envs/mageckenv/lib/python3.10/site-packages/mageck/test_report.Rmd. 
DEBUG @ Fri, 06 Dec 2024 14:21:03: Setting up the visualization module... 
INFO  @ Fri, 06 Dec 2024 14:21:03: Loading R template file: /Users/samgould/opt/anaconda3/envs/mageckenv/lib/python3.10/site-packages/mageck/plot_template.RTemplate. 
INFO  @ Fri, 06 Dec 2024 14:21:03: Loading R template file: /Users/samgould/opt/anaconda3/envs/mageckenv/lib/python3.10/site-packages/mageck/plot_template_indvgene.RTemplate. 
INFO  @ Fri, 06 Dec 2024 14:21:03: Loading Rnw template file: /Users/samgould/opt/anaconda3/envs/mageckenv/lib/python3.10/site-packages/mageck/plot_template.Rnw. 
DEBUG @ Fri, 06 Dec 2024 14:21:03: Setting up the visualization module... 
DEBUG @ Fri, 06 Dec 2024 14:21:03: Given sample labels: M1,M2,M3_5 
DEBUG @ Fri, 06 Dec 2024 14:21:03: Converted index: 8 9 10 
INFO  @ Fri, 06 Dec 2024 14:21:03: Treatment samples:M1,M2,M3_5 
INFO  @ Fri, 06 Dec 2024 14:21:03: Treatment sample index:8,9,10 
DEBUG @ Fri, 06 Dec 2024 14:21:03: Given sample labels: d5_rep2,d5_rep3 
DEBUG @ Fri, 06 Dec 2024 14:21:03: Converted index: 15 16 
INFO  @ Fri, 06 Dec 2024 14:21:03: Control samples:d5_rep2,d5_rep3 
INFO  @ Fri, 06 Dec 2024 14:21:03: Control sample index:15,16 
DEBUG @ Fri, 06 Dec 2024 14:21:03: Initial (total) size factor: 0.9460613735908058 2.099902204658067 2.1246063097004986 0.6998001106410999 0.6381138162812618 
DEBUG @ Fri, 06 Dec 2024 14:21:03: Median factor: 0.2323251281519622 0.5920899908480468 1.995838496554741 1.4414209075626934 2.973971345742906 
INFO  @ Fri, 06 Dec 2024 14:21:03: Final size factor: 0.2323251281519622 0.5920899908480468 1.995838496554741 1.4414209075626934 2.973971345742906 
INFO  @ Fri, 06 Dec 2024 14:21:03: Writing normalized read counts to meninges_d5.normalized.txt 
INFO  @ Fri, 06 Dec 2024 14:21:03: Detecting outliers from variance estimation.. Avg read count:[144.33640423354427], Var: [47552.3146484053] 
INFO  @ Fri, 06 Dec 2024 14:21:03: Skipping 13 sgRNAs from variance calculation because of their extreme high counts (> 4* STD (mean counts) ). 
DEBUG @ Fri, 06 Dec 2024 14:21:03: Adjusted model: 1.6277343798441004	0 
INFO  @ Fri, 06 Dec 2024 14:21:03: Before RRA, 3 sgRNAs are removed with zero counts in both group(s). 
INFO  @ Fri, 06 Dec 2024 14:21:03: Use qnorm to reversely calculate sgRNA scores ... 
DEBUG @ Fri, 06 Dec 2024 14:21:03: lower test FDR cutoff: 0.43580131208997186 
DEBUG @ Fri, 06 Dec 2024 14:21:03: higher test FDR cutoff: 0.42736644798500467 
INFO  @ Fri, 06 Dec 2024 14:21:03: Running command: RRA -i meninges_d5.plow.txt -o meninges_d5.gene.low.txt -p 0.43580131208997186 --skip-gene NA --skip-gene na  
INFO  @ Fri, 06 Dec 2024 14:21:06: Command message: 
INFO  @ Fri, 06 Dec 2024 14:21:06:   Welcome to RRA v 0.5.9. 
INFO  @ Fri, 06 Dec 2024 14:21:06:   Skipping gene NA for permutation ... 
INFO  @ Fri, 06 Dec 2024 14:21:06:   Skipping gene na for permutation ... 
INFO  @ Fri, 06 Dec 2024 14:21:06:   Reading input file... 
INFO  @ Fri, 06 Dec 2024 14:21:06:   Summary: 1067 sgRNAs, 230 genes, 1 lists; skipped sgRNAs:0 
INFO  @ Fri, 06 Dec 2024 14:21:06:   Computing lo-values for each group... 
INFO  @ Fri, 06 Dec 2024 14:21:06:   Computing false discovery rate... 
INFO  @ Fri, 06 Dec 2024 14:21:06:   Increase the number of permutations to 435 to get precise p values. To avoid this, use the --permutation option. 
INFO  @ Fri, 06 Dec 2024 14:21:06:   Permuting genes with 1 sgRNAs... 
INFO  @ Fri, 06 Dec 2024 14:21:06:   Permuting genes with 2 sgRNAs... 
INFO  @ Fri, 06 Dec 2024 14:21:06:   Permuting genes with 3 sgRNAs... 
INFO  @ Fri, 06 Dec 2024 14:21:06:   Permuting genes with 4 sgRNAs... 
INFO  @ Fri, 06 Dec 2024 14:21:06:   Permuting genes with 5 sgRNAs... 
INFO  @ Fri, 06 Dec 2024 14:21:06:   Permuting genes with 6 sgRNAs... 
INFO  @ Fri, 06 Dec 2024 14:21:06:   Permuting genes with 7 sgRNAs... 
INFO  @ Fri, 06 Dec 2024 14:21:06:   Permuting genes with 8 sgRNAs... 
INFO  @ Fri, 06 Dec 2024 14:21:06:   Permuting genes with 9 sgRNAs... 
INFO  @ Fri, 06 Dec 2024 14:21:06:   Permuting genes with 10 sgRNAs... 
INFO  @ Fri, 06 Dec 2024 14:21:06:   Permuting genes with 11 sgRNAs... 
INFO  @ Fri, 06 Dec 2024 14:21:06:   Permuting genes with 12 sgRNAs... 
INFO  @ Fri, 06 Dec 2024 14:21:06:   Permuting genes with 13 sgRNAs... 
INFO  @ Fri, 06 Dec 2024 14:21:06:   Permuting genes with 15 sgRNAs... 
INFO  @ Fri, 06 Dec 2024 14:21:06:   Permuting genes with 17 sgRNAs... 
INFO  @ Fri, 06 Dec 2024 14:21:06:   Permuting genes with 18 sgRNAs... 
INFO  @ Fri, 06 Dec 2024 14:21:06:   Permuting genes with 19 sgRNAs... 
INFO  @ Fri, 06 Dec 2024 14:21:06:   Permuting genes with 21 sgRNAs... 
INFO  @ Fri, 06 Dec 2024 14:21:06:   Permuting genes with 25 sgRNAs... 
INFO  @ Fri, 06 Dec 2024 14:21:06:   Permuting genes with 27 sgRNAs... 
INFO  @ Fri, 06 Dec 2024 14:21:06:   Permuting genes with 35 sgRNAs... 
INFO  @ Fri, 06 Dec 2024 14:21:06:   Permuting genes with 64 sgRNAs... 
INFO  @ Fri, 06 Dec 2024 14:21:06:   Number of genes under FDR adjustment: 230 
INFO  @ Fri, 06 Dec 2024 14:21:06:   Saving to output file... 
INFO  @ Fri, 06 Dec 2024 14:21:06:   RRA completed. 
INFO  @ Fri, 06 Dec 2024 14:21:06:   Groups deletion complete. 
INFO  @ Fri, 06 Dec 2024 14:21:06:   Lists deletion complete. 
INFO  @ Fri, 06 Dec 2024 14:21:06:    
INFO  @ Fri, 06 Dec 2024 14:21:06: End command message. 
INFO  @ Fri, 06 Dec 2024 14:21:06: Running command: RRA -i meninges_d5.phigh.txt -o meninges_d5.gene.high.txt -p 0.42736644798500467 --skip-gene NA --skip-gene na  
INFO  @ Fri, 06 Dec 2024 14:21:09: Command message: 
INFO  @ Fri, 06 Dec 2024 14:21:09:   Welcome to RRA v 0.5.9. 
INFO  @ Fri, 06 Dec 2024 14:21:09:   Skipping gene NA for permutation ... 
INFO  @ Fri, 06 Dec 2024 14:21:09:   Skipping gene na for permutation ... 
INFO  @ Fri, 06 Dec 2024 14:21:09:   Reading input file... 
INFO  @ Fri, 06 Dec 2024 14:21:09:   Summary: 1067 sgRNAs, 230 genes, 1 lists; skipped sgRNAs:0 
INFO  @ Fri, 06 Dec 2024 14:21:09:   Computing lo-values for each group... 
INFO  @ Fri, 06 Dec 2024 14:21:09:   Computing false discovery rate... 
INFO  @ Fri, 06 Dec 2024 14:21:09:   Increase the number of permutations to 435 to get precise p values. To avoid this, use the --permutation option. 
INFO  @ Fri, 06 Dec 2024 14:21:09:   Permuting genes with 1 sgRNAs... 
INFO  @ Fri, 06 Dec 2024 14:21:09:   Permuting genes with 2 sgRNAs... 
INFO  @ Fri, 06 Dec 2024 14:21:09:   Permuting genes with 3 sgRNAs... 
INFO  @ Fri, 06 Dec 2024 14:21:09:   Permuting genes with 4 sgRNAs... 
INFO  @ Fri, 06 Dec 2024 14:21:09:   Permuting genes with 5 sgRNAs... 
INFO  @ Fri, 06 Dec 2024 14:21:09:   Permuting genes with 6 sgRNAs... 
INFO  @ Fri, 06 Dec 2024 14:21:09:   Permuting genes with 7 sgRNAs... 
INFO  @ Fri, 06 Dec 2024 14:21:09:   Permuting genes with 8 sgRNAs... 
INFO  @ Fri, 06 Dec 2024 14:21:09:   Permuting genes with 9 sgRNAs... 
INFO  @ Fri, 06 Dec 2024 14:21:09:   Permuting genes with 10 sgRNAs... 
INFO  @ Fri, 06 Dec 2024 14:21:09:   Permuting genes with 11 sgRNAs... 
INFO  @ Fri, 06 Dec 2024 14:21:09:   Permuting genes with 12 sgRNAs... 
INFO  @ Fri, 06 Dec 2024 14:21:09:   Permuting genes with 13 sgRNAs... 
INFO  @ Fri, 06 Dec 2024 14:21:09:   Permuting genes with 15 sgRNAs... 
INFO  @ Fri, 06 Dec 2024 14:21:09:   Permuting genes with 17 sgRNAs... 
INFO  @ Fri, 06 Dec 2024 14:21:09:   Permuting genes with 18 sgRNAs... 
INFO  @ Fri, 06 Dec 2024 14:21:09:   Permuting genes with 19 sgRNAs... 
INFO  @ Fri, 06 Dec 2024 14:21:09:   Permuting genes with 21 sgRNAs... 
INFO  @ Fri, 06 Dec 2024 14:21:09:   Permuting genes with 25 sgRNAs... 
INFO  @ Fri, 06 Dec 2024 14:21:09:   Permuting genes with 27 sgRNAs... 
INFO  @ Fri, 06 Dec 2024 14:21:09:   Permuting genes with 35 sgRNAs... 
INFO  @ Fri, 06 Dec 2024 14:21:09:   Permuting genes with 64 sgRNAs... 
INFO  @ Fri, 06 Dec 2024 14:21:09:   Number of genes under FDR adjustment: 230 
INFO  @ Fri, 06 Dec 2024 14:21:09:   Saving to output file... 
INFO  @ Fri, 06 Dec 2024 14:21:09:   RRA completed. 
INFO  @ Fri, 06 Dec 2024 14:21:09:   Groups deletion complete. 
INFO  @ Fri, 06 Dec 2024 14:21:09:   Lists deletion complete. 
INFO  @ Fri, 06 Dec 2024 14:21:09:    
INFO  @ Fri, 06 Dec 2024 14:21:09: End command message. 
DEBUG @ Fri, 06 Dec 2024 14:21:09: Sorting the merged items by negative selection... 
INFO  @ Fri, 06 Dec 2024 14:21:09: Loading top 10 genes from meninges_d5.gene.low.txt: Kmt2d,Stat6,Pik3r3,B2m,Map3k1,Esr1,NT,Ccnd1,Tsc2,Lats1 
DEBUG @ Fri, 06 Dec 2024 14:21:09: Column index:3 
INFO  @ Fri, 06 Dec 2024 14:21:09: Loading top 10 genes from meninges_d5.gene.high.txt: Map2k4,Braf,Ptprd,Erbb4,ST,Pax5,Arid2,Crebbp,Fgfr3,Csf3r 
DEBUG @ Fri, 06 Dec 2024 14:21:09: Column index:9 
INFO  @ Fri, 06 Dec 2024 14:21:09: Running command: rm meninges_d5.plow.txt 
INFO  @ Fri, 06 Dec 2024 14:21:09: Running command: rm meninges_d5.phigh.txt 
INFO  @ Fri, 06 Dec 2024 14:21:10: Running command: rm meninges_d5.gene.low.txt 
INFO  @ Fri, 06 Dec 2024 14:21:10: Running command: rm meninges_d5.gene.high.txt 
