INFO  @ Fri, 06 Dec 2024 13:55:32: Parameters: /Users/samgould/opt/anaconda3/envs/mageckenv/bin/mageck test -k /Users/samgould/Documents/GitHub/B-ALL-analysis-extravaganza/cluster_scripts_KO/guide_counts_KO.txt -t S1,S2,S3_5 -c d5_rep2,d5_rep3 --normcounts-to-file -n spleen_d5 
INFO  @ Fri, 06 Dec 2024 13:55:32: Welcome to MAGeCK v0.5.9.5. Command: test 
INFO  @ Fri, 06 Dec 2024 13:55:32: Loading count table from /Users/samgould/Documents/GitHub/B-ALL-analysis-extravaganza/cluster_scripts_KO/guide_counts_KO.txt  
INFO  @ Fri, 06 Dec 2024 13:55:32: Processing 1 lines.. 
DEBUG @ Fri, 06 Dec 2024 13:55:32: Parsing error in line 1 (usually the header line). Skip this line. 
INFO  @ Fri, 06 Dec 2024 13:55:32: Loaded 1070 records. 
INFO  @ Fri, 06 Dec 2024 13:55:32: Loading Rnw template file: /Users/samgould/opt/anaconda3/envs/mageckenv/lib/python3.10/site-packages/mageck/test_report.Rmd. 
DEBUG @ Fri, 06 Dec 2024 13:55:32: Setting up the visualization module... 
INFO  @ Fri, 06 Dec 2024 13:55:32: Loading R template file: /Users/samgould/opt/anaconda3/envs/mageckenv/lib/python3.10/site-packages/mageck/plot_template.RTemplate. 
INFO  @ Fri, 06 Dec 2024 13:55:32: Loading R template file: /Users/samgould/opt/anaconda3/envs/mageckenv/lib/python3.10/site-packages/mageck/plot_template_indvgene.RTemplate. 
INFO  @ Fri, 06 Dec 2024 13:55:32: Loading Rnw template file: /Users/samgould/opt/anaconda3/envs/mageckenv/lib/python3.10/site-packages/mageck/plot_template.Rnw. 
DEBUG @ Fri, 06 Dec 2024 13:55:32: Setting up the visualization module... 
DEBUG @ Fri, 06 Dec 2024 13:55:32: Given sample labels: S1,S2,S3_5 
DEBUG @ Fri, 06 Dec 2024 13:55:32: Converted index: 0 1 2 
INFO  @ Fri, 06 Dec 2024 13:55:32: Treatment samples:S1,S2,S3_5 
INFO  @ Fri, 06 Dec 2024 13:55:32: Treatment sample index:0,1,2 
DEBUG @ Fri, 06 Dec 2024 13:55:32: Given sample labels: d5_rep2,d5_rep3 
DEBUG @ Fri, 06 Dec 2024 13:55:32: Converted index: 15 16 
INFO  @ Fri, 06 Dec 2024 13:55:32: Control samples:d5_rep2,d5_rep3 
INFO  @ Fri, 06 Dec 2024 13:55:32: Control sample index:15,16 
DEBUG @ Fri, 06 Dec 2024 13:55:32: Initial (total) size factor: 1.2721629428956505 2.8237256514674316 0.7977014213812865 0.6982241799233123 0.8517971201297424 
DEBUG @ Fri, 06 Dec 2024 13:55:32: Median factor: 1.0071240893485018 2.524975819622439 0.6924549791293146 0.6270365684683387 0.7901559240529691 
INFO  @ Fri, 06 Dec 2024 13:55:32: Final size factor: 1.0071240893485018 2.524975819622439 0.6924549791293146 0.6270365684683387 0.7901559240529691 
INFO  @ Fri, 06 Dec 2024 13:55:32: Writing normalized read counts to spleen_d5.normalized.txt 
INFO  @ Fri, 06 Dec 2024 13:55:32: Detecting outliers from variance estimation.. Avg read count:[620.2258701534228], Var: [876864.8094145536] 
INFO  @ Fri, 06 Dec 2024 13:55:32: Skipping 13 sgRNAs from variance calculation because of their extreme high counts (> 4* STD (mean counts) ). 
DEBUG @ Fri, 06 Dec 2024 13:55:32: Adjusted model: 1.5805398560886195	0 
INFO  @ Fri, 06 Dec 2024 13:55:32: Before RRA, 2 sgRNAs are removed with zero counts in both group(s). 
INFO  @ Fri, 06 Dec 2024 13:55:32: Use qnorm to reversely calculate sgRNA scores ... 
DEBUG @ Fri, 06 Dec 2024 13:55:32: lower test FDR cutoff: 0.448501872659176 
DEBUG @ Fri, 06 Dec 2024 13:55:32: higher test FDR cutoff: 0.4166666666666667 
INFO  @ Fri, 06 Dec 2024 13:55:32: Running command: RRA -i spleen_d5.plow.txt -o spleen_d5.gene.low.txt -p 0.448501872659176 --skip-gene NA --skip-gene na  
INFO  @ Fri, 06 Dec 2024 13:55:35: Command message: 
INFO  @ Fri, 06 Dec 2024 13:55:35:   Welcome to RRA v 0.5.9. 
INFO  @ Fri, 06 Dec 2024 13:55:35:   Skipping gene NA for permutation ... 
INFO  @ Fri, 06 Dec 2024 13:55:35:   Skipping gene na for permutation ... 
INFO  @ Fri, 06 Dec 2024 13:55:35:   Reading input file... 
INFO  @ Fri, 06 Dec 2024 13:55:35:   Summary: 1068 sgRNAs, 230 genes, 1 lists; skipped sgRNAs:0 
INFO  @ Fri, 06 Dec 2024 13:55:35:   Computing lo-values for each group... 
INFO  @ Fri, 06 Dec 2024 13:55:35:   Computing false discovery rate... 
INFO  @ Fri, 06 Dec 2024 13:55:35:   Increase the number of permutations to 435 to get precise p values. To avoid this, use the --permutation option. 
INFO  @ Fri, 06 Dec 2024 13:55:35:   Permuting genes with 1 sgRNAs... 
INFO  @ Fri, 06 Dec 2024 13:55:35:   Permuting genes with 2 sgRNAs... 
INFO  @ Fri, 06 Dec 2024 13:55:35:   Permuting genes with 3 sgRNAs... 
INFO  @ Fri, 06 Dec 2024 13:55:35:   Permuting genes with 4 sgRNAs... 
INFO  @ Fri, 06 Dec 2024 13:55:35:   Permuting genes with 5 sgRNAs... 
INFO  @ Fri, 06 Dec 2024 13:55:35:   Permuting genes with 6 sgRNAs... 
INFO  @ Fri, 06 Dec 2024 13:55:35:   Permuting genes with 7 sgRNAs... 
INFO  @ Fri, 06 Dec 2024 13:55:35:   Permuting genes with 8 sgRNAs... 
INFO  @ Fri, 06 Dec 2024 13:55:35:   Permuting genes with 9 sgRNAs... 
INFO  @ Fri, 06 Dec 2024 13:55:35:   Permuting genes with 10 sgRNAs... 
INFO  @ Fri, 06 Dec 2024 13:55:35:   Permuting genes with 11 sgRNAs... 
INFO  @ Fri, 06 Dec 2024 13:55:35:   Permuting genes with 12 sgRNAs... 
INFO  @ Fri, 06 Dec 2024 13:55:35:   Permuting genes with 13 sgRNAs... 
INFO  @ Fri, 06 Dec 2024 13:55:35:   Permuting genes with 15 sgRNAs... 
INFO  @ Fri, 06 Dec 2024 13:55:35:   Permuting genes with 17 sgRNAs... 
INFO  @ Fri, 06 Dec 2024 13:55:35:   Permuting genes with 18 sgRNAs... 
INFO  @ Fri, 06 Dec 2024 13:55:35:   Permuting genes with 19 sgRNAs... 
INFO  @ Fri, 06 Dec 2024 13:55:35:   Permuting genes with 21 sgRNAs... 
INFO  @ Fri, 06 Dec 2024 13:55:35:   Permuting genes with 26 sgRNAs... 
INFO  @ Fri, 06 Dec 2024 13:55:35:   Permuting genes with 27 sgRNAs... 
INFO  @ Fri, 06 Dec 2024 13:55:35:   Permuting genes with 35 sgRNAs... 
INFO  @ Fri, 06 Dec 2024 13:55:35:   Permuting genes with 64 sgRNAs... 
INFO  @ Fri, 06 Dec 2024 13:55:35:   Number of genes under FDR adjustment: 230 
INFO  @ Fri, 06 Dec 2024 13:55:35:   Saving to output file... 
INFO  @ Fri, 06 Dec 2024 13:55:35:   RRA completed. 
INFO  @ Fri, 06 Dec 2024 13:55:35:   Groups deletion complete. 
INFO  @ Fri, 06 Dec 2024 13:55:35:   Lists deletion complete. 
INFO  @ Fri, 06 Dec 2024 13:55:35:    
INFO  @ Fri, 06 Dec 2024 13:55:35: End command message. 
INFO  @ Fri, 06 Dec 2024 13:55:35: Running command: RRA -i spleen_d5.phigh.txt -o spleen_d5.gene.high.txt -p 0.4166666666666667 --skip-gene NA --skip-gene na  
INFO  @ Fri, 06 Dec 2024 13:55:38: Command message: 
INFO  @ Fri, 06 Dec 2024 13:55:38:   Welcome to RRA v 0.5.9. 
INFO  @ Fri, 06 Dec 2024 13:55:38:   Skipping gene NA for permutation ... 
INFO  @ Fri, 06 Dec 2024 13:55:38:   Skipping gene na for permutation ... 
INFO  @ Fri, 06 Dec 2024 13:55:38:   Reading input file... 
INFO  @ Fri, 06 Dec 2024 13:55:38:   Summary: 1068 sgRNAs, 230 genes, 1 lists; skipped sgRNAs:0 
INFO  @ Fri, 06 Dec 2024 13:55:38:   Computing lo-values for each group... 
INFO  @ Fri, 06 Dec 2024 13:55:38:   Computing false discovery rate... 
INFO  @ Fri, 06 Dec 2024 13:55:38:   Increase the number of permutations to 435 to get precise p values. To avoid this, use the --permutation option. 
INFO  @ Fri, 06 Dec 2024 13:55:38:   Permuting genes with 1 sgRNAs... 
INFO  @ Fri, 06 Dec 2024 13:55:38:   Permuting genes with 2 sgRNAs... 
INFO  @ Fri, 06 Dec 2024 13:55:38:   Permuting genes with 3 sgRNAs... 
INFO  @ Fri, 06 Dec 2024 13:55:38:   Permuting genes with 4 sgRNAs... 
INFO  @ Fri, 06 Dec 2024 13:55:38:   Permuting genes with 5 sgRNAs... 
INFO  @ Fri, 06 Dec 2024 13:55:38:   Permuting genes with 6 sgRNAs... 
INFO  @ Fri, 06 Dec 2024 13:55:38:   Permuting genes with 7 sgRNAs... 
INFO  @ Fri, 06 Dec 2024 13:55:38:   Permuting genes with 8 sgRNAs... 
INFO  @ Fri, 06 Dec 2024 13:55:38:   Permuting genes with 9 sgRNAs... 
INFO  @ Fri, 06 Dec 2024 13:55:38:   Permuting genes with 10 sgRNAs... 
INFO  @ Fri, 06 Dec 2024 13:55:38:   Permuting genes with 11 sgRNAs... 
INFO  @ Fri, 06 Dec 2024 13:55:38:   Permuting genes with 12 sgRNAs... 
INFO  @ Fri, 06 Dec 2024 13:55:38:   Permuting genes with 13 sgRNAs... 
INFO  @ Fri, 06 Dec 2024 13:55:38:   Permuting genes with 15 sgRNAs... 
INFO  @ Fri, 06 Dec 2024 13:55:38:   Permuting genes with 17 sgRNAs... 
INFO  @ Fri, 06 Dec 2024 13:55:38:   Permuting genes with 18 sgRNAs... 
INFO  @ Fri, 06 Dec 2024 13:55:38:   Permuting genes with 19 sgRNAs... 
INFO  @ Fri, 06 Dec 2024 13:55:38:   Permuting genes with 21 sgRNAs... 
INFO  @ Fri, 06 Dec 2024 13:55:38:   Permuting genes with 26 sgRNAs... 
INFO  @ Fri, 06 Dec 2024 13:55:38:   Permuting genes with 27 sgRNAs... 
INFO  @ Fri, 06 Dec 2024 13:55:38:   Permuting genes with 35 sgRNAs... 
INFO  @ Fri, 06 Dec 2024 13:55:38:   Permuting genes with 64 sgRNAs... 
INFO  @ Fri, 06 Dec 2024 13:55:38:   Number of genes under FDR adjustment: 230 
INFO  @ Fri, 06 Dec 2024 13:55:38:   Saving to output file... 
INFO  @ Fri, 06 Dec 2024 13:55:38:   RRA completed. 
INFO  @ Fri, 06 Dec 2024 13:55:38:   Groups deletion complete. 
INFO  @ Fri, 06 Dec 2024 13:55:38:   Lists deletion complete. 
INFO  @ Fri, 06 Dec 2024 13:55:38:    
INFO  @ Fri, 06 Dec 2024 13:55:38: End command message. 
DEBUG @ Fri, 06 Dec 2024 13:55:38: Sorting the merged items by negative selection... 
INFO  @ Fri, 06 Dec 2024 13:55:38: Loading top 10 genes from spleen_d5.gene.low.txt: Esr1,Notch1,Cd79a,Fgf4,Bcor,Asxl2,Rara,Dis3,Erbb2,Ctcf 
DEBUG @ Fri, 06 Dec 2024 13:55:38: Column index:3 
INFO  @ Fri, 06 Dec 2024 13:55:38: Loading top 10 genes from spleen_d5.gene.high.txt: ST,Ptprd,Fbxw7,Braf,Erg,Cdk12,Pax5,Abl1,Map2k4,Alk 
DEBUG @ Fri, 06 Dec 2024 13:55:38: Column index:9 
INFO  @ Fri, 06 Dec 2024 13:55:38: Running command: rm spleen_d5.plow.txt 
INFO  @ Fri, 06 Dec 2024 13:55:38: Running command: rm spleen_d5.phigh.txt 
INFO  @ Fri, 06 Dec 2024 13:55:38: Running command: rm spleen_d5.gene.low.txt 
INFO  @ Fri, 06 Dec 2024 13:55:38: Running command: rm spleen_d5.gene.high.txt 
